<?xml version="1.0" encoding="UTF-8"?>
<coverage generated="1558420680963" clover="3.2.0">
  <project timestamp="1558420680963" name="All files">
    <metrics statements="382" coveredstatements="358" conditionals="125" coveredconditionals="89" methods="158" coveredmethods="137" elements="665" coveredelements="584" complexity="0" loc="382" ncloc="382" packages="9" files="37" classes="37"/>
    <package name="src">
      <metrics statements="213" coveredstatements="199" conditionals="56" coveredconditionals="43" methods="91" coveredmethods="81"/>
      <file name="attributeBuilder.ts" path="/Users/nox/projects/@raynode/utils/gram/src/attributeBuilder.ts">
        <metrics statements="19" coveredstatements="19" conditionals="8" coveredconditionals="8" methods="6" coveredmethods="6"/>
        <line num="1" count="3" type="stmt"/>
        <line num="16" count="3" type="stmt"/>
        <line num="17" count="3" type="stmt"/>
        <line num="19" count="3" type="stmt"/>
        <line num="23" count="724" type="stmt"/>
        <line num="24" count="724" type="cond" truecount="2" falsecount="0"/>
        <line num="25" count="724" type="cond" truecount="2" falsecount="0"/>
        <line num="26" count="640" type="cond" truecount="2" falsecount="0"/>
        <line num="27" count="600" type="stmt"/>
        <line num="30" count="3" type="stmt"/>
        <line num="35" count="70" type="stmt"/>
        <line num="41" count="2" type="stmt"/>
        <line num="42" count="2" type="stmt"/>
        <line num="45" count="8" type="stmt"/>
        <line num="46" count="8" type="stmt"/>
        <line num="49" count="2" type="stmt"/>
        <line num="50" count="2" type="stmt"/>
        <line num="52" count="228" type="stmt"/>
        <line num="58" count="70" type="stmt"/>
      </file>
      <file name="createContextModel.ts" path="/Users/nox/projects/@raynode/utils/gram/src/createContextModel.ts">
        <metrics statements="38" coveredstatements="36" conditionals="8" coveredconditionals="8" methods="17" coveredmethods="15"/>
        <line num="1" count="3" type="stmt"/>
        <line num="11" count="3" type="stmt"/>
        <line num="12" count="3" type="stmt"/>
        <line num="13" count="3" type="stmt"/>
        <line num="15" count="3" type="stmt"/>
        <line num="26" count="3" type="stmt"/>
        <line num="27" count="3" type="stmt"/>
        <line num="30" count="3" type="stmt"/>
        <line num="37" count="57" type="stmt"/>
        <line num="38" count="50" type="stmt"/>
        <line num="41" count="228" type="stmt"/>
        <line num="42" count="228" type="stmt"/>
        <line num="47" count="57" type="stmt"/>
        <line num="48" count="57" type="stmt"/>
        <line num="49" count="57" type="stmt"/>
        <line num="51" count="57" type="stmt"/>
        <line num="53" count="247" type="stmt"/>
        <line num="54" count="247" type="stmt"/>
        <line num="56" count="20" type="stmt"/>
        <line num="63" count="104" type="stmt"/>
        <line num="65" count="16" type="stmt"/>
        <line num="67" count="16" type="stmt"/>
        <line num="69" count="20" type="stmt"/>
        <line num="71" count="16" type="stmt"/>
        <line num="73" count="16" type="stmt"/>
        <line num="75" count="20" type="stmt"/>
        <line num="78" count="92" type="stmt"/>
        <line num="81" count="16" type="stmt"/>
        <line num="84" count="16" type="stmt"/>
        <line num="85" count="16" type="stmt"/>
        <line num="88" count="0" type="stmt"/>
        <line num="90" count="50" type="stmt"/>
        <line num="99" count="28" type="stmt"/>
        <line num="100" count="28" type="stmt"/>
        <line num="103" count="22" type="stmt"/>
        <line num="108" count="0" type="stmt"/>
        <line num="113" count="26" type="stmt"/>
        <line num="117" count="57" type="stmt"/>
      </file>
      <file name="index.ts" path="/Users/nox/projects/@raynode/utils/gram/src/index.ts">
        <metrics statements="5" coveredstatements="5" conditionals="0" coveredconditionals="0" methods="0" coveredmethods="0"/>
        <line num="1" count="3" type="stmt"/>
        <line num="2" count="3" type="stmt"/>
        <line num="3" count="3" type="stmt"/>
        <line num="4" count="3" type="stmt"/>
        <line num="5" count="3" type="stmt"/>
      </file>
      <file name="modelBuilder.ts" path="/Users/nox/projects/@raynode/utils/gram/src/modelBuilder.ts">
        <metrics statements="45" coveredstatements="39" conditionals="10" coveredconditionals="6" methods="19" coveredmethods="16"/>
        <line num="2" count="3" type="stmt"/>
        <line num="4" count="3" type="stmt"/>
        <line num="5" count="3" type="stmt"/>
        <line num="16" count="3" type="stmt"/>
        <line num="17" count="3" type="stmt"/>
        <line num="19" count="3" type="stmt"/>
        <line num="20" count="26" type="stmt"/>
        <line num="21" count="26" type="stmt"/>
        <line num="33" count="3" type="stmt"/>
        <line num="38" count="26" type="stmt"/>
        <line num="39" count="57" type="stmt"/>
        <line num="40" count="26" type="stmt"/>
        <line num="41" count="26" type="stmt"/>
        <line num="42" count="26" type="stmt"/>
        <line num="43" count="26" type="stmt"/>
        <line num="56" count="26" type="stmt"/>
        <line num="59" count="56" type="stmt"/>
        <line num="60" count="0" type="stmt"/>
        <line num="62" count="14" type="stmt"/>
        <line num="63" count="14" type="stmt"/>
        <line num="65" count="57" type="stmt"/>
        <line num="73" count="70" type="cond" truecount="1" falsecount="1"/>
        <line num="74" count="0" type="stmt"/>
        <line num="77" count="70" type="stmt"/>
        <line num="84" count="57" type="stmt"/>
        <line num="90" count="57" type="cond" truecount="1" falsecount="1"/>
        <line num="91" count="57" type="cond" truecount="2" falsecount="0"/>
        <line num="92" count="57" type="stmt"/>
        <line num="96" count="57" type="stmt"/>
        <line num="97" count="162" type="stmt"/>
        <line num="98" count="57" type="stmt"/>
        <line num="99" count="22" type="stmt"/>
        <line num="101" count="22" type="stmt"/>
        <line num="102" count="85" type="cond" truecount="1" falsecount="1"/>
        <line num="105" count="57" type="stmt"/>
        <line num="106" count="57" type="stmt"/>
        <line num="108" count="197" type="stmt"/>
        <line num="111" count="0" type="stmt"/>
        <line num="112" count="0" type="stmt"/>
        <line num="115" count="9" type="stmt"/>
        <line num="116" count="9" type="stmt"/>
        <line num="119" count="0" type="stmt"/>
        <line num="120" count="0" type="stmt"/>
        <line num="122" count="22" type="stmt"/>
        <line num="124" count="26" type="stmt"/>
      </file>
      <file name="schemaBuilder.ts" path="/Users/nox/projects/@raynode/utils/gram/src/schemaBuilder.ts">
        <metrics statements="65" coveredstatements="62" conditionals="12" coveredconditionals="9" methods="22" coveredmethods="20"/>
        <line num="1" count="3" type="stmt"/>
        <line num="15" count="3" type="stmt"/>
        <line num="16" count="3" type="stmt"/>
        <line num="17" count="3" type="stmt"/>
        <line num="18" count="3" type="stmt"/>
        <line num="20" count="3" type="stmt"/>
        <line num="25" count="3" type="stmt"/>
        <line num="39" count="3" type="stmt"/>
        <line num="40" count="3" type="stmt"/>
        <line num="41" count="3" type="stmt"/>
        <line num="43" count="3" type="stmt"/>
        <line num="48" count="12" type="stmt"/>
        <line num="49" count="12" type="stmt"/>
        <line num="52" count="57" type="stmt"/>
        <line num="53" count="22" type="stmt"/>
        <line num="54" count="455" type="stmt"/>
        <line num="55" count="510" type="stmt"/>
        <line num="59" count="3" type="stmt"/>
        <line num="60" count="6" type="stmt"/>
        <line num="61" count="170" type="stmt"/>
        <line num="62" count="170" type="stmt"/>
        <line num="63" count="170" type="stmt"/>
        <line num="64" count="6" type="stmt"/>
        <line num="67" count="3" type="stmt"/>
        <line num="68" count="6" type="stmt"/>
        <line num="69" count="6" type="stmt"/>
        <line num="70" count="6" type="stmt"/>
        <line num="75" count="6" type="stmt"/>
        <line num="77" count="6" type="stmt"/>
        <line num="78" count="6" type="stmt"/>
        <line num="79" count="6" type="stmt"/>
        <line num="81" count="6" type="stmt"/>
        <line num="82" count="6" type="stmt"/>
        <line num="84" count="6" type="stmt"/>
        <line num="94" count="3" type="stmt"/>
        <line num="99" count="12" type="stmt"/>
        <line num="100" count="57" type="stmt"/>
        <line num="106" count="12" type="stmt"/>
        <line num="109" count="3" type="stmt"/>
        <line num="110" count="12" type="stmt"/>
        <line num="116" count="12" type="cond" truecount="2" falsecount="0"/>
        <line num="117" count="9" type="stmt"/>
        <line num="121" count="12" type="cond" truecount="2" falsecount="0"/>
        <line num="122" count="9" type="stmt"/>
        <line num="126" count="12" type="stmt"/>
        <line num="129" count="3" type="stmt"/>
        <line num="132" count="6" type="stmt"/>
        <line num="133" count="6" type="stmt"/>
        <line num="135" count="6" type="stmt"/>
        <line num="139" count="6" type="cond" truecount="1" falsecount="1"/>
        <line num="140" count="6" type="stmt"/>
        <line num="141" count="6" type="stmt"/>
        <line num="144" count="2" type="stmt"/>
        <line num="148" count="2" type="stmt"/>
        <line num="149" count="2" type="stmt"/>
        <line num="150" count="2" type="stmt"/>
        <line num="153" count="12" type="stmt"/>
        <line num="157" count="12" type="stmt"/>
        <line num="159" count="57" type="stmt"/>
        <line num="160" count="26" type="stmt"/>
        <line num="163" count="12" type="stmt"/>
        <line num="170" count="0" type="stmt"/>
        <line num="171" count="0" type="stmt"/>
        <line num="173" count="0" type="stmt"/>
        <line num="176" count="6" type="stmt"/>
      </file>
      <file name="utils.ts" path="/Users/nox/projects/@raynode/utils/gram/src/utils.ts">
        <metrics statements="41" coveredstatements="38" conditionals="18" coveredconditionals="12" methods="27" coveredmethods="24"/>
        <line num="1" count="3" type="stmt"/>
        <line num="12" count="3" type="stmt"/>
        <line num="14" count="3" type="stmt"/>
        <line num="27" count="26" type="stmt"/>
        <line num="29" count="208" type="cond" truecount="2" falsecount="0"/>
        <line num="32" count="3" type="stmt"/>
        <line num="33" count="171" type="stmt"/>
        <line num="40" count="3" type="stmt"/>
        <line num="44" count="36" type="stmt"/>
        <line num="47" count="171" type="stmt"/>
        <line num="51" count="3" type="stmt"/>
        <line num="60" count="12" type="stmt"/>
        <line num="62" count="36" type="stmt"/>
        <line num="73" count="3" type="stmt"/>
        <line num="79" count="70" type="cond" truecount="2" falsecount="0"/>
        <line num="80" count="494" type="cond" truecount="2" falsecount="0"/>
        <line num="81" count="216" type="stmt"/>
        <line num="86" count="3" type="stmt"/>
        <line num="87" count="164" type="stmt"/>
        <line num="89" count="3" type="stmt"/>
        <line num="92" count="0" type="cond" truecount="0" falsecount="2"/>
        <line num="94" count="3" type="stmt"/>
        <line num="97" count="22" type="cond" truecount="2" falsecount="0"/>
        <line num="99" count="3" type="stmt"/>
        <line num="103" count="48" type="stmt"/>
        <line num="109" count="3" type="stmt"/>
        <line num="112" count="464" type="stmt"/>
        <line num="114" count="3" type="stmt"/>
        <line num="124" count="72" type="stmt"/>
        <line num="128" count="496" type="stmt"/>
        <line num="137" count="3" type="stmt"/>
        <line num="146" count="3" type="stmt"/>
        <line num="150" count="9" type="stmt"/>
        <line num="151" count="48" type="cond" truecount="0" falsecount="1"/>
        <line num="152" count="48" type="stmt"/>
        <line num="153" count="0" type="stmt"/>
        <line num="154" count="0" type="stmt"/>
        <line num="159" count="3" type="stmt"/>
        <line num="163" count="15" type="stmt"/>
        <line num="165" count="88" type="stmt"/>
        <line num="168" count="88" type="stmt"/>
      </file>
    </package>
    <package name="src.data-types">
      <metrics statements="33" coveredstatements="33" conditionals="8" coveredconditionals="7" methods="10" coveredmethods="10"/>
      <file name="create.ts" path="/Users/nox/projects/@raynode/utils/gram/src/data-types/create.ts">
        <metrics statements="5" coveredstatements="5" conditionals="2" coveredconditionals="2" methods="2" coveredmethods="2"/>
        <line num="1" count="3" type="stmt"/>
        <line num="2" count="3" type="stmt"/>
        <line num="6" count="3" type="stmt"/>
        <line num="12" count="3" type="stmt"/>
        <line num="13" count="112" type="stmt"/>
      </file>
      <file name="data.ts" path="/Users/nox/projects/@raynode/utils/gram/src/data-types/data.ts">
        <metrics statements="5" coveredstatements="5" conditionals="2" coveredconditionals="2" methods="2" coveredmethods="2"/>
        <line num="1" count="3" type="stmt"/>
        <line num="8" count="3" type="stmt"/>
        <line num="9" count="3" type="stmt"/>
        <line num="11" count="3" type="stmt"/>
        <line num="12" count="112" type="stmt"/>
      </file>
      <file name="filter.ts" path="/Users/nox/projects/@raynode/utils/gram/src/data-types/filter.ts">
        <metrics statements="6" coveredstatements="6" conditionals="2" coveredconditionals="2" methods="2" coveredmethods="2"/>
        <line num="1" count="3" type="stmt"/>
        <line num="2" count="3" type="stmt"/>
        <line num="3" count="3" type="stmt"/>
        <line num="5" count="3" type="stmt"/>
        <line num="6" count="20" type="stmt"/>
        <line num="9" count="136" type="stmt"/>
      </file>
      <file name="index.ts" path="/Users/nox/projects/@raynode/utils/gram/src/data-types/index.ts">
        <metrics statements="6" coveredstatements="6" conditionals="0" coveredconditionals="0" methods="0" coveredmethods="0"/>
        <line num="1" count="3" type="stmt"/>
        <line num="2" count="3" type="stmt"/>
        <line num="3" count="3" type="stmt"/>
        <line num="4" count="3" type="stmt"/>
        <line num="5" count="3" type="stmt"/>
        <line num="6" count="3" type="stmt"/>
      </file>
      <file name="list.ts" path="/Users/nox/projects/@raynode/utils/gram/src/data-types/list.ts">
        <metrics statements="2" coveredstatements="2" conditionals="0" coveredconditionals="0" methods="1" coveredmethods="1"/>
        <line num="2" count="3" type="stmt"/>
        <line num="4" count="16" type="stmt"/>
      </file>
      <file name="page.ts" path="/Users/nox/projects/@raynode/utils/gram/src/data-types/page.ts">
        <metrics statements="3" coveredstatements="3" conditionals="0" coveredconditionals="0" methods="1" coveredmethods="1"/>
        <line num="1" count="3" type="stmt"/>
        <line num="2" count="3" type="stmt"/>
        <line num="4" count="16" type="stmt"/>
      </file>
      <file name="where.ts" path="/Users/nox/projects/@raynode/utils/gram/src/data-types/where.ts">
        <metrics statements="6" coveredstatements="6" conditionals="2" coveredconditionals="1" methods="2" coveredmethods="2"/>
        <line num="1" count="3" type="stmt"/>
        <line num="2" count="3" type="stmt"/>
        <line num="3" count="3" type="stmt"/>
        <line num="5" count="3" type="stmt"/>
        <line num="6" count="20" type="stmt"/>
        <line num="9" count="136" type="stmt"/>
      </file>
    </package>
    <package name="src.event-types">
      <metrics statements="4" coveredstatements="4" conditionals="0" coveredconditionals="0" methods="3" coveredmethods="3"/>
      <file name="index.ts" path="/Users/nox/projects/@raynode/utils/gram/src/event-types/index.ts">
        <metrics statements="4" coveredstatements="4" conditionals="0" coveredconditionals="0" methods="3" coveredmethods="3"/>
        <line num="1" count="3" type="stmt"/>
        <line num="3" count="16" type="stmt"/>
        <line num="8" count="16" type="stmt"/>
        <line num="13" count="16" type="stmt"/>
      </file>
    </package>
    <package name="src.field-reducers">
      <metrics statements="6" coveredstatements="6" conditionals="16" coveredconditionals="16" methods="3" coveredmethods="3"/>
      <file name="index.ts" path="/Users/nox/projects/@raynode/utils/gram/src/field-reducers/index.ts">
        <metrics statements="6" coveredstatements="6" conditionals="16" coveredconditionals="16" methods="3" coveredmethods="3"/>
        <line num="1" count="3" type="stmt"/>
        <line num="2" count="3" type="stmt"/>
        <line num="3" count="3" type="stmt"/>
        <line num="5" count="57" type="stmt"/>
        <line num="17" count="57" type="stmt"/>
        <line num="26" count="57" type="stmt"/>
      </file>
    </package>
    <package name="src.field-types">
      <metrics statements="30" coveredstatements="29" conditionals="6" coveredconditionals="6" methods="10" coveredmethods="9"/>
      <file name="create.ts" path="/Users/nox/projects/@raynode/utils/gram/src/field-types/create.ts">
        <metrics statements="5" coveredstatements="5" conditionals="0" coveredconditionals="0" methods="2" coveredmethods="2"/>
        <line num="1" count="3" type="stmt"/>
        <line num="2" count="3" type="stmt"/>
        <line num="3" count="3" type="stmt"/>
        <line num="5" count="16" type="stmt"/>
        <line num="13" count="2" type="stmt"/>
      </file>
      <file name="find-many.ts" path="/Users/nox/projects/@raynode/utils/gram/src/field-types/find-many.ts">
        <metrics statements="5" coveredstatements="5" conditionals="4" coveredconditionals="4" methods="2" coveredmethods="2"/>
        <line num="1" count="3" type="stmt"/>
        <line num="2" count="3" type="stmt"/>
        <line num="3" count="3" type="stmt"/>
        <line num="5" count="16" type="stmt"/>
        <line num="15" count="1" type="stmt"/>
      </file>
      <file name="find-one.ts" path="/Users/nox/projects/@raynode/utils/gram/src/field-types/find-one.ts">
        <metrics statements="5" coveredstatements="5" conditionals="2" coveredconditionals="2" methods="2" coveredmethods="2"/>
        <line num="1" count="3" type="stmt"/>
        <line num="2" count="3" type="stmt"/>
        <line num="3" count="3" type="stmt"/>
        <line num="5" count="20" type="stmt"/>
        <line num="14" count="3" type="stmt"/>
      </file>
      <file name="index.ts" path="/Users/nox/projects/@raynode/utils/gram/src/field-types/index.ts">
        <metrics statements="5" coveredstatements="5" conditionals="0" coveredconditionals="0" methods="0" coveredmethods="0"/>
        <line num="1" count="3" type="stmt"/>
        <line num="2" count="3" type="stmt"/>
        <line num="3" count="3" type="stmt"/>
        <line num="4" count="3" type="stmt"/>
        <line num="5" count="3" type="stmt"/>
      </file>
      <file name="remove.ts" path="/Users/nox/projects/@raynode/utils/gram/src/field-types/remove.ts">
        <metrics statements="5" coveredstatements="5" conditionals="0" coveredconditionals="0" methods="2" coveredmethods="2"/>
        <line num="1" count="3" type="stmt"/>
        <line num="2" count="3" type="stmt"/>
        <line num="3" count="3" type="stmt"/>
        <line num="5" count="16" type="stmt"/>
        <line num="13" count="1" type="stmt"/>
      </file>
      <file name="update.ts" path="/Users/nox/projects/@raynode/utils/gram/src/field-types/update.ts">
        <metrics statements="5" coveredstatements="4" conditionals="0" coveredconditionals="0" methods="2" coveredmethods="1"/>
        <line num="1" count="3" type="stmt"/>
        <line num="2" count="3" type="stmt"/>
        <line num="3" count="3" type="stmt"/>
        <line num="5" count="16" type="stmt"/>
        <line num="16" count="0" type="stmt"/>
      </file>
    </package>
    <package name="src.input-types">
      <metrics statements="36" coveredstatements="35" conditionals="4" coveredconditionals="1" methods="13" coveredmethods="12"/>
      <file name="create.ts" path="/Users/nox/projects/@raynode/utils/gram/src/input-types/create.ts">
        <metrics statements="3" coveredstatements="3" conditionals="0" coveredconditionals="0" methods="1" coveredmethods="1"/>
        <line num="1" count="3" type="stmt"/>
        <line num="3" count="3" type="stmt"/>
        <line num="5" count="16" type="stmt"/>
      </file>
      <file name="data.ts" path="/Users/nox/projects/@raynode/utils/gram/src/input-types/data.ts">
        <metrics statements="3" coveredstatements="3" conditionals="0" coveredconditionals="0" methods="1" coveredmethods="1"/>
        <line num="1" count="3" type="stmt"/>
        <line num="3" count="3" type="stmt"/>
        <line num="5" count="16" type="stmt"/>
      </file>
      <file name="filter.ts" path="/Users/nox/projects/@raynode/utils/gram/src/input-types/filter.ts">
        <metrics statements="3" coveredstatements="3" conditionals="0" coveredconditionals="0" methods="1" coveredmethods="1"/>
        <line num="1" count="3" type="stmt"/>
        <line num="3" count="3" type="stmt"/>
        <line num="5" count="20" type="stmt"/>
      </file>
      <file name="index.ts" path="/Users/nox/projects/@raynode/utils/gram/src/input-types/index.ts">
        <metrics statements="6" coveredstatements="6" conditionals="0" coveredconditionals="0" methods="0" coveredmethods="0"/>
        <line num="1" count="3" type="stmt"/>
        <line num="2" count="3" type="stmt"/>
        <line num="3" count="3" type="stmt"/>
        <line num="4" count="3" type="stmt"/>
        <line num="5" count="3" type="stmt"/>
        <line num="6" count="3" type="stmt"/>
      </file>
      <file name="order.ts" path="/Users/nox/projects/@raynode/utils/gram/src/input-types/order.ts">
        <metrics statements="15" coveredstatements="14" conditionals="4" coveredconditionals="1" methods="8" coveredmethods="7"/>
        <line num="1" count="3" type="stmt"/>
        <line num="2" count="3" type="stmt"/>
        <line num="3" count="3" type="stmt"/>
        <line num="5" count="3" type="stmt"/>
        <line num="10" count="3" type="stmt"/>
        <line num="11" count="24" type="stmt"/>
        <line num="13" count="0" type="cond" truecount="0" falsecount="2"/>
        <line num="15" count="24" type="cond" truecount="1" falsecount="1"/>
        <line num="20" count="3" type="stmt"/>
        <line num="21" count="20" type="stmt"/>
        <line num="25" count="136" type="stmt"/>
        <line num="27" count="136" type="stmt"/>
        <line num="28" count="272" type="stmt"/>
        <line num="33" count="3" type="stmt"/>
        <line num="35" count="20" type="stmt"/>
      </file>
      <file name="page.ts" path="/Users/nox/projects/@raynode/utils/gram/src/input-types/page.ts">
        <metrics statements="3" coveredstatements="3" conditionals="0" coveredconditionals="0" methods="1" coveredmethods="1"/>
        <line num="1" count="3" type="stmt"/>
        <line num="3" count="3" type="stmt"/>
        <line num="5" count="16" type="stmt"/>
      </file>
      <file name="where.ts" path="/Users/nox/projects/@raynode/utils/gram/src/input-types/where.ts">
        <metrics statements="3" coveredstatements="3" conditionals="0" coveredconditionals="0" methods="1" coveredmethods="1"/>
        <line num="1" count="3" type="stmt"/>
        <line num="3" count="3" type="stmt"/>
        <line num="5" count="20" type="stmt"/>
      </file>
    </package>
    <package name="src.strategies">
      <metrics statements="29" coveredstatements="29" conditionals="18" coveredconditionals="14" methods="12" coveredmethods="12"/>
      <file name="filter.ts" path="/Users/nox/projects/@raynode/utils/gram/src/strategies/filter.ts">
        <metrics statements="27" coveredstatements="27" conditionals="18" coveredconditionals="14" methods="11" coveredmethods="11"/>
        <line num="1" count="3" type="stmt"/>
        <line num="18" count="3" type="stmt"/>
        <line num="20" count="3" type="stmt"/>
        <line num="23" count="304" type="cond" truecount="2" falsecount="0"/>
        <line num="25" count="3" type="stmt"/>
        <line num="27" count="304" type="cond" truecount="2" falsecount="0"/>
        <line num="34" count="3" type="stmt"/>
        <line num="36" count="190" type="stmt"/>
        <line num="37" count="3" type="stmt"/>
        <line num="39" count="250" type="stmt"/>
        <line num="40" count="3" type="stmt"/>
        <line num="42" count="228" type="stmt"/>
        <line num="43" count="3" type="stmt"/>
        <line num="45" count="214" type="stmt"/>
        <line num="46" count="3" type="stmt"/>
        <line num="48" count="228" type="stmt"/>
        <line num="50" count="3" type="stmt"/>
        <line num="51" count="250" type="cond" truecount="3" falsecount="0"/>
        <line num="52" count="3" type="stmt"/>
        <line num="53" count="250" type="cond" truecount="3" falsecount="0"/>
        <line num="55" count="3" type="stmt"/>
        <line num="62" count="3" type="stmt"/>
        <line num="66" count="250" type="stmt"/>
        <line num="69" count="250" type="stmt"/>
        <line num="74" count="250" type="stmt"/>
        <line num="76" count="250" type="stmt"/>
        <line num="78" count="1000" type="cond" truecount="2" falsecount="0"/>
      </file>
      <file name="naming.ts" path="/Users/nox/projects/@raynode/utils/gram/src/strategies/naming.ts">
        <metrics statements="2" coveredstatements="2" conditionals="0" coveredconditionals="0" methods="1" coveredmethods="1"/>
        <line num="1" count="3" type="stmt"/>
        <line num="16" count="57" type="stmt"/>
      </file>
    </package>
    <package name="src.strategies.filters">
      <metrics statements="14" coveredstatements="12" conditionals="2" coveredconditionals="0" methods="10" coveredmethods="6"/>
      <file name="equals.ts" path="/Users/nox/projects/@raynode/utils/gram/src/strategies/filters/equals.ts">
        <metrics statements="1" coveredstatements="1" conditionals="0" coveredconditionals="0" methods="1" coveredmethods="1"/>
        <line num="2" count="114" type="stmt"/>
      </file>
      <file name="index.ts" path="/Users/nox/projects/@raynode/utils/gram/src/strategies/filters/index.ts">
        <metrics statements="10" coveredstatements="8" conditionals="2" coveredconditionals="0" methods="6" coveredmethods="3"/>
        <line num="3" count="3" type="stmt"/>
        <line num="4" count="3" type="stmt"/>
        <line num="5" count="3" type="stmt"/>
        <line num="6" count="3" type="stmt"/>
        <line num="8" count="6" type="stmt"/>
        <line num="13" count="104" type="stmt"/>
        <line num="14" count="208" type="stmt"/>
        <line num="18" count="3" type="stmt"/>
        <line num="20" count="0" type="stmt"/>
        <line num="21" count="0" type="cond" truecount="0" falsecount="2"/>
      </file>
      <file name="list.ts" path="/Users/nox/projects/@raynode/utils/gram/src/strategies/filters/list.ts">
        <metrics statements="1" coveredstatements="1" conditionals="0" coveredconditionals="0" methods="1" coveredmethods="0"/>
        <line num="2" count="3" type="stmt"/>
      </file>
      <file name="numeric.ts" path="/Users/nox/projects/@raynode/utils/gram/src/strategies/filters/numeric.ts">
        <metrics statements="1" coveredstatements="1" conditionals="0" coveredconditionals="0" methods="1" coveredmethods="1"/>
        <line num="2" count="24" type="stmt"/>
      </file>
      <file name="record.ts" path="/Users/nox/projects/@raynode/utils/gram/src/strategies/filters/record.ts">
        <metrics statements="1" coveredstatements="1" conditionals="0" coveredconditionals="0" methods="1" coveredmethods="1"/>
        <line num="2" count="80" type="stmt"/>
      </file>
    </package>
    <package name="src.types">
      <metrics statements="17" coveredstatements="11" conditionals="15" coveredconditionals="2" methods="6" coveredmethods="1"/>
      <file name="constants.ts" path="/Users/nox/projects/@raynode/utils/gram/src/types/constants.ts">
        <metrics statements="3" coveredstatements="3" conditionals="0" coveredconditionals="0" methods="0" coveredmethods="0"/>
        <line num="2" count="3" type="stmt"/>
        <line num="3" count="3" type="stmt"/>
        <line num="4" count="3" type="stmt"/>
      </file>
      <file name="guards.ts" path="/Users/nox/projects/@raynode/utils/gram/src/types/guards.ts">
        <metrics statements="14" coveredstatements="8" conditionals="15" coveredconditionals="2" methods="6" coveredmethods="1"/>
        <line num="1" count="3" type="stmt"/>
        <line num="9" count="3" type="stmt"/>
        <line num="15" count="3" type="stmt"/>
        <line num="16" count="0" type="cond" truecount="0" falsecount="2"/>
        <line num="17" count="3" type="stmt"/>
        <line num="20" count="0" type="cond" truecount="0" falsecount="2"/>
        <line num="21" count="3" type="stmt"/>
        <line num="24" count="0" type="cond" truecount="0" falsecount="2"/>
        <line num="25" count="3" type="stmt"/>
        <line num="28" count="0" type="cond" truecount="0" falsecount="2"/>
        <line num="30" count="3" type="stmt"/>
        <line num="31" count="12" type="cond" truecount="2" falsecount="2"/>
        <line num="32" count="0" type="stmt"/>
        <line num="34" count="0" type="cond" truecount="0" falsecount="3"/>
      </file>
    </package>
  </project>
</coverage>
