<?xml version="1.0" encoding="UTF-8"?>
<coverage generated="1557315056860" clover="3.2.0">
  <project timestamp="1557315056860" name="All files">
    <metrics statements="351" coveredstatements="324" conditionals="122" coveredconditionals="98" methods="122" coveredmethods="104" elements="595" coveredelements="526" complexity="0" loc="351" ncloc="351" packages="8" files="38" classes="38"/>
    <package name="src">
      <metrics statements="161" coveredstatements="151" conditionals="50" coveredconditionals="44" methods="56" coveredmethods="50"/>
      <file name="attributeBuilder.ts" path="/Users/nox/projects/@raynode/utils/gram/src/attributeBuilder.ts">
        <metrics statements="21" coveredstatements="21" conditionals="8" coveredconditionals="8" methods="6" coveredmethods="6"/>
        <line num="2" count="2" type="stmt"/>
        <line num="17" count="2" type="stmt"/>
        <line num="18" count="2" type="stmt"/>
        <line num="20" count="2" type="stmt"/>
        <line num="24" count="641" type="stmt"/>
        <line num="25" count="641" type="cond" truecount="2" falsecount="0"/>
        <line num="26" count="641" type="cond" truecount="2" falsecount="0"/>
        <line num="27" count="84" type="stmt"/>
        <line num="28" count="557" type="cond" truecount="2" falsecount="0"/>
        <line num="29" count="40" type="stmt"/>
        <line num="30" count="517" type="stmt"/>
        <line num="33" count="2" type="stmt"/>
        <line num="38" count="62" type="stmt"/>
        <line num="44" count="2" type="stmt"/>
        <line num="45" count="2" type="stmt"/>
        <line num="48" count="6" type="stmt"/>
        <line num="49" count="6" type="stmt"/>
        <line num="52" count="2" type="stmt"/>
        <line num="53" count="2" type="stmt"/>
        <line num="55" count="193" type="stmt"/>
        <line num="61" count="62" type="stmt"/>
      </file>
      <file name="createContextModel.ts" path="/Users/nox/projects/@raynode/utils/gram/src/createContextModel.ts">
        <metrics statements="37" coveredstatements="35" conditionals="8" coveredconditionals="8" methods="17" coveredmethods="15"/>
        <line num="2" count="2" type="stmt"/>
        <line num="12" count="2" type="stmt"/>
        <line num="13" count="2" type="stmt"/>
        <line num="14" count="2" type="stmt"/>
        <line num="16" count="2" type="stmt"/>
        <line num="19" count="2" type="stmt"/>
        <line num="20" count="2" type="stmt"/>
        <line num="23" count="2" type="stmt"/>
        <line num="30" count="46" type="stmt"/>
        <line num="31" count="43" type="stmt"/>
        <line num="32" count="193" type="stmt"/>
        <line num="33" count="193" type="stmt"/>
        <line num="36" count="46" type="stmt"/>
        <line num="37" count="46" type="stmt"/>
        <line num="38" count="46" type="stmt"/>
        <line num="40" count="46" type="stmt"/>
        <line num="42" count="202" type="stmt"/>
        <line num="43" count="202" type="stmt"/>
        <line num="45" count="16" type="stmt"/>
        <line num="52" count="96" type="stmt"/>
        <line num="53" count="16" type="cond" truecount="6" falsecount="0"/>
        <line num="54" count="16" type="stmt"/>
        <line num="55" count="16" type="stmt"/>
        <line num="56" count="16" type="stmt"/>
        <line num="57" count="16" type="stmt"/>
        <line num="58" count="16" type="stmt"/>
        <line num="61" count="80" type="stmt"/>
        <line num="62" count="16" type="stmt"/>
        <line num="64" count="16" type="stmt"/>
        <line num="65" count="16" type="stmt"/>
        <line num="67" count="0" type="stmt"/>
        <line num="68" count="43" type="stmt"/>
        <line num="77" count="25" type="stmt"/>
        <line num="78" count="25" type="stmt"/>
        <line num="83" count="0" type="stmt"/>
        <line num="87" count="20" type="stmt"/>
        <line num="90" count="46" type="stmt"/>
      </file>
      <file name="index.ts" path="/Users/nox/projects/@raynode/utils/gram/src/index.ts">
        <metrics statements="5" coveredstatements="5" conditionals="0" coveredconditionals="0" methods="0" coveredmethods="0"/>
        <line num="2" count="2" type="stmt"/>
        <line num="3" count="2" type="stmt"/>
        <line num="4" count="2" type="stmt"/>
        <line num="5" count="2" type="stmt"/>
        <line num="6" count="2" type="stmt"/>
      </file>
      <file name="modelBuilder.ts" path="/Users/nox/projects/@raynode/utils/gram/src/modelBuilder.ts">
        <metrics statements="42" coveredstatements="35" conditionals="26" coveredconditionals="23" methods="17" coveredmethods="14"/>
        <line num="2" count="2" type="stmt"/>
        <line num="3" count="2" type="stmt"/>
        <line num="5" count="2" type="stmt"/>
        <line num="6" count="2" type="stmt"/>
        <line num="8" count="2" type="stmt"/>
        <line num="10" count="15" type="stmt"/>
        <line num="21" count="2" type="stmt"/>
        <line num="26" count="15" type="stmt"/>
        <line num="27" count="46" type="stmt"/>
        <line num="28" count="15" type="stmt"/>
        <line num="29" count="15" type="stmt"/>
        <line num="30" count="15" type="stmt"/>
        <line num="31" count="15" type="cond" truecount="1" falsecount="1"/>
        <line num="42" count="15" type="stmt"/>
        <line num="45" count="50" type="stmt"/>
        <line num="46" count="0" type="stmt"/>
        <line num="48" count="8" type="stmt"/>
        <line num="49" count="8" type="stmt"/>
        <line num="51" count="138" type="stmt"/>
        <line num="53" count="62" type="cond" truecount="1" falsecount="1"/>
        <line num="54" count="0" type="stmt"/>
        <line num="55" count="62" type="stmt"/>
        <line num="57" count="873" type="cond" truecount="2" falsecount="0"/>
        <line num="60" count="216" type="stmt"/>
        <line num="63" count="46" type="stmt"/>
        <line num="64" count="46" type="cond" truecount="1" falsecount="1"/>
        <line num="65" count="0" type="stmt"/>
        <line num="66" count="46" type="cond" truecount="2" falsecount="0"/>
        <line num="67" count="20" type="stmt"/>
        <line num="68" count="46" type="stmt"/>
        <line num="71" count="46" type="stmt"/>
        <line num="72" count="202" type="stmt"/>
        <line num="73" count="46" type="stmt"/>
        <line num="74" count="46" type="stmt"/>
        <line num="75" count="108" type="stmt"/>
        <line num="77" count="0" type="stmt"/>
        <line num="78" count="0" type="stmt"/>
        <line num="81" count="3" type="stmt"/>
        <line num="82" count="3" type="stmt"/>
        <line num="85" count="0" type="stmt"/>
        <line num="86" count="0" type="stmt"/>
        <line num="89" count="15" type="stmt"/>
      </file>
      <file name="schemaBuilder.ts" path="/Users/nox/projects/@raynode/utils/gram/src/schemaBuilder.ts">
        <metrics statements="43" coveredstatements="42" conditionals="3" coveredconditionals="2" methods="9" coveredmethods="8"/>
        <line num="2" count="2" type="stmt"/>
        <line num="15" count="2" type="stmt"/>
        <line num="16" count="2" type="stmt"/>
        <line num="28" count="2" type="stmt"/>
        <line num="29" count="2" type="stmt"/>
        <line num="30" count="2" type="stmt"/>
        <line num="32" count="2" type="stmt"/>
        <line num="33" count="10" type="stmt"/>
        <line num="34" count="10" type="stmt"/>
        <line num="37" count="46" type="stmt"/>
        <line num="38" count="438" type="stmt"/>
        <line num="44" count="2" type="stmt"/>
        <line num="46" count="4" type="stmt"/>
        <line num="47" count="7" type="stmt"/>
        <line num="48" count="7" type="stmt"/>
        <line num="49" count="7" type="stmt"/>
        <line num="50" count="7" type="stmt"/>
        <line num="51" count="7" type="stmt"/>
        <line num="54" count="4" type="stmt"/>
        <line num="55" count="4" type="stmt"/>
        <line num="56" count="4" type="stmt"/>
        <line num="58" count="4" type="stmt"/>
        <line num="60" count="4" type="stmt"/>
        <line num="61" count="4" type="stmt"/>
        <line num="62" count="4" type="stmt"/>
        <line num="64" count="4" type="stmt"/>
        <line num="65" count="4" type="stmt"/>
        <line num="67" count="4" type="stmt"/>
        <line num="73" count="4" type="stmt"/>
        <line num="77" count="3" type="cond" truecount="1" falsecount="1"/>
        <line num="78" count="3" type="stmt"/>
        <line num="79" count="3" type="stmt"/>
        <line num="82" count="0" type="stmt"/>
        <line num="84" count="10" type="stmt"/>
        <line num="85" count="46" type="stmt"/>
        <line num="87" count="10" type="stmt"/>
        <line num="88" count="10" type="stmt"/>
        <line num="89" count="10" type="stmt"/>
        <line num="91" count="10" type="stmt"/>
        <line num="92" count="10" type="stmt"/>
        <line num="93" count="10" type="stmt"/>
        <line num="95" count="10" type="stmt"/>
        <line num="112" count="4" type="stmt"/>
      </file>
      <file name="utils.ts" path="/Users/nox/projects/@raynode/utils/gram/src/utils.ts">
        <metrics statements="13" coveredstatements="13" conditionals="5" coveredconditionals="3" methods="7" coveredmethods="7"/>
        <line num="2" count="2" type="stmt"/>
        <line num="8" count="2" type="stmt"/>
        <line num="10" count="2" type="stmt"/>
        <line num="13" count="2" type="stmt"/>
        <line num="14" count="164" type="stmt"/>
        <line num="16" count="2" type="stmt"/>
        <line num="17" count="22" type="cond" truecount="2" falsecount="0"/>
        <line num="19" count="2" type="stmt"/>
        <line num="21" count="428" type="stmt"/>
        <line num="23" count="2" type="stmt"/>
        <line num="32" count="64" type="stmt"/>
        <line num="33" count="448" type="stmt"/>
        <line num="37" count="2" type="stmt"/>
      </file>
    </package>
    <package name="src.data-types">
      <metrics statements="31" coveredstatements="31" conditionals="8" coveredconditionals="7" methods="10" coveredmethods="10"/>
      <file name="create.ts" path="/Users/nox/projects/@raynode/utils/gram/src/data-types/create.ts">
        <metrics statements="5" coveredstatements="5" conditionals="2" coveredconditionals="2" methods="2" coveredmethods="2"/>
        <line num="2" count="2" type="stmt"/>
        <line num="3" count="2" type="stmt"/>
        <line num="7" count="2" type="stmt"/>
        <line num="9" count="2" type="stmt"/>
        <line num="10" count="112" type="stmt"/>
      </file>
      <file name="data.ts" path="/Users/nox/projects/@raynode/utils/gram/src/data-types/data.ts">
        <metrics statements="5" coveredstatements="5" conditionals="2" coveredconditionals="2" methods="2" coveredmethods="2"/>
        <line num="2" count="2" type="stmt"/>
        <line num="3" count="2" type="stmt"/>
        <line num="5" count="2" type="stmt"/>
        <line num="7" count="2" type="stmt"/>
        <line num="8" count="112" type="stmt"/>
      </file>
      <file name="filter.ts" path="/Users/nox/projects/@raynode/utils/gram/src/data-types/filter.ts">
        <metrics statements="5" coveredstatements="5" conditionals="2" coveredconditionals="2" methods="2" coveredmethods="2"/>
        <line num="2" count="2" type="stmt"/>
        <line num="3" count="2" type="stmt"/>
        <line num="4" count="2" type="stmt"/>
        <line num="6" count="2" type="stmt"/>
        <line num="7" count="112" type="stmt"/>
      </file>
      <file name="index.ts" path="/Users/nox/projects/@raynode/utils/gram/src/data-types/index.ts">
        <metrics statements="6" coveredstatements="6" conditionals="0" coveredconditionals="0" methods="0" coveredmethods="0"/>
        <line num="2" count="2" type="stmt"/>
        <line num="3" count="2" type="stmt"/>
        <line num="4" count="2" type="stmt"/>
        <line num="5" count="2" type="stmt"/>
        <line num="6" count="2" type="stmt"/>
        <line num="7" count="2" type="stmt"/>
      </file>
      <file name="list.ts" path="/Users/nox/projects/@raynode/utils/gram/src/data-types/list.ts">
        <metrics statements="2" coveredstatements="2" conditionals="0" coveredconditionals="0" methods="1" coveredmethods="1"/>
        <line num="3" count="2" type="stmt"/>
        <line num="5" count="16" type="stmt"/>
      </file>
      <file name="page.ts" path="/Users/nox/projects/@raynode/utils/gram/src/data-types/page.ts">
        <metrics statements="3" coveredstatements="3" conditionals="0" coveredconditionals="0" methods="1" coveredmethods="1"/>
        <line num="2" count="2" type="stmt"/>
        <line num="3" count="2" type="stmt"/>
        <line num="5" count="16" type="stmt"/>
      </file>
      <file name="where.ts" path="/Users/nox/projects/@raynode/utils/gram/src/data-types/where.ts">
        <metrics statements="5" coveredstatements="5" conditionals="2" coveredconditionals="1" methods="2" coveredmethods="2"/>
        <line num="2" count="2" type="stmt"/>
        <line num="3" count="2" type="stmt"/>
        <line num="4" count="2" type="stmt"/>
        <line num="6" count="2" type="stmt"/>
        <line num="7" count="112" type="stmt"/>
      </file>
    </package>
    <package name="src.event-types">
      <metrics statements="15" coveredstatements="9" conditionals="0" coveredconditionals="0" methods="9" coveredmethods="3"/>
      <file name="create.ts" path="/Users/nox/projects/@raynode/utils/gram/src/event-types/create.ts">
        <metrics statements="4" coveredstatements="2" conditionals="0" coveredconditionals="0" methods="3" coveredmethods="1"/>
        <line num="2" count="2" type="stmt"/>
        <line num="5" count="16" type="stmt"/>
        <line num="6" count="0" type="stmt"/>
        <line num="7" count="0" type="stmt"/>
      </file>
      <file name="index.ts" path="/Users/nox/projects/@raynode/utils/gram/src/event-types/index.ts">
        <metrics statements="3" coveredstatements="3" conditionals="0" coveredconditionals="0" methods="0" coveredmethods="0"/>
        <line num="2" count="2" type="stmt"/>
        <line num="3" count="2" type="stmt"/>
        <line num="4" count="2" type="stmt"/>
      </file>
      <file name="remove.ts" path="/Users/nox/projects/@raynode/utils/gram/src/event-types/remove.ts">
        <metrics statements="4" coveredstatements="2" conditionals="0" coveredconditionals="0" methods="3" coveredmethods="1"/>
        <line num="4" count="2" type="stmt"/>
        <line num="6" count="16" type="stmt"/>
        <line num="7" count="0" type="stmt"/>
        <line num="8" count="0" type="stmt"/>
      </file>
      <file name="update.ts" path="/Users/nox/projects/@raynode/utils/gram/src/event-types/update.ts">
        <metrics statements="4" coveredstatements="2" conditionals="0" coveredconditionals="0" methods="3" coveredmethods="1"/>
        <line num="4" count="2" type="stmt"/>
        <line num="6" count="16" type="stmt"/>
        <line num="7" count="0" type="stmt"/>
        <line num="8" count="0" type="stmt"/>
      </file>
    </package>
    <package name="src.field-reducers">
      <metrics statements="37" coveredstatements="37" conditionals="22" coveredconditionals="22" methods="6" coveredmethods="6"/>
      <file name="index.ts" path="/Users/nox/projects/@raynode/utils/gram/src/field-reducers/index.ts">
        <metrics statements="3" coveredstatements="3" conditionals="0" coveredconditionals="0" methods="0" coveredmethods="0"/>
        <line num="2" count="2" type="stmt"/>
        <line num="3" count="2" type="stmt"/>
        <line num="4" count="2" type="stmt"/>
      </file>
      <file name="mutation.ts" path="/Users/nox/projects/@raynode/utils/gram/src/field-reducers/mutation.ts">
        <metrics statements="12" coveredstatements="12" conditionals="8" coveredconditionals="8" methods="2" coveredmethods="2"/>
        <line num="5" count="2" type="stmt"/>
        <line num="11" count="10" type="stmt"/>
        <line num="15" count="46" type="cond" truecount="2" falsecount="0"/>
        <line num="16" count="20" type="stmt"/>
        <line num="17" count="26" type="stmt"/>
        <line num="18" count="26" type="cond" truecount="2" falsecount="0"/>
        <line num="19" count="16" type="stmt"/>
        <line num="20" count="26" type="cond" truecount="2" falsecount="0"/>
        <line num="21" count="16" type="stmt"/>
        <line num="22" count="26" type="cond" truecount="2" falsecount="0"/>
        <line num="23" count="16" type="stmt"/>
        <line num="24" count="26" type="stmt"/>
      </file>
      <file name="query.ts" path="/Users/nox/projects/@raynode/utils/gram/src/field-reducers/query.ts">
        <metrics statements="10" coveredstatements="10" conditionals="6" coveredconditionals="6" methods="2" coveredmethods="2"/>
        <line num="5" count="2" type="stmt"/>
        <line num="10" count="10" type="stmt"/>
        <line num="14" count="46" type="cond" truecount="2" falsecount="0"/>
        <line num="15" count="20" type="stmt"/>
        <line num="16" count="26" type="stmt"/>
        <line num="17" count="26" type="cond" truecount="2" falsecount="0"/>
        <line num="18" count="16" type="stmt"/>
        <line num="19" count="26" type="cond" truecount="2" falsecount="0"/>
        <line num="20" count="16" type="stmt"/>
        <line num="21" count="26" type="stmt"/>
      </file>
      <file name="subscription.ts" path="/Users/nox/projects/@raynode/utils/gram/src/field-reducers/subscription.ts">
        <metrics statements="12" coveredstatements="12" conditionals="8" coveredconditionals="8" methods="2" coveredmethods="2"/>
        <line num="5" count="2" type="stmt"/>
        <line num="11" count="10" type="stmt"/>
        <line num="15" count="46" type="cond" truecount="2" falsecount="0"/>
        <line num="16" count="20" type="stmt"/>
        <line num="17" count="26" type="stmt"/>
        <line num="18" count="26" type="cond" truecount="2" falsecount="0"/>
        <line num="19" count="16" type="stmt"/>
        <line num="20" count="26" type="cond" truecount="2" falsecount="0"/>
        <line num="21" count="16" type="stmt"/>
        <line num="22" count="26" type="cond" truecount="2" falsecount="0"/>
        <line num="23" count="16" type="stmt"/>
        <line num="24" count="26" type="stmt"/>
      </file>
    </package>
    <package name="src.field-types">
      <metrics statements="30" coveredstatements="29" conditionals="6" coveredconditionals="6" methods="10" coveredmethods="9"/>
      <file name="create.ts" path="/Users/nox/projects/@raynode/utils/gram/src/field-types/create.ts">
        <metrics statements="5" coveredstatements="5" conditionals="0" coveredconditionals="0" methods="2" coveredmethods="2"/>
        <line num="2" count="2" type="stmt"/>
        <line num="3" count="2" type="stmt"/>
        <line num="4" count="2" type="stmt"/>
        <line num="6" count="16" type="stmt"/>
        <line num="11" count="2" type="stmt"/>
      </file>
      <file name="find-many.ts" path="/Users/nox/projects/@raynode/utils/gram/src/field-types/find-many.ts">
        <metrics statements="5" coveredstatements="5" conditionals="4" coveredconditionals="4" methods="2" coveredmethods="2"/>
        <line num="2" count="2" type="stmt"/>
        <line num="3" count="2" type="stmt"/>
        <line num="4" count="2" type="stmt"/>
        <line num="6" count="16" type="stmt"/>
        <line num="13" count="1" type="stmt"/>
      </file>
      <file name="find-one.ts" path="/Users/nox/projects/@raynode/utils/gram/src/field-types/find-one.ts">
        <metrics statements="5" coveredstatements="5" conditionals="2" coveredconditionals="2" methods="2" coveredmethods="2"/>
        <line num="2" count="2" type="stmt"/>
        <line num="3" count="2" type="stmt"/>
        <line num="4" count="2" type="stmt"/>
        <line num="6" count="16" type="stmt"/>
        <line num="12" count="3" type="stmt"/>
      </file>
      <file name="index.ts" path="/Users/nox/projects/@raynode/utils/gram/src/field-types/index.ts">
        <metrics statements="5" coveredstatements="5" conditionals="0" coveredconditionals="0" methods="0" coveredmethods="0"/>
        <line num="2" count="2" type="stmt"/>
        <line num="3" count="2" type="stmt"/>
        <line num="4" count="2" type="stmt"/>
        <line num="5" count="2" type="stmt"/>
        <line num="6" count="2" type="stmt"/>
      </file>
      <file name="remove.ts" path="/Users/nox/projects/@raynode/utils/gram/src/field-types/remove.ts">
        <metrics statements="5" coveredstatements="5" conditionals="0" coveredconditionals="0" methods="2" coveredmethods="2"/>
        <line num="2" count="2" type="stmt"/>
        <line num="3" count="2" type="stmt"/>
        <line num="4" count="2" type="stmt"/>
        <line num="6" count="16" type="stmt"/>
        <line num="11" count="1" type="stmt"/>
      </file>
      <file name="update.ts" path="/Users/nox/projects/@raynode/utils/gram/src/field-types/update.ts">
        <metrics statements="5" coveredstatements="4" conditionals="0" coveredconditionals="0" methods="2" coveredmethods="1"/>
        <line num="2" count="2" type="stmt"/>
        <line num="3" count="2" type="stmt"/>
        <line num="4" count="2" type="stmt"/>
        <line num="6" count="16" type="stmt"/>
        <line num="12" count="0" type="stmt"/>
      </file>
    </package>
    <package name="src.input-types">
      <metrics statements="38" coveredstatements="37" conditionals="4" coveredconditionals="1" methods="18" coveredmethods="17"/>
      <file name="create.ts" path="/Users/nox/projects/@raynode/utils/gram/src/input-types/create.ts">
        <metrics statements="4" coveredstatements="4" conditionals="0" coveredconditionals="0" methods="2" coveredmethods="2"/>
        <line num="2" count="2" type="stmt"/>
        <line num="4" count="2" type="stmt"/>
        <line num="6" count="16" type="stmt"/>
        <line num="8" count="16" type="stmt"/>
      </file>
      <file name="data.ts" path="/Users/nox/projects/@raynode/utils/gram/src/input-types/data.ts">
        <metrics statements="4" coveredstatements="4" conditionals="0" coveredconditionals="0" methods="2" coveredmethods="2"/>
        <line num="2" count="2" type="stmt"/>
        <line num="3" count="2" type="stmt"/>
        <line num="5" count="16" type="stmt"/>
        <line num="7" count="16" type="stmt"/>
      </file>
      <file name="filter.ts" path="/Users/nox/projects/@raynode/utils/gram/src/input-types/filter.ts">
        <metrics statements="4" coveredstatements="4" conditionals="0" coveredconditionals="0" methods="2" coveredmethods="2"/>
        <line num="2" count="2" type="stmt"/>
        <line num="3" count="2" type="stmt"/>
        <line num="5" count="16" type="stmt"/>
        <line num="7" count="16" type="stmt"/>
      </file>
      <file name="index.ts" path="/Users/nox/projects/@raynode/utils/gram/src/input-types/index.ts">
        <metrics statements="6" coveredstatements="6" conditionals="0" coveredconditionals="0" methods="0" coveredmethods="0"/>
        <line num="2" count="2" type="stmt"/>
        <line num="3" count="2" type="stmt"/>
        <line num="4" count="2" type="stmt"/>
        <line num="5" count="2" type="stmt"/>
        <line num="6" count="2" type="stmt"/>
        <line num="7" count="2" type="stmt"/>
      </file>
      <file name="order.ts" path="/Users/nox/projects/@raynode/utils/gram/src/input-types/order.ts">
        <metrics statements="12" coveredstatements="11" conditionals="4" coveredconditionals="1" methods="8" coveredmethods="7"/>
        <line num="2" count="2" type="stmt"/>
        <line num="3" count="2" type="stmt"/>
        <line num="4" count="2" type="stmt"/>
        <line num="6" count="2" type="stmt"/>
        <line num="7" count="17" type="stmt"/>
        <line num="9" count="0" type="cond" truecount="0" falsecount="2"/>
        <line num="11" count="17" type="cond" truecount="1" falsecount="1"/>
        <line num="16" count="2" type="stmt"/>
        <line num="17" count="16" type="stmt"/>
        <line num="18" count="112" type="stmt"/>
        <line num="20" count="224" type="stmt"/>
        <line num="25" count="16" type="stmt"/>
      </file>
      <file name="page.ts" path="/Users/nox/projects/@raynode/utils/gram/src/input-types/page.ts">
        <metrics statements="4" coveredstatements="4" conditionals="0" coveredconditionals="0" methods="2" coveredmethods="2"/>
        <line num="2" count="2" type="stmt"/>
        <line num="3" count="2" type="stmt"/>
        <line num="5" count="16" type="stmt"/>
        <line num="7" count="16" type="stmt"/>
      </file>
      <file name="where.ts" path="/Users/nox/projects/@raynode/utils/gram/src/input-types/where.ts">
        <metrics statements="4" coveredstatements="4" conditionals="0" coveredconditionals="0" methods="2" coveredmethods="2"/>
        <line num="2" count="2" type="stmt"/>
        <line num="3" count="2" type="stmt"/>
        <line num="5" count="16" type="stmt"/>
        <line num="7" count="16" type="stmt"/>
      </file>
    </package>
    <package name="src.strategies">
      <metrics statements="28" coveredstatements="27" conditionals="24" coveredconditionals="18" methods="9" coveredmethods="9"/>
      <file name="filter.ts" path="/Users/nox/projects/@raynode/utils/gram/src/strategies/filter.ts">
        <metrics statements="26" coveredstatements="25" conditionals="24" coveredconditionals="18" methods="8" coveredmethods="8"/>
        <line num="2" count="2" type="stmt"/>
        <line num="20" count="2" type="stmt"/>
        <line num="21" count="256" type="cond" truecount="2" falsecount="0"/>
        <line num="23" count="2" type="stmt"/>
        <line num="24" count="256" type="cond" truecount="2" falsecount="0"/>
        <line num="30" count="2" type="stmt"/>
        <line num="31" count="148" type="stmt"/>
        <line num="32" count="2" type="stmt"/>
        <line num="33" count="18" type="stmt"/>
        <line num="34" count="2" type="stmt"/>
        <line num="35" count="16" type="stmt"/>
        <line num="36" count="2" type="stmt"/>
        <line num="37" count="180" type="stmt"/>
        <line num="39" count="2" type="stmt"/>
        <line num="43" count="202" type="cond" truecount="1" falsecount="1"/>
        <line num="44" count="202" type="cond" truecount="1" falsecount="3"/>
        <line num="45" count="202" type="stmt"/>
        <line num="46" count="202" type="cond" truecount="2" falsecount="0"/>
        <line num="47" count="180" type="cond" truecount="4" falsecount="0"/>
        <line num="48" count="162" type="stmt"/>
        <line num="54" count="18" type="cond" truecount="2" falsecount="0"/>
        <line num="55" count="16" type="cond" truecount="3" falsecount="1"/>
        <line num="56" count="16" type="stmt"/>
        <line num="63" count="22" type="cond" truecount="1" falsecount="1"/>
        <line num="64" count="0" type="stmt"/>
        <line num="68" count="22" type="stmt"/>
      </file>
      <file name="naming.ts" path="/Users/nox/projects/@raynode/utils/gram/src/strategies/naming.ts">
        <metrics statements="2" coveredstatements="2" conditionals="0" coveredconditionals="0" methods="1" coveredmethods="1"/>
        <line num="1" count="2" type="stmt"/>
        <line num="16" count="46" type="stmt"/>
      </file>
    </package>
    <package name="src.types">
      <metrics statements="11" coveredstatements="3" conditionals="8" coveredconditionals="0" methods="4" coveredmethods="0"/>
      <file name="constants.ts" path="/Users/nox/projects/@raynode/utils/gram/src/types/constants.ts">
        <metrics statements="3" coveredstatements="3" conditionals="0" coveredconditionals="0" methods="0" coveredmethods="0"/>
        <line num="2" count="2" type="stmt"/>
        <line num="3" count="2" type="stmt"/>
        <line num="4" count="2" type="stmt"/>
      </file>
      <file name="guards.ts" path="/Users/nox/projects/@raynode/utils/gram/src/types/guards.ts">
        <metrics statements="8" coveredstatements="0" conditionals="8" coveredconditionals="0" methods="4" coveredmethods="0"/>
        <line num="3" count="0" type="stmt"/>
        <line num="5" count="0" type="cond" truecount="0" falsecount="2"/>
        <line num="6" count="0" type="stmt"/>
        <line num="7" count="0" type="cond" truecount="0" falsecount="2"/>
        <line num="8" count="0" type="stmt"/>
        <line num="9" count="0" type="cond" truecount="0" falsecount="2"/>
        <line num="10" count="0" type="stmt"/>
        <line num="11" count="0" type="cond" truecount="0" falsecount="2"/>
      </file>
    </package>
  </project>
</coverage>
