{"/Users/nox/projects/@raynode/utils/gram/src/attributeBuilder.ts": {"path":"/Users/nox/projects/@raynode/utils/gram/src/attributeBuilder.ts","statementMap":{"0":{"start":{"line":1,"column":0},"end":{"line":1,"column":null}},"1":{"start":{"line":16,"column":0},"end":{"line":16,"column":52}},"2":{"start":{"line":17,"column":0},"end":{"line":17,"column":32}},"3":{"start":{"line":19,"column":13},"end":{"line":28,"column":null}},"4":{"start":{"line":23,"column":15},"end":{"line":23,"column":34}},"5":{"start":{"line":24,"column":18},"end":{"line":24,"column":77}},"6":{"start":{"line":25,"column":2},"end":{"line":25,"column":null}},"7":{"start":{"line":25,"column":21},"end":{"line":25,"column":null}},"8":{"start":{"line":26,"column":2},"end":{"line":26,"column":null}},"9":{"start":{"line":26,"column":22},"end":{"line":26,"column":null}},"10":{"start":{"line":27,"column":2},"end":{"line":27,"column":null}},"11":{"start":{"line":30,"column":13},"end":{"line":59,"column":null}},"12":{"start":{"line":35,"column":66},"end":{"line":57,"column":null}},"13":{"start":{"line":41,"column":6},"end":{"line":41,"column":null}},"14":{"start":{"line":42,"column":6},"end":{"line":42,"column":null}},"15":{"start":{"line":45,"column":6},"end":{"line":45,"column":null}},"16":{"start":{"line":46,"column":6},"end":{"line":46,"column":null}},"17":{"start":{"line":49,"column":6},"end":{"line":49,"column":null}},"18":{"start":{"line":50,"column":6},"end":{"line":50,"column":null}},"19":{"start":{"line":52,"column":23},"end":{"line":55,"column":6}},"20":{"start":{"line":58,"column":2},"end":{"line":58,"column":null}}},"fnMap":{"0":{"name":"(anonymous_0)","decl":{"start":{"line":19,"column":25},"end":{"line":19,"column":null}},"loc":{"start":{"line":22,"column":23},"end":{"line":28,"column":1}}},"1":{"name":"(anonymous_1)","decl":{"start":{"line":30,"column":38},"end":{"line":30,"column":null}},"loc":{"start":{"line":33,"column":52},"end":{"line":59,"column":1}}},"2":{"name":"(anonymous_2)","decl":{"start":{"line":40,"column":13},"end":{"line":40,"column":14}},"loc":{"start":{"line":40,"column":64},"end":{"line":43,"column":5}}},"3":{"name":"(anonymous_3)","decl":{"start":{"line":44,"column":12},"end":{"line":44,"column":13}},"loc":{"start":{"line":44,"column":30},"end":{"line":47,"column":5}}},"4":{"name":"(anonymous_4)","decl":{"start":{"line":48,"column":19},"end":{"line":48,"column":20}},"loc":{"start":{"line":48,"column":44},"end":{"line":51,"column":5}}},"5":{"name":"(anonymous_5)","decl":{"start":{"line":52,"column":11},"end":{"line":52,"column":18}},"loc":{"start":{"line":52,"column":23},"end":{"line":55,"column":6}}}},"branchMap":{"0":{"loc":{"start":{"line":24,"column":33},"end":{"line":24,"column":37}},"type":"cond-expr","locations":[{"start":{"line":24,"column":33},"end":{"line":24,"column":37}},{"start":{"line":24,"column":40},"end":{"line":24,"column":77}}]},"1":{"loc":{"start":{"line":25,"column":2},"end":{"line":25,"column":null}},"type":"if","locations":[{"start":{"line":25,"column":2},"end":{"line":25,"column":null}},{"start":{"line":25,"column":2},"end":{"line":25,"column":null}}]},"2":{"loc":{"start":{"line":26,"column":2},"end":{"line":26,"column":null}},"type":"if","locations":[{"start":{"line":26,"column":2},"end":{"line":26,"column":null}},{"start":{"line":26,"column":2},"end":{"line":26,"column":null}}]},"3":{"loc":{"start":{"line":44,"column":22},"end":{"line":44,"column":26}},"type":"default-arg","locations":[{"start":{"line":44,"column":22},"end":{"line":44,"column":26}}]},"4":{"loc":{"start":{"line":48,"column":36},"end":{"line":48,"column":40}},"type":"default-arg","locations":[{"start":{"line":48,"column":36},"end":{"line":48,"column":40}}]}},"s":{"0":6,"1":6,"2":6,"3":6,"4":818,"5":818,"6":818,"7":88,"8":730,"9":40,"10":690,"11":6,"12":115,"13":2,"14":2,"15":12,"16":12,"17":2,"18":2,"19":290,"20":115},"f":{"0":818,"1":115,"2":2,"3":12,"4":2,"5":290},"b":{"0":[682,136],"1":[88,730],"2":[40,690],"3":[12],"4":[2]}}
,"/Users/nox/projects/@raynode/utils/gram/src/createContextModel.ts": {"path":"/Users/nox/projects/@raynode/utils/gram/src/createContextModel.ts","statementMap":{"0":{"start":{"line":1,"column":0},"end":{"line":1,"column":null}},"1":{"start":{"line":11,"column":0},"end":{"line":11,"column":46}},"2":{"start":{"line":12,"column":0},"end":{"line":12,"column":40}},"3":{"start":{"line":13,"column":0},"end":{"line":13,"column":33}},"4":{"start":{"line":15,"column":0},"end":{"line":15,"column":59}},"5":{"start":{"line":26,"column":0},"end":{"line":26,"column":41}},"6":{"start":{"line":27,"column":0},"end":{"line":27,"column":38}},"7":{"start":{"line":30,"column":23},"end":{"line":36,"column":1}},"8":{"start":{"line":30,"column":63},"end":{"line":36,"column":1}},"9":{"start":{"line":34,"column":2},"end":{"line":34,"column":null}},"10":{"start":{"line":35,"column":2},"end":{"line":35,"column":null}},"11":{"start":{"line":38,"column":21},"end":{"line":41,"column":45}},"12":{"start":{"line":38,"column":61},"end":{"line":41,"column":45}},"13":{"start":{"line":41,"column":2},"end":{"line":41,"column":45}},"14":{"start":{"line":43,"column":13},"end":{"line":122,"column":null}},"15":{"start":{"line":50,"column":22},"end":{"line":50,"column":43}},"16":{"start":{"line":51,"column":30},"end":{"line":51,"column":32}},"17":{"start":{"line":52,"column":20},"end":{"line":52,"column":45}},"18":{"start":{"line":52,"column":26},"end":{"line":52,"column":45}},"19":{"start":{"line":53,"column":41},"end":{"line":53,"column":46}},"20":{"start":{"line":55,"column":61},"end":{"line":120,"column":null}},"21":{"start":{"line":57,"column":6},"end":{"line":57,"column":null}},"22":{"start":{"line":58,"column":6},"end":{"line":58,"column":null}},"23":{"start":{"line":60,"column":32},"end":{"line":64,"column":6}},"24":{"start":{"line":67,"column":6},"end":{"line":80,"column":null}},"25":{"start":{"line":69,"column":10},"end":{"line":69,"column":null}},"26":{"start":{"line":71,"column":10},"end":{"line":71,"column":null}},"27":{"start":{"line":73,"column":10},"end":{"line":73,"column":null}},"28":{"start":{"line":75,"column":10},"end":{"line":75,"column":null}},"29":{"start":{"line":77,"column":10},"end":{"line":77,"column":null}},"30":{"start":{"line":79,"column":10},"end":{"line":79,"column":null}},"31":{"start":{"line":82,"column":21},"end":{"line":82,"column":27}},"32":{"start":{"line":85,"column":8},"end":{"line":90,"column":10}},"33":{"start":{"line":88,"column":12},"end":{"line":88,"column":78}},"34":{"start":{"line":89,"column":33},"end":{"line":89,"column":69}},"35":{"start":{"line":92,"column":29},"end":{"line":92,"column":41}},"36":{"start":{"line":94,"column":6},"end":{"line":109,"column":12}},"37":{"start":{"line":103,"column":33},"end":{"line":103,"column":54}},"38":{"start":{"line":104,"column":14},"end":{"line":107,"column":null}},"39":{"start":{"line":107,"column":30},"end":{"line":107,"column":45}},"40":{"start":{"line":112,"column":23},"end":{"line":112,"column":46}},"41":{"start":{"line":117,"column":6},"end":{"line":117,"column":null}},"42":{"start":{"line":121,"column":2},"end":{"line":121,"column":null}}},"fnMap":{"0":{"name":"(anonymous_0)","decl":{"start":{"line":30,"column":23},"end":{"line":30,"column":33}},"loc":{"start":{"line":30,"column":63},"end":{"line":36,"column":1}}},"1":{"name":"(anonymous_1)","decl":{"start":{"line":30,"column":63},"end":{"line":30,"column":null}},"loc":{"start":{"line":33,"column":4},"end":{"line":36,"column":1}}},"2":{"name":"(anonymous_2)","decl":{"start":{"line":38,"column":21},"end":{"line":38,"column":31}},"loc":{"start":{"line":38,"column":61},"end":{"line":41,"column":45}}},"3":{"name":"(anonymous_3)","decl":{"start":{"line":38,"column":61},"end":{"line":38,"column":null}},"loc":{"start":{"line":41,"column":2},"end":{"line":41,"column":45}}},"4":{"name":"(anonymous_4)","decl":{"start":{"line":43,"column":34},"end":{"line":43,"column":null}},"loc":{"start":{"line":48,"column":4},"end":{"line":122,"column":1}}},"5":{"name":"(anonymous_5)","decl":{"start":{"line":52,"column":20},"end":{"line":52,"column":23}},"loc":{"start":{"line":52,"column":26},"end":{"line":52,"column":45}}},"6":{"name":"(anonymous_6)","decl":{"start":{"line":56,"column":14},"end":{"line":56,"column":15}},"loc":{"start":{"line":56,"column":35},"end":{"line":59,"column":5}}},"7":{"name":"(anonymous_7)","decl":{"start":{"line":60,"column":25},"end":{"line":60,"column":28}},"loc":{"start":{"line":60,"column":32},"end":{"line":64,"column":6}}},"8":{"name":"(anonymous_8)","decl":{"start":{"line":66,"column":24},"end":{"line":66,"column":28}},"loc":{"start":{"line":66,"column":31},"end":{"line":81,"column":5}}},"9":{"name":"(anonymous_9)","decl":{"start":{"line":82,"column":15},"end":{"line":82,"column":18}},"loc":{"start":{"line":82,"column":21},"end":{"line":82,"column":27}}},"10":{"name":"(anonymous_10)","decl":{"start":{"line":84,"column":6},"end":{"line":84,"column":9}},"loc":{"start":{"line":85,"column":8},"end":{"line":90,"column":10}}},"11":{"name":"(anonymous_11)","decl":{"start":{"line":87,"column":18},"end":{"line":87,"column":21}},"loc":{"start":{"line":88,"column":12},"end":{"line":88,"column":78}}},"12":{"name":"(anonymous_12)","decl":{"start":{"line":89,"column":22},"end":{"line":89,"column":30}},"loc":{"start":{"line":89,"column":33},"end":{"line":89,"column":69}}},"13":{"name":"(anonymous_13)","decl":{"start":{"line":92,"column":23},"end":{"line":92,"column":26}},"loc":{"start":{"line":92,"column":29},"end":{"line":92,"column":41}}},"14":{"name":"(anonymous_14)","decl":{"start":{"line":93,"column":21},"end":{"line":93,"column":24}},"loc":{"start":{"line":94,"column":6},"end":{"line":109,"column":12}}},"15":{"name":"(anonymous_15)","decl":{"start":{"line":102,"column":24},"end":{"line":102,"column":32}},"loc":{"start":{"line":102,"column":34},"end":{"line":108,"column":13}}},"16":{"name":"(anonymous_16)","decl":{"start":{"line":107,"column":21},"end":{"line":107,"column":26}},"loc":{"start":{"line":107,"column":30},"end":{"line":107,"column":45}}},"17":{"name":"(anonymous_17)","decl":{"start":{"line":112,"column":17},"end":{"line":112,"column":20}},"loc":{"start":{"line":112,"column":23},"end":{"line":112,"column":46}}},"18":{"name":"(anonymous_18)","decl":{"start":{"line":116,"column":18},"end":{"line":116,"column":21}},"loc":{"start":{"line":116,"column":23},"end":{"line":118,"column":5}}}},"branchMap":{"0":{"loc":{"start":{"line":68,"column":8},"end":{"line":69,"column":null}},"type":"switch","locations":[{"start":{"line":68,"column":8},"end":{"line":69,"column":null}},{"start":{"line":70,"column":8},"end":{"line":71,"column":null}},{"start":{"line":72,"column":8},"end":{"line":73,"column":null}},{"start":{"line":74,"column":8},"end":{"line":75,"column":null}},{"start":{"line":76,"column":8},"end":{"line":77,"column":null}},{"start":{"line":78,"column":8},"end":{"line":79,"column":null}}]},"1":{"loc":{"start":{"line":95,"column":10},"end":{"line":98,"column":12}},"type":"cond-expr","locations":[{"start":{"line":95,"column":10},"end":{"line":98,"column":12}},{"start":{"line":99,"column":10},"end":{"line":109,"column":12}}]}},"s":{"0":6,"1":6,"2":6,"3":6,"4":6,"5":6,"6":6,"7":6,"8":66,"9":290,"10":290,"11":6,"12":76,"13":66,"14":6,"15":76,"16":76,"17":76,"18":66,"19":76,"20":76,"21":318,"22":318,"23":22,"24":120,"25":16,"26":16,"27":22,"28":22,"29":22,"30":22,"31":98,"32":22,"33":22,"34":22,"35":0,"36":66,"37":36,"38":36,"39":26,"40":0,"41":36,"42":76},"f":{"0":66,"1":290,"2":76,"3":66,"4":76,"5":66,"6":318,"7":22,"8":120,"9":98,"10":22,"11":22,"12":22,"13":0,"14":66,"15":36,"16":26,"17":0,"18":36},"b":{"0":[16,16,22,22,22,22],"1":[30,36]}}
,"/Users/nox/projects/@raynode/utils/gram/src/index.ts": {"path":"/Users/nox/projects/@raynode/utils/gram/src/index.ts","statementMap":{"0":{"start":{"line":1,"column":0},"end":{"line":1,"column":9}},"1":{"start":{"line":1,"column":9},"end":{"line":1,"column":59}},"2":{"start":{"line":2,"column":0},"end":{"line":2,"column":9}},"3":{"start":{"line":2,"column":9},"end":{"line":2,"column":57}},"4":{"start":{"line":3,"column":0},"end":{"line":3,"column":9}},"5":{"start":{"line":3,"column":9},"end":{"line":3,"column":51}},"6":{"start":{"line":4,"column":0},"end":{"line":4,"column":9}},"7":{"start":{"line":4,"column":9},"end":{"line":4,"column":53}},"8":{"start":{"line":5,"column":0},"end":{"line":5,"column":35}},"9":{"start":{"line":6,"column":0},"end":{"line":6,"column":23}}},"fnMap":{},"branchMap":{},"s":{"0":6,"1":6,"2":6,"3":6,"4":6,"5":6,"6":6,"7":6,"8":6,"9":6},"f":{},"b":{}}
,"/Users/nox/projects/@raynode/utils/gram/src/modelBuilder.ts": {"path":"/Users/nox/projects/@raynode/utils/gram/src/modelBuilder.ts","statementMap":{"0":{"start":{"line":2,"column":0},"end":{"line":2,"column":41}},"1":{"start":{"line":4,"column":0},"end":{"line":4,"column":59}},"2":{"start":{"line":5,"column":0},"end":{"line":5,"column":57}},"3":{"start":{"line":16,"column":0},"end":{"line":16,"column":48}},"4":{"start":{"line":17,"column":0},"end":{"line":17,"column":45}},"5":{"start":{"line":19,"column":28},"end":{"line":31,"column":1}},"6":{"start":{"line":20,"column":21},"end":{"line":20,"column":36}},"7":{"start":{"line":21,"column":2},"end":{"line":30,"column":null}},"8":{"start":{"line":33,"column":13},"end":{"line":125,"column":null}},"9":{"start":{"line":38,"column":48},"end":{"line":38,"column":50}},"10":{"start":{"line":39,"column":64},"end":{"line":39,"column":74}},"11":{"start":{"line":39,"column":70},"end":{"line":39,"column":74}},"12":{"start":{"line":40,"column":59},"end":{"line":40,"column":63}},"13":{"start":{"line":41,"column":29},"end":{"line":41,"column":34}},"14":{"start":{"line":42,"column":31},"end":{"line":42,"column":33}},"15":{"start":{"line":43,"column":21},"end":{"line":54,"column":null}},"16":{"start":{"line":56,"column":56},"end":{"line":123,"column":null}},"17":{"start":{"line":59,"column":25},"end":{"line":59,"column":35}},"18":{"start":{"line":60,"column":23},"end":{"line":60,"column":31}},"19":{"start":{"line":62,"column":6},"end":{"line":62,"column":null}},"20":{"start":{"line":63,"column":6},"end":{"line":63,"column":null}},"21":{"start":{"line":65,"column":23},"end":{"line":65,"column":34}},"22":{"start":{"line":73,"column":6},"end":{"line":76,"column":null}},"23":{"start":{"line":74,"column":8},"end":{"line":76,"column":null}},"24":{"start":{"line":77,"column":6},"end":{"line":81,"column":null}},"25":{"start":{"line":84,"column":27},"end":{"line":88,"column":null}},"26":{"start":{"line":90,"column":6},"end":{"line":90,"column":null}},"27":{"start":{"line":90,"column":21},"end":{"line":90,"column":null}},"28":{"start":{"line":91,"column":6},"end":{"line":91,"column":null}},"29":{"start":{"line":91,"column":23},"end":{"line":91,"column":null}},"30":{"start":{"line":92,"column":6},"end":{"line":92,"column":null}},"31":{"start":{"line":96,"column":29},"end":{"line":96,"column":71}},"32":{"start":{"line":97,"column":8},"end":{"line":97,"column":null}},"33":{"start":{"line":97,"column":36},"end":{"line":97,"column":63}},"34":{"start":{"line":98,"column":8},"end":{"line":104,"column":null}},"35":{"start":{"line":99,"column":23},"end":{"line":99,"column":49}},"36":{"start":{"line":101,"column":12},"end":{"line":103,"column":null}},"37":{"start":{"line":102,"column":14},"end":{"line":102,"column":null}},"38":{"start":{"line":102,"column":52},"end":{"line":102,"column":null}},"39":{"start":{"line":105,"column":8},"end":{"line":105,"column":null}},"40":{"start":{"line":106,"column":8},"end":{"line":106,"column":null}},"41":{"start":{"line":108,"column":17},"end":{"line":108,"column":27}},"42":{"start":{"line":111,"column":6},"end":{"line":111,"column":null}},"43":{"start":{"line":112,"column":6},"end":{"line":112,"column":null}},"44":{"start":{"line":115,"column":6},"end":{"line":115,"column":null}},"45":{"start":{"line":116,"column":6},"end":{"line":116,"column":null}},"46":{"start":{"line":119,"column":6},"end":{"line":119,"column":null}},"47":{"start":{"line":120,"column":6},"end":{"line":120,"column":null}},"48":{"start":{"line":122,"column":25},"end":{"line":122,"column":35}},"49":{"start":{"line":124,"column":2},"end":{"line":124,"column":null}}},"fnMap":{"0":{"name":"(anonymous_0)","decl":{"start":{"line":19,"column":28},"end":{"line":19,"column":29}},"loc":{"start":{"line":19,"column":71},"end":{"line":31,"column":1}}},"1":{"name":"(anonymous_1)","decl":{"start":{"line":33,"column":34},"end":{"line":33,"column":null}},"loc":{"start":{"line":37,"column":4},"end":{"line":125,"column":1}}},"2":{"name":"(anonymous_2)","decl":{"start":{"line":39,"column":64},"end":{"line":39,"column":67}},"loc":{"start":{"line":39,"column":70},"end":{"line":39,"column":74}}},"3":{"name":"(anonymous_3)","decl":{"start":{"line":59,"column":19},"end":{"line":59,"column":22}},"loc":{"start":{"line":59,"column":25},"end":{"line":59,"column":35}}},"4":{"name":"(anonymous_4)","decl":{"start":{"line":60,"column":17},"end":{"line":60,"column":20}},"loc":{"start":{"line":60,"column":23},"end":{"line":60,"column":31}}},"5":{"name":"(anonymous_5)","decl":{"start":{"line":61,"column":18},"end":{"line":61,"column":21}},"loc":{"start":{"line":61,"column":23},"end":{"line":64,"column":5}}},"6":{"name":"(anonymous_6)","decl":{"start":{"line":65,"column":17},"end":{"line":65,"column":20}},"loc":{"start":{"line":65,"column":23},"end":{"line":65,"column":34}}},"7":{"name":"(anonymous_7)","decl":{"start":{"line":66,"column":10},"end":{"line":66,"column":null}},"loc":{"start":{"line":72,"column":8},"end":{"line":82,"column":5}}},"8":{"name":"(anonymous_8)","decl":{"start":{"line":83,"column":11},"end":{"line":83,"column":18}},"loc":{"start":{"line":83,"column":21},"end":{"line":93,"column":5}}},"9":{"name":"(anonymous_9)","decl":{"start":{"line":95,"column":6},"end":{"line":95,"column":13}},"loc":{"start":{"line":95,"column":16},"end":{"line":107,"column":7}}},"10":{"name":"(anonymous_10)","decl":{"start":{"line":97,"column":28},"end":{"line":97,"column":32}},"loc":{"start":{"line":97,"column":36},"end":{"line":97,"column":63}}},"11":{"name":"(anonymous_11)","decl":{"start":{"line":99,"column":15},"end":{"line":99,"column":19}},"loc":{"start":{"line":99,"column":23},"end":{"line":99,"column":49}}},"12":{"name":"(anonymous_12)","decl":{"start":{"line":100,"column":19},"end":{"line":100,"column":24}},"loc":{"start":{"line":100,"column":27},"end":{"line":104,"column":11}}},"13":{"name":"(anonymous_13)","decl":{"start":{"line":101,"column":43},"end":{"line":101,"column":44}},"loc":{"start":{"line":101,"column":58},"end":{"line":103,"column":13}}},"14":{"name":"(anonymous_14)","decl":{"start":{"line":108,"column":6},"end":{"line":108,"column":13}},"loc":{"start":{"line":108,"column":17},"end":{"line":108,"column":27}}},"15":{"name":"(anonymous_15)","decl":{"start":{"line":110,"column":13},"end":{"line":110,"column":20}},"loc":{"start":{"line":110,"column":23},"end":{"line":113,"column":5}}},"16":{"name":"(anonymous_16)","decl":{"start":{"line":114,"column":15},"end":{"line":114,"column":24}},"loc":{"start":{"line":114,"column":27},"end":{"line":117,"column":5}}},"17":{"name":"(anonymous_17)","decl":{"start":{"line":118,"column":14},"end":{"line":118,"column":19}},"loc":{"start":{"line":118,"column":22},"end":{"line":121,"column":5}}},"18":{"name":"(anonymous_18)","decl":{"start":{"line":122,"column":19},"end":{"line":122,"column":22}},"loc":{"start":{"line":122,"column":25},"end":{"line":122,"column":35}}}},"branchMap":{"0":{"loc":{"start":{"line":44,"column":6},"end":{"line":44,"column":34}},"type":"cond-expr","locations":[{"start":{"line":44,"column":6},"end":{"line":44,"column":34}},{"start":{"line":45,"column":6},"end":{"line":54,"column":null}}]},"1":{"loc":{"start":{"line":73,"column":6},"end":{"line":76,"column":null}},"type":"if","locations":[{"start":{"line":73,"column":6},"end":{"line":76,"column":null}},{"start":{"line":73,"column":6},"end":{"line":76,"column":null}}]},"2":{"loc":{"start":{"line":90,"column":6},"end":{"line":90,"column":null}},"type":"if","locations":[{"start":{"line":90,"column":6},"end":{"line":90,"column":null}},{"start":{"line":90,"column":6},"end":{"line":90,"column":null}}]},"3":{"loc":{"start":{"line":91,"column":6},"end":{"line":91,"column":null}},"type":"if","locations":[{"start":{"line":91,"column":6},"end":{"line":91,"column":null}},{"start":{"line":91,"column":6},"end":{"line":91,"column":null}}]},"4":{"loc":{"start":{"line":102,"column":14},"end":{"line":102,"column":null}},"type":"if","locations":[{"start":{"line":102,"column":14},"end":{"line":102,"column":null}},{"start":{"line":102,"column":14},"end":{"line":102,"column":null}}]}},"s":{"0":6,"1":6,"2":6,"3":6,"4":6,"5":6,"6":41,"7":41,"8":6,"9":41,"10":41,"11":76,"12":41,"13":41,"14":41,"15":41,"16":41,"17":72,"18":0,"19":22,"20":22,"21":76,"22":115,"23":0,"24":115,"25":76,"26":76,"27":0,"28":76,"29":36,"30":76,"31":76,"32":76,"33":217,"34":76,"35":26,"36":26,"37":101,"38":101,"39":76,"40":76,"41":264,"42":0,"43":0,"44":12,"45":12,"46":0,"47":0,"48":26,"49":41},"f":{"0":41,"1":41,"2":76,"3":72,"4":0,"5":22,"6":76,"7":115,"8":76,"9":76,"10":217,"11":26,"12":26,"13":101,"14":264,"15":0,"16":12,"17":0,"18":26},"b":{"0":[41,0],"1":[0,115],"2":[0,76],"3":[36,40],"4":[101,0]}}
,"/Users/nox/projects/@raynode/utils/gram/src/schemaBuilder.ts": {"path":"/Users/nox/projects/@raynode/utils/gram/src/schemaBuilder.ts","statementMap":{"0":{"start":{"line":1,"column":0},"end":{"line":1,"column":50}},"1":{"start":{"line":2,"column":0},"end":{"line":2,"column":null}},"2":{"start":{"line":19,"column":0},"end":{"line":19,"column":48}},"3":{"start":{"line":20,"column":0},"end":{"line":20,"column":33}},"4":{"start":{"line":22,"column":0},"end":{"line":22,"column":null}},"5":{"start":{"line":27,"column":0},"end":{"line":27,"column":51}},"6":{"start":{"line":28,"column":0},"end":{"line":28,"column":78}},"7":{"start":{"line":45,"column":0},"end":{"line":45,"column":49}},"8":{"start":{"line":46,"column":0},"end":{"line":46,"column":50}},"9":{"start":{"line":47,"column":0},"end":{"line":47,"column":51}},"10":{"start":{"line":49,"column":20},"end":{"line":65,"column":1}},"11":{"start":{"line":55,"column":68},"end":{"line":55,"column":70}},"12":{"start":{"line":56,"column":2},"end":{"line":64,"column":null}},"13":{"start":{"line":60,"column":32},"end":{"line":60,"column":59}},"14":{"start":{"line":61,"column":26},"end":{"line":61,"column":38}},"15":{"start":{"line":62,"column":22},"end":{"line":62,"column":41}},"16":{"start":{"line":63,"column":23},"end":{"line":63,"column":36}},"17":{"start":{"line":67,"column":21},"end":{"line":73,"column":1}},"18":{"start":{"line":68,"column":2},"end":{"line":68,"column":null}},"19":{"start":{"line":69,"column":2},"end":{"line":69,"column":null}},"20":{"start":{"line":69,"column":37},"end":{"line":69,"column":66}},"21":{"start":{"line":70,"column":2},"end":{"line":70,"column":null}},"22":{"start":{"line":70,"column":37},"end":{"line":70,"column":66}},"23":{"start":{"line":71,"column":2},"end":{"line":71,"column":null}},"24":{"start":{"line":71,"column":37},"end":{"line":71,"column":66}},"25":{"start":{"line":72,"column":2},"end":{"line":72,"column":null}},"26":{"start":{"line":75,"column":25},"end":{"line":97,"column":1}},"27":{"start":{"line":76,"column":15},"end":{"line":76,"column":79}},"28":{"start":{"line":77,"column":15},"end":{"line":77,"column":64}},"29":{"start":{"line":78,"column":15},"end":{"line":81,"column":18}},"30":{"start":{"line":83,"column":2},"end":{"line":83,"column":null}},"31":{"start":{"line":85,"column":2},"end":{"line":85,"column":null}},"32":{"start":{"line":86,"column":2},"end":{"line":86,"column":null}},"33":{"start":{"line":87,"column":2},"end":{"line":87,"column":null}},"34":{"start":{"line":89,"column":2},"end":{"line":89,"column":null}},"35":{"start":{"line":90,"column":2},"end":{"line":90,"column":null}},"36":{"start":{"line":92,"column":2},"end":{"line":96,"column":null}},"37":{"start":{"line":101,"column":14},"end":{"line":110,"column":1}},"38":{"start":{"line":107,"column":18},"end":{"line":107,"column":64}},"39":{"start":{"line":108,"column":2},"end":{"line":108,"column":null}},"40":{"start":{"line":108,"column":27},"end":{"line":108,"column":47}},"41":{"start":{"line":109,"column":2},"end":{"line":109,"column":null}},"42":{"start":{"line":112,"column":13},"end":{"line":130,"column":null}},"43":{"start":{"line":113,"column":38},"end":{"line":118,"column":null}},"44":{"start":{"line":119,"column":2},"end":{"line":123,"column":null}},"45":{"start":{"line":120,"column":4},"end":{"line":123,"column":null}},"46":{"start":{"line":124,"column":2},"end":{"line":128,"column":null}},"47":{"start":{"line":125,"column":4},"end":{"line":128,"column":null}},"48":{"start":{"line":129,"column":2},"end":{"line":129,"column":null}},"49":{"start":{"line":132,"column":13},"end":{"line":214,"column":null}},"50":{"start":{"line":136,"column":34},"end":{"line":136,"column":61}},"51":{"start":{"line":137,"column":53},"end":{"line":137,"column":65}},"52":{"start":{"line":138,"column":18},"end":{"line":138,"column":36}},"53":{"start":{"line":141,"column":6},"end":{"line":141,"column":8}},"54":{"start":{"line":143,"column":56},"end":{"line":211,"column":null}},"55":{"start":{"line":147,"column":20},"end":{"line":147,"column":88}},"56":{"start":{"line":148,"column":6},"end":{"line":148,"column":null}},"57":{"start":{"line":149,"column":6},"end":{"line":149,"column":null}},"58":{"start":{"line":152,"column":20},"end":{"line":154,"column":null}},"59":{"start":{"line":156,"column":6},"end":{"line":156,"column":null}},"60":{"start":{"line":157,"column":6},"end":{"line":157,"column":null}},"61":{"start":{"line":158,"column":6},"end":{"line":158,"column":null}},"62":{"start":{"line":161,"column":6},"end":{"line":162,"column":null}},"63":{"start":{"line":165,"column":22},"end":{"line":165,"column":62}},"64":{"start":{"line":167,"column":6},"end":{"line":169,"column":null}},"65":{"start":{"line":167,"column":30},"end":{"line":167,"column":49}},"66":{"start":{"line":168,"column":8},"end":{"line":168,"column":28}},"67":{"start":{"line":170,"column":25},"end":{"line":182,"column":12}},"68":{"start":{"line":176,"column":12},"end":{"line":176,"column":49}},"69":{"start":{"line":177,"column":21},"end":{"line":179,"column":56}},"70":{"start":{"line":180,"column":8},"end":{"line":180,"column":null}},"71":{"start":{"line":181,"column":8},"end":{"line":181,"column":null}},"72":{"start":{"line":184,"column":6},"end":{"line":196,"column":null}},"73":{"start":{"line":199,"column":6},"end":{"line":199,"column":null}},"74":{"start":{"line":200,"column":6},"end":{"line":200,"column":null}},"75":{"start":{"line":202,"column":22},"end":{"line":202,"column":34}},"76":{"start":{"line":204,"column":6},"end":{"line":204,"column":null}},"77":{"start":{"line":205,"column":6},"end":{"line":205,"column":null}},"78":{"start":{"line":208,"column":6},"end":{"line":208,"column":null}},"79":{"start":{"line":209,"column":6},"end":{"line":209,"column":null}},"80":{"start":{"line":213,"column":2},"end":{"line":213,"column":null}}},"fnMap":{"0":{"name":"(anonymous_0)","decl":{"start":{"line":49,"column":20},"end":{"line":49,"column":null}},"loc":{"start":{"line":54,"column":22},"end":{"line":65,"column":1}}},"1":{"name":"(anonymous_1)","decl":{"start":{"line":60,"column":14},"end":{"line":60,"column":15}},"loc":{"start":{"line":60,"column":32},"end":{"line":60,"column":59}}},"2":{"name":"(anonymous_2)","decl":{"start":{"line":61,"column":18},"end":{"line":61,"column":22}},"loc":{"start":{"line":61,"column":26},"end":{"line":61,"column":38}}},"3":{"name":"(anonymous_3)","decl":{"start":{"line":62,"column":14},"end":{"line":62,"column":18}},"loc":{"start":{"line":62,"column":22},"end":{"line":62,"column":41}}},"4":{"name":"(anonymous_4)","decl":{"start":{"line":63,"column":15},"end":{"line":63,"column":19}},"loc":{"start":{"line":63,"column":23},"end":{"line":63,"column":36}}},"5":{"name":"(anonymous_5)","decl":{"start":{"line":67,"column":21},"end":{"line":67,"column":31}},"loc":{"start":{"line":67,"column":68},"end":{"line":73,"column":1}}},"6":{"name":"(anonymous_6)","decl":{"start":{"line":69,"column":26},"end":{"line":69,"column":33}},"loc":{"start":{"line":69,"column":37},"end":{"line":69,"column":66}}},"7":{"name":"(anonymous_7)","decl":{"start":{"line":70,"column":26},"end":{"line":70,"column":33}},"loc":{"start":{"line":70,"column":37},"end":{"line":70,"column":66}}},"8":{"name":"(anonymous_8)","decl":{"start":{"line":71,"column":26},"end":{"line":71,"column":33}},"loc":{"start":{"line":71,"column":37},"end":{"line":71,"column":66}}},"9":{"name":"(anonymous_9)","decl":{"start":{"line":75,"column":25},"end":{"line":75,"column":37}},"loc":{"start":{"line":75,"column":39},"end":{"line":97,"column":1}}},"10":{"name":"(anonymous_10)","decl":{"start":{"line":101,"column":14},"end":{"line":101,"column":null}},"loc":{"start":{"line":106,"column":4},"end":{"line":110,"column":1}}},"11":{"name":"(anonymous_11)","decl":{"start":{"line":108,"column":18},"end":{"line":108,"column":23}},"loc":{"start":{"line":108,"column":27},"end":{"line":108,"column":47}}},"12":{"name":"(anonymous_12)","decl":{"start":{"line":112,"column":28},"end":{"line":112,"column":29}},"loc":{"start":{"line":112,"column":60},"end":{"line":130,"column":1}}},"13":{"name":"(anonymous_13)","decl":{"start":{"line":132,"column":35},"end":{"line":132,"column":null}},"loc":{"start":{"line":135,"column":6},"end":{"line":214,"column":1}}},"14":{"name":"(anonymous_14)","decl":{"start":{"line":146,"column":11},"end":{"line":146,"column":34}},"loc":{"start":{"line":146,"column":88},"end":{"line":150,"column":5}}},"15":{"name":"(anonymous_15)","decl":{"start":{"line":151,"column":15},"end":{"line":151,"column":22}},"loc":{"start":{"line":151,"column":71},"end":{"line":159,"column":5}}},"16":{"name":"(anonymous_16)","decl":{"start":{"line":160,"column":11},"end":{"line":160,"column":12}},"loc":{"start":{"line":161,"column":6},"end":{"line":162,"column":null}}},"17":{"name":"(anonymous_17)","decl":{"start":{"line":164,"column":12},"end":{"line":164,"column":13}},"loc":{"start":{"line":164,"column":47},"end":{"line":197,"column":5}}},"18":{"name":"(anonymous_18)","decl":{"start":{"line":167,"column":21},"end":{"line":167,"column":26}},"loc":{"start":{"line":167,"column":30},"end":{"line":167,"column":49}}},"19":{"name":"(anonymous_19)","decl":{"start":{"line":167,"column":59},"end":{"line":167,"column":64}},"loc":{"start":{"line":168,"column":8},"end":{"line":168,"column":28}}},"20":{"name":"(anonymous_20)","decl":{"start":{"line":170,"column":49},"end":{"line":170,"column":50}},"loc":{"start":{"line":170,"column":75},"end":{"line":182,"column":7}}},"21":{"name":"(anonymous_21)","decl":{"start":{"line":198,"column":15},"end":{"line":198,"column":16}},"loc":{"start":{"line":198,"column":29},"end":{"line":201,"column":5}}},"22":{"name":"(anonymous_22)","decl":{"start":{"line":202,"column":15},"end":{"line":202,"column":18}},"loc":{"start":{"line":202,"column":22},"end":{"line":202,"column":34}}},"23":{"name":"(anonymous_23)","decl":{"start":{"line":203,"column":15},"end":{"line":203,"column":16}},"loc":{"start":{"line":203,"column":33},"end":{"line":206,"column":5}}},"24":{"name":"(anonymous_24)","decl":{"start":{"line":207,"column":14},"end":{"line":207,"column":24}},"loc":{"start":{"line":207,"column":27},"end":{"line":210,"column":5}}}},"branchMap":{"0":{"loc":{"start":{"line":119,"column":2},"end":{"line":123,"column":null}},"type":"if","locations":[{"start":{"line":119,"column":2},"end":{"line":123,"column":null}},{"start":{"line":119,"column":2},"end":{"line":123,"column":null}}]},"1":{"loc":{"start":{"line":124,"column":2},"end":{"line":128,"column":null}},"type":"if","locations":[{"start":{"line":124,"column":2},"end":{"line":128,"column":null}},{"start":{"line":124,"column":2},"end":{"line":128,"column":null}}]},"2":{"loc":{"start":{"line":147,"column":74},"end":{"line":147,"column":81}},"type":"binary-expr","locations":[{"start":{"line":147,"column":74},"end":{"line":147,"column":81}},{"start":{"line":147,"column":85},"end":{"line":147,"column":87}}]},"3":{"loc":{"start":{"line":154,"column":8},"end":{"line":154,"column":15}},"type":"binary-expr","locations":[{"start":{"line":154,"column":8},"end":{"line":154,"column":15}},{"start":{"line":154,"column":19},"end":{"line":154,"column":21}}]},"4":{"loc":{"start":{"line":160,"column":49},"end":{"line":160,"column":53}},"type":"default-arg","locations":[{"start":{"line":160,"column":49},"end":{"line":160,"column":53}}]},"5":{"loc":{"start":{"line":162,"column":37},"end":{"line":162,"column":44}},"type":"cond-expr","locations":[{"start":{"line":162,"column":37},"end":{"line":162,"column":44}},{"start":{"line":162,"column":47},"end":{"line":162,"column":70}}]},"6":{"loc":{"start":{"line":164,"column":39},"end":{"line":164,"column":43}},"type":"default-arg","locations":[{"start":{"line":164,"column":39},"end":{"line":164,"column":43}}]},"7":{"loc":{"start":{"line":178,"column":12},"end":{"line":178,"column":23}},"type":"cond-expr","locations":[{"start":{"line":178,"column":12},"end":{"line":178,"column":23}},{"start":{"line":179,"column":12},"end":{"line":179,"column":56}}]}},"s":{"0":6,"1":6,"2":6,"3":6,"4":6,"5":6,"6":6,"7":6,"8":6,"9":6,"10":6,"11":17,"12":17,"13":76,"14":26,"15":508,"16":558,"17":6,"18":10,"19":10,"20":186,"21":10,"22":186,"23":10,"24":186,"25":10,"26":6,"27":10,"28":10,"29":10,"30":10,"31":10,"32":10,"33":10,"34":10,"35":10,"36":10,"37":6,"38":17,"39":17,"40":76,"41":17,"42":6,"43":17,"44":17,"45":9,"46":17,"47":9,"48":17,"49":6,"50":10,"51":10,"52":10,"53":10,"54":10,"55":9,"56":9,"57":9,"58":2,"59":2,"60":2,"61":2,"62":17,"63":17,"64":17,"65":76,"66":36,"67":17,"68":5,"69":5,"70":5,"71":5,"72":17,"73":2,"74":2,"75":2,"76":1,"77":1,"78":3,"79":3,"80":10},"f":{"0":17,"1":76,"2":26,"3":508,"4":558,"5":10,"6":186,"7":186,"8":186,"9":10,"10":17,"11":76,"12":17,"13":10,"14":9,"15":2,"16":17,"17":17,"18":76,"19":36,"20":5,"21":2,"22":2,"23":1,"24":3},"b":{"0":[9,8],"1":[9,8],"2":[9,1],"3":[2,1],"4":[6],"5":[0,17],"6":[0],"7":[3,2]}}
,"/Users/nox/projects/@raynode/utils/gram/src/utils.ts": {"path":"/Users/nox/projects/@raynode/utils/gram/src/utils.ts","statementMap":{"0":{"start":{"line":1,"column":0},"end":{"line":1,"column":null}},"1":{"start":{"line":12,"column":0},"end":{"line":12,"column":63}},"2":{"start":{"line":14,"column":0},"end":{"line":14,"column":46}},"3":{"start":{"line":28,"column":13},"end":{"line":30,"column":null}},"4":{"start":{"line":30,"column":38},"end":{"line":30,"column":63}},"5":{"start":{"line":32,"column":13},"end":{"line":34,"column":null}},"6":{"start":{"line":34,"column":5},"end":{"line":34,"column":78}},"7":{"start":{"line":34,"column":37},"end":{"line":34,"column":77}},"8":{"start":{"line":36,"column":13},"end":{"line":39,"column":null}},"9":{"start":{"line":36,"column":57},"end":{"line":39,"column":2}},"10":{"start":{"line":38,"column":4},"end":{"line":38,"column":69}},"11":{"start":{"line":41,"column":13},"end":{"line":42,"column":null}},"12":{"start":{"line":42,"column":2},"end":{"line":42,"column":26}},"13":{"start":{"line":49,"column":13},"end":{"line":56,"column":null}},"14":{"start":{"line":53,"column":5},"end":{"line":56,"column":67}},"15":{"start":{"line":53,"column":61},"end":{"line":56,"column":67}},"16":{"start":{"line":56,"column":5},"end":{"line":56,"column":67}},"17":{"start":{"line":60,"column":13},"end":{"line":77,"column":null}},"18":{"start":{"line":70,"column":2},"end":{"line":76,"column":null}},"19":{"start":{"line":72,"column":31},"end":{"line":74,"column":null}},"20":{"start":{"line":83,"column":13},"end":{"line":92,"column":null}},"21":{"start":{"line":89,"column":2},"end":{"line":89,"column":null}},"22":{"start":{"line":89,"column":34},"end":{"line":89,"column":null}},"23":{"start":{"line":90,"column":2},"end":{"line":90,"column":null}},"24":{"start":{"line":90,"column":20},"end":{"line":90,"column":null}},"25":{"start":{"line":90,"column":33},"end":{"line":90,"column":37}},"26":{"start":{"line":91,"column":2},"end":{"line":91,"column":null}},"27":{"start":{"line":91,"column":20},"end":{"line":91,"column":47}},"28":{"start":{"line":96,"column":13},"end":{"line":97,"column":null}},"29":{"start":{"line":97,"column":2},"end":{"line":97,"column":59}},"30":{"start":{"line":99,"column":13},"end":{"line":102,"column":null}},"31":{"start":{"line":102,"column":6},"end":{"line":102,"column":34}},"32":{"start":{"line":104,"column":13},"end":{"line":107,"column":null}},"33":{"start":{"line":107,"column":6},"end":{"line":107,"column":43}},"34":{"start":{"line":109,"column":13},"end":{"line":117,"column":null}},"35":{"start":{"line":113,"column":2},"end":{"line":117,"column":10}},"36":{"start":{"line":119,"column":13},"end":{"line":122,"column":null}},"37":{"start":{"line":122,"column":2},"end":{"line":122,"column":77}},"38":{"start":{"line":122,"column":61},"end":{"line":122,"column":76}},"39":{"start":{"line":124,"column":13},"end":{"line":145,"column":null}},"40":{"start":{"line":134,"column":2},"end":{"line":144,"column":null}},"41":{"start":{"line":138,"column":8},"end":{"line":142,"column":null}},"42":{"start":{"line":147,"column":13},"end":{"line":150,"column":null}},"43":{"start":{"line":147,"column":72},"end":{"line":150,"column":2}},"44":{"start":{"line":156,"column":13},"end":{"line":167,"column":null}},"45":{"start":{"line":160,"column":5},"end":{"line":167,"column":1}},"46":{"start":{"line":161,"column":43},"end":{"line":161,"column":65}},"47":{"start":{"line":162,"column":2},"end":{"line":166,"column":null}},"48":{"start":{"line":163,"column":21},"end":{"line":163,"column":69}},"49":{"start":{"line":164,"column":27},"end":{"line":164,"column":31}},"50":{"start":{"line":169,"column":13},"end":{"line":180,"column":null}},"51":{"start":{"line":173,"column":2},"end":{"line":179,"column":null}},"52":{"start":{"line":175,"column":6},"end":{"line":179,"column":8}},"53":{"start":{"line":178,"column":10},"end":{"line":178,"column":70}}},"fnMap":{"0":{"name":"(anonymous_0)","decl":{"start":{"line":28,"column":27},"end":{"line":28,"column":null}},"loc":{"start":{"line":30,"column":38},"end":{"line":30,"column":63}}},"1":{"name":"(anonymous_1)","decl":{"start":{"line":32,"column":27},"end":{"line":32,"column":null}},"loc":{"start":{"line":34,"column":5},"end":{"line":34,"column":78}}},"2":{"name":"(anonymous_2)","decl":{"start":{"line":34,"column":5},"end":{"line":34,"column":6}},"loc":{"start":{"line":34,"column":37},"end":{"line":34,"column":77}}},"3":{"name":"(anonymous_3)","decl":{"start":{"line":36,"column":22},"end":{"line":36,"column":23}},"loc":{"start":{"line":36,"column":57},"end":{"line":39,"column":2}}},"4":{"name":"(anonymous_4)","decl":{"start":{"line":37,"column":10},"end":{"line":37,"column":11}},"loc":{"start":{"line":38,"column":4},"end":{"line":38,"column":69}}},"5":{"name":"(anonymous_5)","decl":{"start":{"line":41,"column":27},"end":{"line":41,"column":28}},"loc":{"start":{"line":42,"column":2},"end":{"line":42,"column":26}}},"6":{"name":"(anonymous_6)","decl":{"start":{"line":49,"column":29},"end":{"line":49,"column":null}},"loc":{"start":{"line":53,"column":5},"end":{"line":56,"column":67}}},"7":{"name":"(anonymous_7)","decl":{"start":{"line":53,"column":5},"end":{"line":53,"column":6}},"loc":{"start":{"line":53,"column":61},"end":{"line":56,"column":67}}},"8":{"name":"(anonymous_8)","decl":{"start":{"line":53,"column":61},"end":{"line":53,"column":null}},"loc":{"start":{"line":56,"column":5},"end":{"line":56,"column":67}}},"9":{"name":"(anonymous_9)","decl":{"start":{"line":60,"column":28},"end":{"line":60,"column":null}},"loc":{"start":{"line":70,"column":2},"end":{"line":76,"column":null}}},"10":{"name":"(anonymous_10)","decl":{"start":{"line":72,"column":4},"end":{"line":72,"column":5}},"loc":{"start":{"line":72,"column":31},"end":{"line":74,"column":null}}},"11":{"name":"(anonymous_11)","decl":{"start":{"line":83,"column":27},"end":{"line":83,"column":null}},"loc":{"start":{"line":88,"column":32},"end":{"line":92,"column":1}}},"12":{"name":"(anonymous_12)","decl":{"start":{"line":90,"column":27},"end":{"line":90,"column":30}},"loc":{"start":{"line":90,"column":33},"end":{"line":90,"column":37}}},"13":{"name":"(anonymous_13)","decl":{"start":{"line":91,"column":9},"end":{"line":91,"column":16}},"loc":{"start":{"line":91,"column":20},"end":{"line":91,"column":47}}},"14":{"name":"(anonymous_14)","decl":{"start":{"line":96,"column":22},"end":{"line":96,"column":63}},"loc":{"start":{"line":97,"column":2},"end":{"line":97,"column":59}}},"15":{"name":"(anonymous_15)","decl":{"start":{"line":99,"column":31},"end":{"line":99,"column":null}},"loc":{"start":{"line":102,"column":6},"end":{"line":102,"column":34}}},"16":{"name":"(anonymous_16)","decl":{"start":{"line":104,"column":34},"end":{"line":104,"column":null}},"loc":{"start":{"line":107,"column":6},"end":{"line":107,"column":43}}},"17":{"name":"(anonymous_17)","decl":{"start":{"line":109,"column":31},"end":{"line":109,"column":null}},"loc":{"start":{"line":113,"column":2},"end":{"line":117,"column":10}}},"18":{"name":"(anonymous_18)","decl":{"start":{"line":119,"column":35},"end":{"line":119,"column":null}},"loc":{"start":{"line":122,"column":2},"end":{"line":122,"column":77}}},"19":{"name":"(anonymous_19)","decl":{"start":{"line":122,"column":14},"end":{"line":122,"column":15}},"loc":{"start":{"line":122,"column":61},"end":{"line":122,"column":76}}},"20":{"name":"(anonymous_20)","decl":{"start":{"line":124,"column":35},"end":{"line":124,"column":null}},"loc":{"start":{"line":134,"column":2},"end":{"line":144,"column":null}}},"21":{"name":"(anonymous_21)","decl":{"start":{"line":137,"column":6},"end":{"line":137,"column":7}},"loc":{"start":{"line":138,"column":8},"end":{"line":142,"column":null}}},"22":{"name":"(anonymous_22)","decl":{"start":{"line":147,"column":30},"end":{"line":147,"column":37}},"loc":{"start":{"line":147,"column":72},"end":{"line":150,"column":2}}},"23":{"name":"(anonymous_23)","decl":{"start":{"line":156,"column":41},"end":{"line":156,"column":null}},"loc":{"start":{"line":160,"column":5},"end":{"line":167,"column":1}}},"24":{"name":"(anonymous_24)","decl":{"start":{"line":160,"column":5},"end":{"line":160,"column":6}},"loc":{"start":{"line":160,"column":50},"end":{"line":167,"column":1}}},"25":{"name":"(anonymous_25)","decl":{"start":{"line":163,"column":15},"end":{"line":163,"column":18}},"loc":{"start":{"line":163,"column":21},"end":{"line":163,"column":69}}},"26":{"name":"(anonymous_26)","decl":{"start":{"line":164,"column":13},"end":{"line":164,"column":14}},"loc":{"start":{"line":164,"column":27},"end":{"line":164,"column":31}}},"27":{"name":"(anonymous_27)","decl":{"start":{"line":169,"column":31},"end":{"line":169,"column":null}},"loc":{"start":{"line":173,"column":2},"end":{"line":179,"column":null}}},"28":{"name":"(anonymous_28)","decl":{"start":{"line":174,"column":4},"end":{"line":174,"column":16}},"loc":{"start":{"line":175,"column":6},"end":{"line":179,"column":8}}},"29":{"name":"(anonymous_29)","decl":{"start":{"line":177,"column":16},"end":{"line":177,"column":19}},"loc":{"start":{"line":178,"column":10},"end":{"line":178,"column":70}}}},"branchMap":{"0":{"loc":{"start":{"line":34,"column":57},"end":{"line":34,"column":70}},"type":"cond-expr","locations":[{"start":{"line":34,"column":57},"end":{"line":34,"column":70}},{"start":{"line":34,"column":73},"end":{"line":34,"column":77}}]},"1":{"loc":{"start":{"line":38,"column":4},"end":{"line":38,"column":31}},"type":"binary-expr","locations":[{"start":{"line":38,"column":4},"end":{"line":38,"column":31}},{"start":{"line":38,"column":35},"end":{"line":38,"column":69}}]},"2":{"loc":{"start":{"line":89,"column":2},"end":{"line":89,"column":null}},"type":"if","locations":[{"start":{"line":89,"column":2},"end":{"line":89,"column":null}},{"start":{"line":89,"column":2},"end":{"line":89,"column":null}}]},"3":{"loc":{"start":{"line":90,"column":2},"end":{"line":90,"column":null}},"type":"if","locations":[{"start":{"line":90,"column":2},"end":{"line":90,"column":null}},{"start":{"line":90,"column":2},"end":{"line":90,"column":null}}]},"4":{"loc":{"start":{"line":102,"column":15},"end":{"line":102,"column":27}},"type":"cond-expr","locations":[{"start":{"line":102,"column":15},"end":{"line":102,"column":27}},{"start":{"line":102,"column":30},"end":{"line":102,"column":34}}]},"5":{"loc":{"start":{"line":107,"column":16},"end":{"line":107,"column":36}},"type":"cond-expr","locations":[{"start":{"line":107,"column":16},"end":{"line":107,"column":36}},{"start":{"line":107,"column":39},"end":{"line":107,"column":43}}]},"6":{"loc":{"start":{"line":114,"column":6},"end":{"line":114,"column":18}},"type":"cond-expr","locations":[{"start":{"line":114,"column":6},"end":{"line":114,"column":18}},{"start":{"line":115,"column":6},"end":{"line":117,"column":10}}]},"7":{"loc":{"start":{"line":116,"column":6},"end":{"line":116,"column":26}},"type":"cond-expr","locations":[{"start":{"line":116,"column":6},"end":{"line":116,"column":26}},{"start":{"line":117,"column":6},"end":{"line":117,"column":10}}]},"8":{"loc":{"start":{"line":126,"column":15},"end":{"line":126,"column":19}},"type":"default-arg","locations":[{"start":{"line":126,"column":15},"end":{"line":126,"column":19}}]},"9":{"loc":{"start":{"line":144,"column":6},"end":{"line":144,"column":10}},"type":"binary-expr","locations":[{"start":{"line":144,"column":6},"end":{"line":144,"column":10}},{"start":{"line":144,"column":14},"end":{"line":144,"column":16}}]},"10":{"loc":{"start":{"line":161,"column":32},"end":{"line":161,"column":38}},"type":"default-arg","locations":[{"start":{"line":161,"column":32},"end":{"line":161,"column":38}}]}},"s":{"0":6,"1":6,"2":6,"3":6,"4":5,"5":6,"6":5,"7":5,"8":6,"9":41,"10":328,"11":6,"12":228,"13":6,"14":18,"15":51,"16":228,"17":6,"18":17,"19":51,"20":6,"21":115,"22":30,"23":85,"24":62,"25":564,"26":23,"27":224,"28":6,"29":174,"30":6,"31":0,"32":6,"33":22,"34":6,"35":48,"36":6,"37":108,"38":518,"39":6,"40":76,"41":528,"42":6,"43":1,"44":6,"45":18,"46":48,"47":48,"48":0,"49":0,"50":6,"51":30,"52":98,"53":98},"f":{"0":5,"1":5,"2":5,"3":41,"4":328,"5":228,"6":18,"7":51,"8":228,"9":17,"10":51,"11":115,"12":564,"13":224,"14":174,"15":0,"16":22,"17":48,"18":108,"19":518,"20":76,"21":528,"22":1,"23":18,"24":48,"25":0,"26":0,"27":30,"28":98,"29":98},"b":{"0":[4,1],"1":[328,36],"2":[30,85],"3":[62,23],"4":[0,0],"5":[7,15],"6":[32,16],"7":[16,0],"8":[0],"9":[76,0],"10":[0]}}
,"/Users/nox/projects/@raynode/utils/gram/src/data-types/create.ts": {"path":"/Users/nox/projects/@raynode/utils/gram/src/data-types/create.ts","statementMap":{"0":{"start":{"line":1,"column":0},"end":{"line":1,"column":48}},"1":{"start":{"line":2,"column":0},"end":{"line":2,"column":38}},"2":{"start":{"line":6,"column":0},"end":{"line":6,"column":null}},"3":{"start":{"line":12,"column":13},"end":{"line":21,"column":null}},"4":{"start":{"line":13,"column":2},"end":{"line":20,"column":5}},"5":{"start":{"line":13,"column":71},"end":{"line":19,"column":null}}},"fnMap":{"0":{"name":"(anonymous_0)","decl":{"start":{"line":12,"column":42},"end":{"line":12,"column":54}},"loc":{"start":{"line":13,"column":2},"end":{"line":20,"column":5}}},"1":{"name":"(anonymous_1)","decl":{"start":{"line":13,"column":40},"end":{"line":13,"column":41}},"loc":{"start":{"line":13,"column":71},"end":{"line":19,"column":null}}}},"branchMap":{"0":{"loc":{"start":{"line":17,"column":10},"end":{"line":17,"column":14}},"type":"cond-expr","locations":[{"start":{"line":17,"column":10},"end":{"line":17,"column":14}},{"start":{"line":18,"column":10},"end":{"line":18,"column":58}}]}},"s":{"0":6,"1":6,"2":6,"3":6,"4":16,"5":112},"f":{"0":16,"1":112},"b":{"0":[90,22]}}
,"/Users/nox/projects/@raynode/utils/gram/src/data-types/data.ts": {"path":"/Users/nox/projects/@raynode/utils/gram/src/data-types/data.ts","statementMap":{"0":{"start":{"line":1,"column":0},"end":{"line":1,"column":null}},"1":{"start":{"line":8,"column":0},"end":{"line":8,"column":38}},"2":{"start":{"line":9,"column":0},"end":{"line":9,"column":67}},"3":{"start":{"line":11,"column":13},"end":{"line":16,"column":null}},"4":{"start":{"line":12,"column":2},"end":{"line":15,"column":5}},"5":{"start":{"line":12,"column":69},"end":{"line":14,"column":null}}},"fnMap":{"0":{"name":"(anonymous_0)","decl":{"start":{"line":11,"column":40},"end":{"line":11,"column":52}},"loc":{"start":{"line":12,"column":2},"end":{"line":15,"column":5}}},"1":{"name":"(anonymous_1)","decl":{"start":{"line":12,"column":40},"end":{"line":12,"column":41}},"loc":{"start":{"line":12,"column":69},"end":{"line":14,"column":null}}}},"branchMap":{"0":{"loc":{"start":{"line":14,"column":41},"end":{"line":14,"column":45}},"type":"cond-expr","locations":[{"start":{"line":14,"column":41},"end":{"line":14,"column":45}},{"start":{"line":14,"column":48},"end":{"line":14,"column":60}}]}},"s":{"0":6,"1":6,"2":6,"3":6,"4":16,"5":112},"f":{"0":16,"1":112},"b":{"0":[90,22]}}
,"/Users/nox/projects/@raynode/utils/gram/src/data-types/filter.ts": {"path":"/Users/nox/projects/@raynode/utils/gram/src/data-types/filter.ts","statementMap":{"0":{"start":{"line":1,"column":0},"end":{"line":1,"column":32}},"1":{"start":{"line":2,"column":0},"end":{"line":2,"column":67}},"2":{"start":{"line":4,"column":13},"end":{"line":15,"column":null}},"3":{"start":{"line":5,"column":2},"end":{"line":13,"column":null}},"4":{"start":{"line":8,"column":34},"end":{"line":12,"column":null}}},"fnMap":{"0":{"name":"(anonymous_0)","decl":{"start":{"line":4,"column":42},"end":{"line":4,"column":54}},"loc":{"start":{"line":5,"column":2},"end":{"line":13,"column":null}}},"1":{"name":"(anonymous_1)","decl":{"start":{"line":8,"column":4},"end":{"line":8,"column":5}},"loc":{"start":{"line":8,"column":34},"end":{"line":12,"column":null}}}},"branchMap":{"0":{"loc":{"start":{"line":11,"column":10},"end":{"line":11,"column":62}},"type":"cond-expr","locations":[{"start":{"line":11,"column":10},"end":{"line":11,"column":62}},{"start":{"line":12,"column":10},"end":{"line":12,"column":14}}]}},"s":{"0":6,"1":6,"2":6,"3":22,"4":152},"f":{"0":22,"1":152},"b":{"0":[130,22]}}
,"/Users/nox/projects/@raynode/utils/gram/src/data-types/index.ts": {"path":"/Users/nox/projects/@raynode/utils/gram/src/data-types/index.ts","statementMap":{"0":{"start":{"line":1,"column":0},"end":{"line":1,"column":24}},"1":{"start":{"line":2,"column":0},"end":{"line":2,"column":22}},"2":{"start":{"line":3,"column":0},"end":{"line":3,"column":24}},"3":{"start":{"line":4,"column":0},"end":{"line":4,"column":22}},"4":{"start":{"line":5,"column":0},"end":{"line":5,"column":22}},"5":{"start":{"line":6,"column":0},"end":{"line":6,"column":23}}},"fnMap":{},"branchMap":{},"s":{"0":6,"1":6,"2":6,"3":6,"4":6,"5":6},"f":{},"b":{}}
,"/Users/nox/projects/@raynode/utils/gram/src/data-types/list.ts": {"path":"/Users/nox/projects/@raynode/utils/gram/src/data-types/list.ts","statementMap":{"0":{"start":{"line":2,"column":0},"end":{"line":2,"column":54}},"1":{"start":{"line":4,"column":13},"end":{"line":7,"column":null}},"2":{"start":{"line":4,"column":57},"end":{"line":7,"column":2}}},"fnMap":{"0":{"name":"(anonymous_0)","decl":{"start":{"line":4,"column":40},"end":{"line":4,"column":52}},"loc":{"start":{"line":4,"column":57},"end":{"line":7,"column":2}}}},"branchMap":{},"s":{"0":6,"1":6,"2":22},"f":{"0":22},"b":{}}
,"/Users/nox/projects/@raynode/utils/gram/src/data-types/page.ts": {"path":"/Users/nox/projects/@raynode/utils/gram/src/data-types/page.ts","statementMap":{"0":{"start":{"line":1,"column":0},"end":{"line":1,"column":64}},"1":{"start":{"line":2,"column":0},"end":{"line":2,"column":46}},"2":{"start":{"line":4,"column":13},"end":{"line":7,"column":null}},"3":{"start":{"line":4,"column":47},"end":{"line":7,"column":2}}},"fnMap":{"0":{"name":"(anonymous_0)","decl":{"start":{"line":4,"column":40},"end":{"line":4,"column":43}},"loc":{"start":{"line":4,"column":47},"end":{"line":7,"column":2}}}},"branchMap":{},"s":{"0":6,"1":6,"2":6,"3":22},"f":{"0":22},"b":{}}
,"/Users/nox/projects/@raynode/utils/gram/src/data-types/where.ts": {"path":"/Users/nox/projects/@raynode/utils/gram/src/data-types/where.ts","statementMap":{"0":{"start":{"line":1,"column":0},"end":{"line":1,"column":60}},"1":{"start":{"line":2,"column":0},"end":{"line":2,"column":67}},"2":{"start":{"line":4,"column":13},"end":{"line":16,"column":null}},"3":{"start":{"line":5,"column":2},"end":{"line":14,"column":null}},"4":{"start":{"line":8,"column":34},"end":{"line":13,"column":null}}},"fnMap":{"0":{"name":"(anonymous_0)","decl":{"start":{"line":4,"column":41},"end":{"line":4,"column":53}},"loc":{"start":{"line":5,"column":2},"end":{"line":14,"column":null}}},"1":{"name":"(anonymous_1)","decl":{"start":{"line":8,"column":4},"end":{"line":8,"column":5}},"loc":{"start":{"line":8,"column":34},"end":{"line":13,"column":null}}}},"branchMap":{"0":{"loc":{"start":{"line":11,"column":23},"end":{"line":11,"column":27}},"type":"cond-expr","locations":[{"start":{"line":11,"column":23},"end":{"line":11,"column":27}},{"start":{"line":11,"column":30},"end":{"line":11,"column":35}}]}},"s":{"0":6,"1":6,"2":6,"3":22,"4":152},"f":{"0":22,"1":152},"b":{"0":[152,0]}}
,"/Users/nox/projects/@raynode/utils/gram/src/event-types/index.ts": {"path":"/Users/nox/projects/@raynode/utils/gram/src/event-types/index.ts","statementMap":{"0":{"start":{"line":1,"column":0},"end":{"line":1,"column":52}},"1":{"start":{"line":3,"column":13},"end":{"line":6,"column":null}},"2":{"start":{"line":3,"column":65},"end":{"line":6,"column":2}},"3":{"start":{"line":8,"column":13},"end":{"line":11,"column":null}},"4":{"start":{"line":8,"column":65},"end":{"line":11,"column":2}},"5":{"start":{"line":13,"column":13},"end":{"line":16,"column":null}},"6":{"start":{"line":13,"column":65},"end":{"line":16,"column":2}}},"fnMap":{"0":{"name":"(anonymous_0)","decl":{"start":{"line":3,"column":48},"end":{"line":3,"column":60}},"loc":{"start":{"line":3,"column":65},"end":{"line":6,"column":2}}},"1":{"name":"(anonymous_1)","decl":{"start":{"line":8,"column":48},"end":{"line":8,"column":60}},"loc":{"start":{"line":8,"column":65},"end":{"line":11,"column":2}}},"2":{"name":"(anonymous_2)","decl":{"start":{"line":13,"column":48},"end":{"line":13,"column":60}},"loc":{"start":{"line":13,"column":65},"end":{"line":16,"column":2}}}},"branchMap":{},"s":{"0":6,"1":6,"2":16,"3":6,"4":16,"5":6,"6":16},"f":{"0":16,"1":16,"2":16},"b":{}}
,"/Users/nox/projects/@raynode/utils/gram/src/field-reducers/index.ts": {"path":"/Users/nox/projects/@raynode/utils/gram/src/field-reducers/index.ts","statementMap":{"0":{"start":{"line":1,"column":0},"end":{"line":1,"column":44}},"1":{"start":{"line":2,"column":0},"end":{"line":2,"column":44}},"2":{"start":{"line":3,"column":0},"end":{"line":3,"column":40}},"3":{"start":{"line":5,"column":13},"end":{"line":15,"column":null}},"4":{"start":{"line":5,"column":72},"end":{"line":15,"column":2}},"5":{"start":{"line":17,"column":13},"end":{"line":24,"column":null}},"6":{"start":{"line":17,"column":68},"end":{"line":24,"column":2}},"7":{"start":{"line":26,"column":13},"end":{"line":31,"column":null}},"8":{"start":{"line":26,"column":65},"end":{"line":31,"column":2}}},"fnMap":{"0":{"name":"(anonymous_0)","decl":{"start":{"line":5,"column":55},"end":{"line":5,"column":67}},"loc":{"start":{"line":5,"column":72},"end":{"line":15,"column":2}}},"1":{"name":"(anonymous_1)","decl":{"start":{"line":17,"column":51},"end":{"line":17,"column":63}},"loc":{"start":{"line":17,"column":68},"end":{"line":24,"column":2}}},"2":{"name":"(anonymous_2)","decl":{"start":{"line":26,"column":48},"end":{"line":26,"column":60}},"loc":{"start":{"line":26,"column":65},"end":{"line":31,"column":2}}}},"branchMap":{"0":{"loc":{"start":{"line":7,"column":4},"end":{"line":7,"column":46}},"type":"binary-expr","locations":[{"start":{"line":7,"column":4},"end":{"line":7,"column":46}},{"start":{"line":8,"column":4},"end":{"line":8,"column":35}}]},"1":{"loc":{"start":{"line":10,"column":4},"end":{"line":10,"column":46}},"type":"binary-expr","locations":[{"start":{"line":10,"column":4},"end":{"line":10,"column":46}},{"start":{"line":11,"column":4},"end":{"line":11,"column":35}}]},"2":{"loc":{"start":{"line":13,"column":4},"end":{"line":13,"column":46}},"type":"binary-expr","locations":[{"start":{"line":13,"column":4},"end":{"line":13,"column":46}},{"start":{"line":14,"column":4},"end":{"line":14,"column":35}}]},"3":{"loc":{"start":{"line":19,"column":4},"end":{"line":19,"column":42}},"type":"binary-expr","locations":[{"start":{"line":19,"column":4},"end":{"line":19,"column":42}},{"start":{"line":19,"column":46},"end":{"line":19,"column":77}}]},"4":{"loc":{"start":{"line":21,"column":4},"end":{"line":21,"column":42}},"type":"binary-expr","locations":[{"start":{"line":21,"column":4},"end":{"line":21,"column":42}},{"start":{"line":21,"column":46},"end":{"line":21,"column":77}}]},"5":{"loc":{"start":{"line":23,"column":4},"end":{"line":23,"column":42}},"type":"binary-expr","locations":[{"start":{"line":23,"column":4},"end":{"line":23,"column":42}},{"start":{"line":23,"column":46},"end":{"line":23,"column":77}}]},"6":{"loc":{"start":{"line":28,"column":4},"end":{"line":28,"column":40}},"type":"binary-expr","locations":[{"start":{"line":28,"column":4},"end":{"line":28,"column":40}},{"start":{"line":28,"column":44},"end":{"line":28,"column":76}}]},"7":{"loc":{"start":{"line":30,"column":4},"end":{"line":30,"column":41}},"type":"binary-expr","locations":[{"start":{"line":30,"column":4},"end":{"line":30,"column":41}},{"start":{"line":30,"column":45},"end":{"line":30,"column":78}}]}},"s":{"0":6,"1":6,"2":6,"3":6,"4":76,"5":6,"6":76,"7":6,"8":76},"f":{"0":76,"1":76,"2":76},"b":{"0":[76,16],"1":[76,16],"2":[76,16],"3":[76,16],"4":[76,16],"5":[76,16],"6":[76,22],"7":[76,22]}}
,"/Users/nox/projects/@raynode/utils/gram/src/field-types/create.ts": {"path":"/Users/nox/projects/@raynode/utils/gram/src/field-types/create.ts","statementMap":{"0":{"start":{"line":1,"column":0},"end":{"line":1,"column":58}},"1":{"start":{"line":2,"column":0},"end":{"line":2,"column":54}},"2":{"start":{"line":3,"column":0},"end":{"line":3,"column":46}},"3":{"start":{"line":5,"column":13},"end":{"line":16,"column":null}},"4":{"start":{"line":5,"column":59},"end":{"line":16,"column":2}},"5":{"start":{"line":13,"column":4},"end":{"line":15,"column":6}}},"fnMap":{"0":{"name":"(anonymous_0)","decl":{"start":{"line":5,"column":42},"end":{"line":5,"column":54}},"loc":{"start":{"line":5,"column":59},"end":{"line":16,"column":2}}},"1":{"name":"(anonymous_1)","decl":{"start":{"line":12,"column":11},"end":{"line":12,"column":12}},"loc":{"start":{"line":13,"column":4},"end":{"line":15,"column":6}}}},"branchMap":{},"s":{"0":6,"1":6,"2":6,"3":6,"4":16,"5":2},"f":{"0":16,"1":2},"b":{}}
,"/Users/nox/projects/@raynode/utils/gram/src/field-types/find-many.ts": {"path":"/Users/nox/projects/@raynode/utils/gram/src/field-types/find-many.ts","statementMap":{"0":{"start":{"line":1,"column":0},"end":{"line":1,"column":59}},"1":{"start":{"line":2,"column":0},"end":{"line":2,"column":51}},"2":{"start":{"line":3,"column":0},"end":{"line":3,"column":46}},"3":{"start":{"line":5,"column":13},"end":{"line":20,"column":null}},"4":{"start":{"line":5,"column":61},"end":{"line":20,"column":2}},"5":{"start":{"line":15,"column":4},"end":{"line":19,"column":6}}},"fnMap":{"0":{"name":"(anonymous_0)","decl":{"start":{"line":5,"column":44},"end":{"line":5,"column":56}},"loc":{"start":{"line":5,"column":61},"end":{"line":20,"column":2}}},"1":{"name":"(anonymous_1)","decl":{"start":{"line":14,"column":11},"end":{"line":14,"column":12}},"loc":{"start":{"line":15,"column":4},"end":{"line":19,"column":6}}}},"branchMap":{"0":{"loc":{"start":{"line":16,"column":13},"end":{"line":16,"column":53}},"type":"binary-expr","locations":[{"start":{"line":16,"column":13},"end":{"line":16,"column":53}},{"start":{"line":16,"column":57},"end":{"line":16,"column":61}}]},"1":{"loc":{"start":{"line":17,"column":12},"end":{"line":17,"column":51}},"type":"binary-expr","locations":[{"start":{"line":17,"column":12},"end":{"line":17,"column":51}},{"start":{"line":17,"column":55},"end":{"line":17,"column":59}}]}},"s":{"0":6,"1":6,"2":6,"3":6,"4":22,"5":1},"f":{"0":22,"1":1},"b":{"0":[1,1],"1":[1,1]}}
,"/Users/nox/projects/@raynode/utils/gram/src/field-types/find-one.ts": {"path":"/Users/nox/projects/@raynode/utils/gram/src/field-types/find-one.ts","statementMap":{"0":{"start":{"line":1,"column":0},"end":{"line":1,"column":59}},"1":{"start":{"line":2,"column":0},"end":{"line":2,"column":45}},"2":{"start":{"line":3,"column":0},"end":{"line":3,"column":46}},"3":{"start":{"line":5,"column":13},"end":{"line":18,"column":null}},"4":{"start":{"line":5,"column":60},"end":{"line":18,"column":2}},"5":{"start":{"line":14,"column":4},"end":{"line":17,"column":6}}},"fnMap":{"0":{"name":"(anonymous_0)","decl":{"start":{"line":5,"column":43},"end":{"line":5,"column":55}},"loc":{"start":{"line":5,"column":60},"end":{"line":18,"column":2}}},"1":{"name":"(anonymous_1)","decl":{"start":{"line":13,"column":11},"end":{"line":13,"column":12}},"loc":{"start":{"line":14,"column":4},"end":{"line":17,"column":6}}}},"branchMap":{"0":{"loc":{"start":{"line":16,"column":13},"end":{"line":16,"column":53}},"type":"binary-expr","locations":[{"start":{"line":16,"column":13},"end":{"line":16,"column":53}},{"start":{"line":16,"column":57},"end":{"line":16,"column":61}}]}},"s":{"0":6,"1":6,"2":6,"3":6,"4":22,"5":3},"f":{"0":22,"1":3},"b":{"0":[3,3]}}
,"/Users/nox/projects/@raynode/utils/gram/src/field-types/index.ts": {"path":"/Users/nox/projects/@raynode/utils/gram/src/field-types/index.ts","statementMap":{"0":{"start":{"line":1,"column":0},"end":{"line":1,"column":24}},"1":{"start":{"line":2,"column":0},"end":{"line":2,"column":24}},"2":{"start":{"line":3,"column":0},"end":{"line":3,"column":27}},"3":{"start":{"line":4,"column":0},"end":{"line":4,"column":26}},"4":{"start":{"line":5,"column":0},"end":{"line":5,"column":24}}},"fnMap":{},"branchMap":{},"s":{"0":6,"1":6,"2":6,"3":6,"4":6},"f":{},"b":{}}
,"/Users/nox/projects/@raynode/utils/gram/src/field-types/remove.ts": {"path":"/Users/nox/projects/@raynode/utils/gram/src/field-types/remove.ts","statementMap":{"0":{"start":{"line":1,"column":0},"end":{"line":1,"column":58}},"1":{"start":{"line":2,"column":0},"end":{"line":2,"column":45}},"2":{"start":{"line":3,"column":0},"end":{"line":3,"column":54}},"3":{"start":{"line":5,"column":13},"end":{"line":16,"column":null}},"4":{"start":{"line":5,"column":59},"end":{"line":16,"column":2}},"5":{"start":{"line":13,"column":4},"end":{"line":15,"column":6}}},"fnMap":{"0":{"name":"(anonymous_0)","decl":{"start":{"line":5,"column":42},"end":{"line":5,"column":54}},"loc":{"start":{"line":5,"column":59},"end":{"line":16,"column":2}}},"1":{"name":"(anonymous_1)","decl":{"start":{"line":12,"column":11},"end":{"line":12,"column":12}},"loc":{"start":{"line":13,"column":4},"end":{"line":15,"column":6}}}},"branchMap":{},"s":{"0":6,"1":6,"2":6,"3":6,"4":16,"5":1},"f":{"0":16,"1":1},"b":{}}
,"/Users/nox/projects/@raynode/utils/gram/src/field-types/update.ts": {"path":"/Users/nox/projects/@raynode/utils/gram/src/field-types/update.ts","statementMap":{"0":{"start":{"line":1,"column":0},"end":{"line":1,"column":58}},"1":{"start":{"line":2,"column":0},"end":{"line":2,"column":44}},"2":{"start":{"line":3,"column":0},"end":{"line":3,"column":54}},"3":{"start":{"line":5,"column":13},"end":{"line":20,"column":null}},"4":{"start":{"line":5,"column":59},"end":{"line":20,"column":2}},"5":{"start":{"line":16,"column":4},"end":{"line":19,"column":6}}},"fnMap":{"0":{"name":"(anonymous_0)","decl":{"start":{"line":5,"column":42},"end":{"line":5,"column":54}},"loc":{"start":{"line":5,"column":59},"end":{"line":20,"column":2}}},"1":{"name":"(anonymous_1)","decl":{"start":{"line":15,"column":11},"end":{"line":15,"column":12}},"loc":{"start":{"line":16,"column":4},"end":{"line":19,"column":6}}}},"branchMap":{},"s":{"0":6,"1":6,"2":6,"3":6,"4":16,"5":0},"f":{"0":16,"1":0},"b":{}}
,"/Users/nox/projects/@raynode/utils/gram/src/input-types/create.ts": {"path":"/Users/nox/projects/@raynode/utils/gram/src/input-types/create.ts","statementMap":{"0":{"start":{"line":1,"column":0},"end":{"line":1,"column":42}},"1":{"start":{"line":3,"column":13},"end":{"line":6,"column":null}},"2":{"start":{"line":5,"column":18},"end":{"line":5,"column":53}}},"fnMap":{"0":{"name":"(anonymous_0)","decl":{"start":{"line":5,"column":2},"end":{"line":5,"column":14}},"loc":{"start":{"line":5,"column":18},"end":{"line":5,"column":53}}}},"branchMap":{},"s":{"0":6,"1":6,"2":16},"f":{"0":16},"b":{}}
,"/Users/nox/projects/@raynode/utils/gram/src/input-types/data.ts": {"path":"/Users/nox/projects/@raynode/utils/gram/src/input-types/data.ts","statementMap":{"0":{"start":{"line":1,"column":0},"end":{"line":1,"column":42}},"1":{"start":{"line":3,"column":13},"end":{"line":6,"column":null}},"2":{"start":{"line":5,"column":18},"end":{"line":5,"column":51}}},"fnMap":{"0":{"name":"(anonymous_0)","decl":{"start":{"line":5,"column":2},"end":{"line":5,"column":14}},"loc":{"start":{"line":5,"column":18},"end":{"line":5,"column":51}}}},"branchMap":{},"s":{"0":6,"1":6,"2":16},"f":{"0":16},"b":{}}
,"/Users/nox/projects/@raynode/utils/gram/src/input-types/filter.ts": {"path":"/Users/nox/projects/@raynode/utils/gram/src/input-types/filter.ts","statementMap":{"0":{"start":{"line":1,"column":0},"end":{"line":1,"column":42}},"1":{"start":{"line":3,"column":13},"end":{"line":6,"column":null}},"2":{"start":{"line":5,"column":18},"end":{"line":5,"column":53}}},"fnMap":{"0":{"name":"(anonymous_0)","decl":{"start":{"line":5,"column":2},"end":{"line":5,"column":14}},"loc":{"start":{"line":5,"column":18},"end":{"line":5,"column":53}}}},"branchMap":{},"s":{"0":6,"1":6,"2":22},"f":{"0":22},"b":{}}
,"/Users/nox/projects/@raynode/utils/gram/src/input-types/index.ts": {"path":"/Users/nox/projects/@raynode/utils/gram/src/input-types/index.ts","statementMap":{"0":{"start":{"line":1,"column":0},"end":{"line":1,"column":24}},"1":{"start":{"line":2,"column":0},"end":{"line":2,"column":22}},"2":{"start":{"line":3,"column":0},"end":{"line":3,"column":24}},"3":{"start":{"line":4,"column":0},"end":{"line":4,"column":23}},"4":{"start":{"line":5,"column":0},"end":{"line":5,"column":22}},"5":{"start":{"line":6,"column":0},"end":{"line":6,"column":23}}},"fnMap":{},"branchMap":{},"s":{"0":6,"1":6,"2":6,"3":6,"4":6,"5":6},"f":{},"b":{}}
,"/Users/nox/projects/@raynode/utils/gram/src/input-types/order.ts": {"path":"/Users/nox/projects/@raynode/utils/gram/src/input-types/order.ts","statementMap":{"0":{"start":{"line":1,"column":0},"end":{"line":1,"column":41}},"1":{"start":{"line":2,"column":0},"end":{"line":2,"column":62}},"2":{"start":{"line":3,"column":0},"end":{"line":3,"column":46}},"3":{"start":{"line":5,"column":24},"end":{"line":9,"column":2}},"4":{"start":{"line":10,"column":26},"end":{"line":17,"column":null}},"5":{"start":{"line":11,"column":2},"end":{"line":17,"column":28}},"6":{"start":{"line":13,"column":43},"end":{"line":13,"column":72}},"7":{"start":{"line":15,"column":20},"end":{"line":15,"column":41}},"8":{"start":{"line":20,"column":29},"end":{"line":30,"column":null}},"9":{"start":{"line":21,"column":2},"end":{"line":29,"column":null}},"10":{"start":{"line":25,"column":21},"end":{"line":25,"column":30}},"11":{"start":{"line":27,"column":21},"end":{"line":27,"column":52}},"12":{"start":{"line":28,"column":20},"end":{"line":28,"column":29}},"13":{"start":{"line":33,"column":13},"end":{"line":39,"column":null}},"14":{"start":{"line":35,"column":4},"end":{"line":38,"column":6}}},"fnMap":{"0":{"name":"(anonymous_0)","decl":{"start":{"line":10,"column":34},"end":{"line":10,"column":35}},"loc":{"start":{"line":11,"column":2},"end":{"line":17,"column":28}}},"1":{"name":"(anonymous_1)","decl":{"start":{"line":13,"column":33},"end":{"line":13,"column":34}},"loc":{"start":{"line":13,"column":43},"end":{"line":13,"column":72}}},"2":{"name":"(anonymous_2)","decl":{"start":{"line":15,"column":9},"end":{"line":15,"column":10}},"loc":{"start":{"line":15,"column":20},"end":{"line":15,"column":41}}},"3":{"name":"(anonymous_3)","decl":{"start":{"line":20,"column":49},"end":{"line":20,"column":61}},"loc":{"start":{"line":21,"column":2},"end":{"line":29,"column":null}}},"4":{"name":"(anonymous_4)","decl":{"start":{"line":25,"column":13},"end":{"line":25,"column":17}},"loc":{"start":{"line":25,"column":21},"end":{"line":25,"column":30}}},"5":{"name":"(anonymous_5)","decl":{"start":{"line":27,"column":13},"end":{"line":27,"column":17}},"loc":{"start":{"line":27,"column":21},"end":{"line":27,"column":52}}},"6":{"name":"(anonymous_6)","decl":{"start":{"line":28,"column":10},"end":{"line":28,"column":15}},"loc":{"start":{"line":28,"column":20},"end":{"line":28,"column":29}}},"7":{"name":"(anonymous_7)","decl":{"start":{"line":34,"column":2},"end":{"line":34,"column":14}},"loc":{"start":{"line":35,"column":4},"end":{"line":38,"column":6}}}},"branchMap":{"0":{"loc":{"start":{"line":13,"column":43},"end":{"line":13,"column":65}},"type":"binary-expr","locations":[{"start":{"line":13,"column":43},"end":{"line":13,"column":65}},{"start":{"line":13,"column":69},"end":{"line":13,"column":72}}]},"1":{"loc":{"start":{"line":15,"column":24},"end":{"line":15,"column":37}},"type":"cond-expr","locations":[{"start":{"line":15,"column":24},"end":{"line":15,"column":37}},{"start":{"line":15,"column":40},"end":{"line":15,"column":41}}]}},"s":{"0":6,"1":6,"2":6,"3":6,"4":6,"5":32,"6":2,"7":34,"8":6,"9":22,"10":152,"11":152,"12":304,"13":6,"14":22},"f":{"0":32,"1":2,"2":34,"3":22,"4":152,"5":152,"6":304,"7":22},"b":{"0":[2,2],"1":[2,32]}}
,"/Users/nox/projects/@raynode/utils/gram/src/input-types/page.ts": {"path":"/Users/nox/projects/@raynode/utils/gram/src/input-types/page.ts","statementMap":{"0":{"start":{"line":1,"column":0},"end":{"line":1,"column":42}},"1":{"start":{"line":3,"column":13},"end":{"line":6,"column":null}},"2":{"start":{"line":5,"column":18},"end":{"line":5,"column":51}}},"fnMap":{"0":{"name":"(anonymous_0)","decl":{"start":{"line":5,"column":2},"end":{"line":5,"column":14}},"loc":{"start":{"line":5,"column":18},"end":{"line":5,"column":51}}}},"branchMap":{},"s":{"0":6,"1":6,"2":22},"f":{"0":22},"b":{}}
,"/Users/nox/projects/@raynode/utils/gram/src/input-types/where.ts": {"path":"/Users/nox/projects/@raynode/utils/gram/src/input-types/where.ts","statementMap":{"0":{"start":{"line":1,"column":0},"end":{"line":1,"column":42}},"1":{"start":{"line":3,"column":13},"end":{"line":6,"column":null}},"2":{"start":{"line":5,"column":18},"end":{"line":5,"column":52}}},"fnMap":{"0":{"name":"(anonymous_0)","decl":{"start":{"line":5,"column":2},"end":{"line":5,"column":14}},"loc":{"start":{"line":5,"column":18},"end":{"line":5,"column":52}}}},"branchMap":{},"s":{"0":6,"1":6,"2":22},"f":{"0":22},"b":{}}
,"/Users/nox/projects/@raynode/utils/gram/src/strategies/filter.ts": {"path":"/Users/nox/projects/@raynode/utils/gram/src/strategies/filter.ts","statementMap":{"0":{"start":{"line":1,"column":0},"end":{"line":1,"column":null}},"1":{"start":{"line":19,"column":0},"end":{"line":19,"column":36}},"2":{"start":{"line":20,"column":9},"end":{"line":20,"column":16}},"3":{"start":{"line":22,"column":22},"end":{"line":25,"column":39}},"4":{"start":{"line":25,"column":2},"end":{"line":25,"column":39}},"5":{"start":{"line":27,"column":22},"end":{"line":29,"column":75}},"6":{"start":{"line":29,"column":19},"end":{"line":29,"column":74}},"7":{"start":{"line":36,"column":13},"end":{"line":39,"column":null}},"8":{"start":{"line":36,"column":75},"end":{"line":39,"column":42}},"9":{"start":{"line":39,"column":2},"end":{"line":39,"column":42}},"10":{"start":{"line":41,"column":13},"end":{"line":41,"column":null}},"11":{"start":{"line":42,"column":13},"end":{"line":42,"column":null}},"12":{"start":{"line":43,"column":13},"end":{"line":43,"column":null}},"13":{"start":{"line":44,"column":13},"end":{"line":44,"column":null}},"14":{"start":{"line":45,"column":13},"end":{"line":45,"column":null}},"15":{"start":{"line":47,"column":13},"end":{"line":48,"column":null}},"16":{"start":{"line":48,"column":2},"end":{"line":48,"column":68}},"17":{"start":{"line":49,"column":13},"end":{"line":50,"column":null}},"18":{"start":{"line":50,"column":2},"end":{"line":50,"column":68}},"19":{"start":{"line":52,"column":55},"end":{"line":52,"column":62}},"20":{"start":{"line":53,"column":13},"end":{"line":58,"column":null}},"21":{"start":{"line":60,"column":13},"end":{"line":81,"column":null}},"22":{"start":{"line":62,"column":21},"end":{"line":81,"column":1}},"23":{"start":{"line":66,"column":15},"end":{"line":67,"column":null}},"24":{"start":{"line":69,"column":15},"end":{"line":73,"column":20}},"25":{"start":{"line":74,"column":15},"end":{"line":74,"column":48}},"26":{"start":{"line":76,"column":2},"end":{"line":80,"column":null}},"27":{"start":{"line":78,"column":6},"end":{"line":78,"column":71}}},"fnMap":{"0":{"name":"(anonymous_0)","decl":{"start":{"line":22,"column":22},"end":{"line":22,"column":null}},"loc":{"start":{"line":25,"column":2},"end":{"line":25,"column":39}}},"1":{"name":"(anonymous_1)","decl":{"start":{"line":27,"column":22},"end":{"line":27,"column":null}},"loc":{"start":{"line":29,"column":19},"end":{"line":29,"column":74}}},"2":{"name":"(anonymous_2)","decl":{"start":{"line":36,"column":36},"end":{"line":36,"column":58}},"loc":{"start":{"line":36,"column":75},"end":{"line":39,"column":42}}},"3":{"name":"(anonymous_3)","decl":{"start":{"line":36,"column":75},"end":{"line":36,"column":null}},"loc":{"start":{"line":39,"column":2},"end":{"line":39,"column":42}}},"4":{"name":"(anonymous_4)","decl":{"start":{"line":47,"column":28},"end":{"line":47,"column":29}},"loc":{"start":{"line":48,"column":2},"end":{"line":48,"column":68}}},"5":{"name":"(anonymous_5)","decl":{"start":{"line":49,"column":25},"end":{"line":49,"column":26}},"loc":{"start":{"line":50,"column":2},"end":{"line":50,"column":68}}},"6":{"name":"(anonymous_6)","decl":{"start":{"line":60,"column":36},"end":{"line":60,"column":null}},"loc":{"start":{"line":62,"column":21},"end":{"line":81,"column":1}}},"7":{"name":"(anonymous_7)","decl":{"start":{"line":62,"column":21},"end":{"line":62,"column":null}},"loc":{"start":{"line":65,"column":4},"end":{"line":81,"column":1}}},"8":{"name":"(anonymous_8)","decl":{"start":{"line":77,"column":4},"end":{"line":77,"column":5}},"loc":{"start":{"line":78,"column":6},"end":{"line":78,"column":71}}}},"branchMap":{"0":{"loc":{"start":{"line":25,"column":2},"end":{"line":25,"column":6}},"type":"binary-expr","locations":[{"start":{"line":25,"column":2},"end":{"line":25,"column":6}},{"start":{"line":25,"column":10},"end":{"line":25,"column":39}}]},"1":{"loc":{"start":{"line":29,"column":41},"end":{"line":29,"column":67}},"type":"cond-expr","locations":[{"start":{"line":29,"column":41},"end":{"line":29,"column":67}},{"start":{"line":29,"column":70},"end":{"line":29,"column":74}}]},"2":{"loc":{"start":{"line":39,"column":2},"end":{"line":39,"column":20}},"type":"binary-expr","locations":[{"start":{"line":39,"column":2},"end":{"line":39,"column":20}},{"start":{"line":39,"column":24},"end":{"line":39,"column":42}}]},"3":{"loc":{"start":{"line":48,"column":2},"end":{"line":48,"column":20}},"type":"binary-expr","locations":[{"start":{"line":48,"column":2},"end":{"line":48,"column":20}},{"start":{"line":48,"column":25},"end":{"line":48,"column":42}},{"start":{"line":48,"column":46},"end":{"line":48,"column":67}}]},"4":{"loc":{"start":{"line":50,"column":2},"end":{"line":50,"column":20}},"type":"binary-expr","locations":[{"start":{"line":50,"column":2},"end":{"line":50,"column":20}},{"start":{"line":50,"column":25},"end":{"line":50,"column":45}},{"start":{"line":50,"column":49},"end":{"line":50,"column":67}}]},"5":{"loc":{"start":{"line":67,"column":24},"end":{"line":67,"column":33}},"type":"cond-expr","locations":[{"start":{"line":67,"column":24},"end":{"line":67,"column":33}},{"start":{"line":67,"column":36},"end":{"line":67,"column":55}}]},"6":{"loc":{"start":{"line":70,"column":6},"end":{"line":70,"column":15}},"type":"cond-expr","locations":[{"start":{"line":70,"column":6},"end":{"line":70,"column":15}},{"start":{"line":71,"column":6},"end":{"line":73,"column":20}}]},"7":{"loc":{"start":{"line":72,"column":6},"end":{"line":72,"column":32}},"type":"cond-expr","locations":[{"start":{"line":72,"column":6},"end":{"line":72,"column":32}},{"start":{"line":73,"column":6},"end":{"line":73,"column":20}}]},"8":{"loc":{"start":{"line":78,"column":19},"end":{"line":78,"column":63}},"type":"cond-expr","locations":[{"start":{"line":78,"column":19},"end":{"line":78,"column":63}},{"start":{"line":78,"column":65},"end":{"line":78,"column":71}}]}},"s":{"0":6,"1":6,"2":6,"3":6,"4":336,"5":6,"6":336,"7":6,"8":31,"9":1282,"10":6,"11":6,"12":6,"13":6,"14":6,"15":6,"16":282,"17":6,"18":282,"19":6,"20":6,"21":6,"22":17,"23":282,"24":282,"25":282,"26":282,"27":1144},"f":{"0":336,"1":336,"2":31,"3":1282,"4":282,"5":282,"6":17,"7":282,"8":1144},"b":{"0":[336,336],"1":[54,282],"2":[1282,1260],"3":[282,260,218],"4":[282,260,246],"5":[282,0],"6":[282,0],"7":[0,0],"8":[128,1016]}}
,"/Users/nox/projects/@raynode/utils/gram/src/strategies/naming.ts": {"path":"/Users/nox/projects/@raynode/utils/gram/src/strategies/naming.ts","statementMap":{"0":{"start":{"line":1,"column":0},"end":{"line":1,"column":63}},"1":{"start":{"line":16,"column":13},"end":{"line":45,"column":null}},"2":{"start":{"line":16,"column":62},"end":{"line":45,"column":2}}},"fnMap":{"0":{"name":"(anonymous_0)","decl":{"start":{"line":16,"column":53},"end":{"line":16,"column":57}},"loc":{"start":{"line":16,"column":62},"end":{"line":45,"column":2}}}},"branchMap":{},"s":{"0":6,"1":6,"2":76},"f":{"0":76},"b":{}}
,"/Users/nox/projects/@raynode/utils/gram/src/strategies/filters/equals.ts": {"path":"/Users/nox/projects/@raynode/utils/gram/src/strategies/filters/equals.ts","statementMap":{"0":{"start":{"line":2,"column":13},"end":{"line":5,"column":null}},"1":{"start":{"line":2,"column":55},"end":{"line":5,"column":2}}},"fnMap":{"0":{"name":"(anonymous_0)","decl":{"start":{"line":2,"column":32},"end":{"line":2,"column":33}},"loc":{"start":{"line":2,"column":55},"end":{"line":5,"column":2}}}},"branchMap":{},"s":{"0":6,"1":128},"f":{"0":128},"b":{}}
,"/Users/nox/projects/@raynode/utils/gram/src/strategies/filters/index.ts": {"path":"/Users/nox/projects/@raynode/utils/gram/src/strategies/filters/index.ts","statementMap":{"0":{"start":{"line":3,"column":0},"end":{"line":3,"column":24}},"1":{"start":{"line":4,"column":0},"end":{"line":4,"column":22}},"2":{"start":{"line":5,"column":0},"end":{"line":5,"column":25}},"3":{"start":{"line":6,"column":0},"end":{"line":6,"column":24}},"4":{"start":{"line":8,"column":13},"end":{"line":16,"column":null}},"5":{"start":{"line":8,"column":62},"end":{"line":15,"column":null}},"6":{"start":{"line":13,"column":2},"end":{"line":15,"column":null}},"7":{"start":{"line":14,"column":24},"end":{"line":14,"column":68}},"8":{"start":{"line":18,"column":13},"end":{"line":21,"column":null}},"9":{"start":{"line":20,"column":20},"end":{"line":21,"column":62}},"10":{"start":{"line":21,"column":2},"end":{"line":21,"column":62}},"11":{"start":{"line":21,"column":35},"end":{"line":21,"column":55}}},"fnMap":{"0":{"name":"(anonymous_1)","decl":{"start":{"line":8,"column":27},"end":{"line":8,"column":28}},"loc":{"start":{"line":8,"column":62},"end":{"line":15,"column":null}}},"1":{"name":"(anonymous_2)","decl":{"start":{"line":8,"column":62},"end":{"line":8,"column":null}},"loc":{"start":{"line":13,"column":2},"end":{"line":15,"column":null}}},"2":{"name":"(anonymous_3)","decl":{"start":{"line":14,"column":4},"end":{"line":14,"column":5}},"loc":{"start":{"line":14,"column":24},"end":{"line":14,"column":68}}},"3":{"name":"(anonymous_4)","decl":{"start":{"line":18,"column":30},"end":{"line":18,"column":null}},"loc":{"start":{"line":20,"column":20},"end":{"line":21,"column":62}}},"4":{"name":"(anonymous_5)","decl":{"start":{"line":20,"column":20},"end":{"line":20,"column":24}},"loc":{"start":{"line":21,"column":2},"end":{"line":21,"column":62}}},"5":{"name":"(anonymous_6)","decl":{"start":{"line":21,"column":17},"end":{"line":21,"column":18}},"loc":{"start":{"line":21,"column":35},"end":{"line":21,"column":55}}}},"branchMap":{"0":{"loc":{"start":{"line":21,"column":35},"end":{"line":21,"column":40}},"type":"binary-expr","locations":[{"start":{"line":21,"column":35},"end":{"line":21,"column":40}},{"start":{"line":21,"column":44},"end":{"line":21,"column":55}}]}},"s":{"0":6,"1":6,"2":6,"3":6,"4":6,"5":13,"6":114,"7":228,"8":6,"9":0,"10":0,"11":0},"f":{"0":13,"1":114,"2":228,"3":0,"4":0,"5":0},"b":{"0":[0,0]}}
,"/Users/nox/projects/@raynode/utils/gram/src/strategies/filters/list.ts": {"path":"/Users/nox/projects/@raynode/utils/gram/src/strategies/filters/list.ts","statementMap":{"0":{"start":{"line":2,"column":13},"end":{"line":5,"column":null}},"1":{"start":{"line":2,"column":53},"end":{"line":5,"column":2}}},"fnMap":{"0":{"name":"(anonymous_0)","decl":{"start":{"line":2,"column":30},"end":{"line":2,"column":31}},"loc":{"start":{"line":2,"column":53},"end":{"line":5,"column":2}}}},"branchMap":{},"s":{"0":6,"1":0},"f":{"0":0},"b":{}}
,"/Users/nox/projects/@raynode/utils/gram/src/strategies/filters/numeric.ts": {"path":"/Users/nox/projects/@raynode/utils/gram/src/strategies/filters/numeric.ts","statementMap":{"0":{"start":{"line":2,"column":13},"end":{"line":5,"column":null}},"1":{"start":{"line":2,"column":56},"end":{"line":5,"column":2}}},"fnMap":{"0":{"name":"(anonymous_0)","decl":{"start":{"line":2,"column":33},"end":{"line":2,"column":34}},"loc":{"start":{"line":2,"column":56},"end":{"line":5,"column":2}}}},"branchMap":{},"s":{"0":6,"1":24},"f":{"0":24},"b":{}}
,"/Users/nox/projects/@raynode/utils/gram/src/strategies/filters/record.ts": {"path":"/Users/nox/projects/@raynode/utils/gram/src/strategies/filters/record.ts","statementMap":{"0":{"start":{"line":2,"column":13},"end":{"line":5,"column":null}},"1":{"start":{"line":2,"column":55},"end":{"line":5,"column":2}}},"fnMap":{"0":{"name":"(anonymous_0)","decl":{"start":{"line":2,"column":32},"end":{"line":2,"column":33}},"loc":{"start":{"line":2,"column":55},"end":{"line":5,"column":2}}}},"branchMap":{},"s":{"0":6,"1":90},"f":{"0":90},"b":{}}
,"/Users/nox/projects/@raynode/utils/gram/src/types/constants.ts": {"path":"/Users/nox/projects/@raynode/utils/gram/src/types/constants.ts","statementMap":{"0":{"start":{"line":2,"column":13},"end":{"line":2,"column":null}},"1":{"start":{"line":3,"column":13},"end":{"line":3,"column":null}},"2":{"start":{"line":4,"column":13},"end":{"line":4,"column":null}}},"fnMap":{},"branchMap":{},"s":{"0":6,"1":6,"2":6},"f":{},"b":{}}
,"/Users/nox/projects/@raynode/utils/gram/src/types/guards.ts": {"path":"/Users/nox/projects/@raynode/utils/gram/src/types/guards.ts","statementMap":{"0":{"start":{"line":1,"column":0},"end":{"line":1,"column":54}},"1":{"start":{"line":9,"column":0},"end":{"line":9,"column":null}},"2":{"start":{"line":15,"column":13},"end":{"line":16,"column":null}},"3":{"start":{"line":16,"column":2},"end":{"line":16,"column":37}},"4":{"start":{"line":17,"column":13},"end":{"line":20,"column":null}},"5":{"start":{"line":20,"column":2},"end":{"line":20,"column":49}},"6":{"start":{"line":21,"column":13},"end":{"line":24,"column":null}},"7":{"start":{"line":24,"column":2},"end":{"line":24,"column":45}},"8":{"start":{"line":25,"column":13},"end":{"line":28,"column":null}},"9":{"start":{"line":28,"column":2},"end":{"line":28,"column":46}},"10":{"start":{"line":30,"column":13},"end":{"line":37,"column":null}},"11":{"start":{"line":31,"column":2},"end":{"line":31,"column":null}},"12":{"start":{"line":31,"column":39},"end":{"line":31,"column":null}},"13":{"start":{"line":32,"column":2},"end":{"line":36,"column":null}},"14":{"start":{"line":34,"column":6},"end":{"line":34,"column":69}}},"fnMap":{"0":{"name":"(anonymous_0)","decl":{"start":{"line":15,"column":25},"end":{"line":15,"column":26}},"loc":{"start":{"line":16,"column":2},"end":{"line":16,"column":37}}},"1":{"name":"(anonymous_1)","decl":{"start":{"line":17,"column":34},"end":{"line":17,"column":null}},"loc":{"start":{"line":20,"column":2},"end":{"line":20,"column":49}}},"2":{"name":"(anonymous_2)","decl":{"start":{"line":21,"column":30},"end":{"line":21,"column":null}},"loc":{"start":{"line":24,"column":2},"end":{"line":24,"column":45}}},"3":{"name":"(anonymous_3)","decl":{"start":{"line":25,"column":31},"end":{"line":25,"column":null}},"loc":{"start":{"line":28,"column":2},"end":{"line":28,"column":46}}},"4":{"name":"(anonymous_4)","decl":{"start":{"line":30,"column":33},"end":{"line":30,"column":34}},"loc":{"start":{"line":30,"column":70},"end":{"line":37,"column":1}}},"5":{"name":"(anonymous_5)","decl":{"start":{"line":33,"column":4},"end":{"line":33,"column":5}},"loc":{"start":{"line":34,"column":6},"end":{"line":34,"column":69}}}},"branchMap":{"0":{"loc":{"start":{"line":16,"column":2},"end":{"line":16,"column":5}},"type":"binary-expr","locations":[{"start":{"line":16,"column":2},"end":{"line":16,"column":5}},{"start":{"line":16,"column":9},"end":{"line":16,"column":37}}]},"1":{"loc":{"start":{"line":20,"column":2},"end":{"line":20,"column":16}},"type":"binary-expr","locations":[{"start":{"line":20,"column":2},"end":{"line":20,"column":16}},{"start":{"line":20,"column":20},"end":{"line":20,"column":49}}]},"2":{"loc":{"start":{"line":24,"column":2},"end":{"line":24,"column":16}},"type":"binary-expr","locations":[{"start":{"line":24,"column":2},"end":{"line":24,"column":16}},{"start":{"line":24,"column":20},"end":{"line":24,"column":45}}]},"3":{"loc":{"start":{"line":28,"column":2},"end":{"line":28,"column":16}},"type":"binary-expr","locations":[{"start":{"line":28,"column":2},"end":{"line":28,"column":16}},{"start":{"line":28,"column":20},"end":{"line":28,"column":46}}]},"4":{"loc":{"start":{"line":31,"column":2},"end":{"line":31,"column":null}},"type":"if","locations":[{"start":{"line":31,"column":2},"end":{"line":31,"column":null}},{"start":{"line":31,"column":2},"end":{"line":31,"column":null}}]},"5":{"loc":{"start":{"line":31,"column":6},"end":{"line":31,"column":10}},"type":"binary-expr","locations":[{"start":{"line":31,"column":6},"end":{"line":31,"column":10}},{"start":{"line":31,"column":14},"end":{"line":31,"column":37}}]},"6":{"loc":{"start":{"line":34,"column":6},"end":{"line":34,"column":12}},"type":"binary-expr","locations":[{"start":{"line":34,"column":6},"end":{"line":34,"column":12}},{"start":{"line":34,"column":16},"end":{"line":34,"column":44}},{"start":{"line":34,"column":48},"end":{"line":34,"column":69}}]}},"s":{"0":6,"1":6,"2":6,"3":0,"4":6,"5":0,"6":6,"7":0,"8":6,"9":0,"10":6,"11":17,"12":17,"13":0,"14":0},"f":{"0":0,"1":0,"2":0,"3":0,"4":17,"5":0},"b":{"0":[0,0],"1":[0,0],"2":[0,0],"3":[0,0],"4":[17,0],"5":[17,2],"6":[0,0,0]}}
}
