{"/Users/nox/projects/@raynode/utils/gram/src/attributeBuilder.ts": {"path":"/Users/nox/projects/@raynode/utils/gram/src/attributeBuilder.ts","statementMap":{"0":{"start":{"line":2,"column":0},"end":{"line":2,"column":null}},"1":{"start":{"line":17,"column":0},"end":{"line":17,"column":50}},"2":{"start":{"line":18,"column":0},"end":{"line":18,"column":30}},"3":{"start":{"line":20,"column":13},"end":{"line":31,"column":null}},"4":{"start":{"line":24,"column":15},"end":{"line":24,"column":34}},"5":{"start":{"line":25,"column":18},"end":{"line":25,"column":77}},"6":{"start":{"line":26,"column":2},"end":{"line":27,"column":null}},"7":{"start":{"line":27,"column":4},"end":{"line":27,"column":null}},"8":{"start":{"line":28,"column":2},"end":{"line":29,"column":null}},"9":{"start":{"line":29,"column":4},"end":{"line":29,"column":null}},"10":{"start":{"line":30,"column":2},"end":{"line":30,"column":null}},"11":{"start":{"line":33,"column":13},"end":{"line":62,"column":null}},"12":{"start":{"line":38,"column":66},"end":{"line":60,"column":null}},"13":{"start":{"line":44,"column":6},"end":{"line":44,"column":null}},"14":{"start":{"line":45,"column":6},"end":{"line":45,"column":null}},"15":{"start":{"line":48,"column":6},"end":{"line":48,"column":null}},"16":{"start":{"line":49,"column":6},"end":{"line":49,"column":null}},"17":{"start":{"line":52,"column":6},"end":{"line":52,"column":null}},"18":{"start":{"line":53,"column":6},"end":{"line":53,"column":null}},"19":{"start":{"line":55,"column":23},"end":{"line":58,"column":6}},"20":{"start":{"line":61,"column":2},"end":{"line":61,"column":null}}},"fnMap":{"0":{"name":"(anonymous_0)","decl":{"start":{"line":20,"column":25},"end":{"line":20,"column":null}},"loc":{"start":{"line":23,"column":23},"end":{"line":31,"column":1}}},"1":{"name":"(anonymous_1)","decl":{"start":{"line":33,"column":38},"end":{"line":33,"column":null}},"loc":{"start":{"line":36,"column":52},"end":{"line":62,"column":1}}},"2":{"name":"(anonymous_2)","decl":{"start":{"line":43,"column":13},"end":{"line":43,"column":14}},"loc":{"start":{"line":43,"column":64},"end":{"line":46,"column":5}}},"3":{"name":"(anonymous_3)","decl":{"start":{"line":47,"column":12},"end":{"line":47,"column":13}},"loc":{"start":{"line":47,"column":30},"end":{"line":50,"column":5}}},"4":{"name":"(anonymous_4)","decl":{"start":{"line":51,"column":19},"end":{"line":51,"column":20}},"loc":{"start":{"line":51,"column":44},"end":{"line":54,"column":5}}},"5":{"name":"(anonymous_5)","decl":{"start":{"line":55,"column":11},"end":{"line":55,"column":18}},"loc":{"start":{"line":55,"column":23},"end":{"line":58,"column":6}}}},"branchMap":{"0":{"loc":{"start":{"line":25,"column":33},"end":{"line":25,"column":37}},"type":"cond-expr","locations":[{"start":{"line":25,"column":33},"end":{"line":25,"column":37}},{"start":{"line":25,"column":40},"end":{"line":25,"column":77}}]},"1":{"loc":{"start":{"line":26,"column":2},"end":{"line":27,"column":null}},"type":"if","locations":[{"start":{"line":26,"column":2},"end":{"line":27,"column":null}},{"start":{"line":26,"column":2},"end":{"line":27,"column":null}}]},"2":{"loc":{"start":{"line":28,"column":2},"end":{"line":29,"column":null}},"type":"if","locations":[{"start":{"line":28,"column":2},"end":{"line":29,"column":null}},{"start":{"line":28,"column":2},"end":{"line":29,"column":null}}]},"3":{"loc":{"start":{"line":47,"column":22},"end":{"line":47,"column":26}},"type":"default-arg","locations":[{"start":{"line":47,"column":22},"end":{"line":47,"column":26}}]},"4":{"loc":{"start":{"line":51,"column":36},"end":{"line":51,"column":40}},"type":"default-arg","locations":[{"start":{"line":51,"column":36},"end":{"line":51,"column":40}}]}},"s":{"0":2,"1":2,"2":2,"3":2,"4":641,"5":641,"6":641,"7":84,"8":557,"9":40,"10":517,"11":2,"12":62,"13":2,"14":2,"15":6,"16":6,"17":2,"18":2,"19":193,"20":62},"f":{"0":641,"1":62,"2":2,"3":6,"4":2,"5":193},"b":{"0":[513,128],"1":[84,557],"2":[40,517],"3":[6],"4":[2]}}
,"/Users/nox/projects/@raynode/utils/gram/src/createContextModel.ts": {"path":"/Users/nox/projects/@raynode/utils/gram/src/createContextModel.ts","statementMap":{"0":{"start":{"line":2,"column":0},"end":{"line":2,"column":null}},"1":{"start":{"line":12,"column":0},"end":{"line":12,"column":46}},"2":{"start":{"line":13,"column":0},"end":{"line":13,"column":40}},"3":{"start":{"line":14,"column":0},"end":{"line":14,"column":33}},"4":{"start":{"line":16,"column":0},"end":{"line":16,"column":57}},"5":{"start":{"line":19,"column":0},"end":{"line":19,"column":39}},"6":{"start":{"line":20,"column":0},"end":{"line":20,"column":36}},"7":{"start":{"line":23,"column":13},"end":{"line":91,"column":null}},"8":{"start":{"line":30,"column":22},"end":{"line":34,"column":10}},"9":{"start":{"line":31,"column":4},"end":{"line":34,"column":10}},"10":{"start":{"line":32,"column":6},"end":{"line":32,"column":null}},"11":{"start":{"line":33,"column":6},"end":{"line":33,"column":null}},"12":{"start":{"line":36,"column":30},"end":{"line":36,"column":32}},"13":{"start":{"line":37,"column":20},"end":{"line":37,"column":45}},"14":{"start":{"line":37,"column":26},"end":{"line":37,"column":45}},"15":{"start":{"line":38,"column":41},"end":{"line":38,"column":46}},"16":{"start":{"line":40,"column":52},"end":{"line":89,"column":null}},"17":{"start":{"line":42,"column":6},"end":{"line":42,"column":null}},"18":{"start":{"line":43,"column":6},"end":{"line":43,"column":null}},"19":{"start":{"line":45,"column":32},"end":{"line":49,"column":6}},"20":{"start":{"line":52,"column":6},"end":{"line":59,"column":null}},"21":{"start":{"line":53,"column":23},"end":{"line":53,"column":null}},"22":{"start":{"line":54,"column":21},"end":{"line":54,"column":null}},"23":{"start":{"line":55,"column":23},"end":{"line":55,"column":null}},"24":{"start":{"line":56,"column":21},"end":{"line":56,"column":null}},"25":{"start":{"line":57,"column":21},"end":{"line":57,"column":null}},"26":{"start":{"line":58,"column":22},"end":{"line":58,"column":null}},"27":{"start":{"line":61,"column":21},"end":{"line":61,"column":27}},"28":{"start":{"line":62,"column":31},"end":{"line":66,"column":6}},"29":{"start":{"line":64,"column":20},"end":{"line":64,"column":86}},"30":{"start":{"line":65,"column":29},"end":{"line":65,"column":65}},"31":{"start":{"line":67,"column":29},"end":{"line":67,"column":41}},"32":{"start":{"line":68,"column":27},"end":{"line":80,"column":8}},"33":{"start":{"line":77,"column":29},"end":{"line":77,"column":50}},"34":{"start":{"line":78,"column":10},"end":{"line":78,"column":null}},"35":{"start":{"line":78,"column":74},"end":{"line":78,"column":89}},"36":{"start":{"line":83,"column":23},"end":{"line":83,"column":46}},"37":{"start":{"line":87,"column":26},"end":{"line":87,"column":57}},"38":{"start":{"line":90,"column":2},"end":{"line":90,"column":null}}},"fnMap":{"0":{"name":"(anonymous_0)","decl":{"start":{"line":23,"column":34},"end":{"line":23,"column":null}},"loc":{"start":{"line":28,"column":4},"end":{"line":91,"column":1}}},"1":{"name":"(anonymous_1)","decl":{"start":{"line":30,"column":22},"end":{"line":30,"column":23}},"loc":{"start":{"line":31,"column":4},"end":{"line":34,"column":10}}},"2":{"name":"(anonymous_2)","decl":{"start":{"line":31,"column":19},"end":{"line":31,"column":20}},"loc":{"start":{"line":31,"column":36},"end":{"line":34,"column":5}}},"3":{"name":"(anonymous_3)","decl":{"start":{"line":37,"column":20},"end":{"line":37,"column":23}},"loc":{"start":{"line":37,"column":26},"end":{"line":37,"column":45}}},"4":{"name":"(anonymous_4)","decl":{"start":{"line":41,"column":14},"end":{"line":41,"column":15}},"loc":{"start":{"line":41,"column":35},"end":{"line":44,"column":5}}},"5":{"name":"(anonymous_5)","decl":{"start":{"line":45,"column":25},"end":{"line":45,"column":28}},"loc":{"start":{"line":45,"column":32},"end":{"line":49,"column":6}}},"6":{"name":"(anonymous_6)","decl":{"start":{"line":51,"column":24},"end":{"line":51,"column":28}},"loc":{"start":{"line":51,"column":31},"end":{"line":60,"column":5}}},"7":{"name":"(anonymous_7)","decl":{"start":{"line":61,"column":15},"end":{"line":61,"column":18}},"loc":{"start":{"line":61,"column":21},"end":{"line":61,"column":27}}},"8":{"name":"(anonymous_8)","decl":{"start":{"line":62,"column":25},"end":{"line":62,"column":28}},"loc":{"start":{"line":62,"column":31},"end":{"line":66,"column":6}}},"9":{"name":"(anonymous_9)","decl":{"start":{"line":64,"column":14},"end":{"line":64,"column":17}},"loc":{"start":{"line":64,"column":20},"end":{"line":64,"column":86}}},"10":{"name":"(anonymous_10)","decl":{"start":{"line":65,"column":18},"end":{"line":65,"column":26}},"loc":{"start":{"line":65,"column":29},"end":{"line":65,"column":65}}},"11":{"name":"(anonymous_11)","decl":{"start":{"line":67,"column":23},"end":{"line":67,"column":26}},"loc":{"start":{"line":67,"column":29},"end":{"line":67,"column":41}}},"12":{"name":"(anonymous_12)","decl":{"start":{"line":68,"column":21},"end":{"line":68,"column":24}},"loc":{"start":{"line":68,"column":27},"end":{"line":80,"column":8}}},"13":{"name":"(anonymous_13)","decl":{"start":{"line":76,"column":20},"end":{"line":76,"column":28}},"loc":{"start":{"line":76,"column":30},"end":{"line":79,"column":9}}},"14":{"name":"(anonymous_14)","decl":{"start":{"line":78,"column":65},"end":{"line":78,"column":70}},"loc":{"start":{"line":78,"column":74},"end":{"line":78,"column":89}}},"15":{"name":"(anonymous_15)","decl":{"start":{"line":83,"column":17},"end":{"line":83,"column":20}},"loc":{"start":{"line":83,"column":23},"end":{"line":83,"column":46}}},"16":{"name":"(anonymous_16)","decl":{"start":{"line":87,"column":18},"end":{"line":87,"column":21}},"loc":{"start":{"line":87,"column":23},"end":{"line":87,"column":58}}}},"branchMap":{"0":{"loc":{"start":{"line":53,"column":8},"end":{"line":53,"column":null}},"type":"switch","locations":[{"start":{"line":53,"column":8},"end":{"line":53,"column":null}},{"start":{"line":54,"column":8},"end":{"line":54,"column":null}},{"start":{"line":55,"column":8},"end":{"line":55,"column":null}},{"start":{"line":56,"column":8},"end":{"line":56,"column":null}},{"start":{"line":57,"column":8},"end":{"line":57,"column":null}},{"start":{"line":58,"column":8},"end":{"line":58,"column":null}}]},"1":{"loc":{"start":{"line":69,"column":8},"end":{"line":72,"column":8}},"type":"cond-expr","locations":[{"start":{"line":69,"column":8},"end":{"line":72,"column":8}},{"start":{"line":73,"column":8},"end":{"line":80,"column":8}}]}},"s":{"0":2,"1":2,"2":2,"3":2,"4":2,"5":2,"6":2,"7":2,"8":46,"9":43,"10":193,"11":193,"12":46,"13":46,"14":43,"15":46,"16":46,"17":202,"18":202,"19":16,"20":96,"21":16,"22":16,"23":16,"24":16,"25":16,"26":16,"27":80,"28":16,"29":16,"30":16,"31":0,"32":43,"33":25,"34":25,"35":16,"36":0,"37":20,"38":46},"f":{"0":46,"1":43,"2":193,"3":43,"4":202,"5":16,"6":96,"7":80,"8":16,"9":16,"10":16,"11":0,"12":43,"13":25,"14":16,"15":0,"16":20},"b":{"0":[16,16,16,16,16,16],"1":[18,25]}}
,"/Users/nox/projects/@raynode/utils/gram/src/index.ts": {"path":"/Users/nox/projects/@raynode/utils/gram/src/index.ts","statementMap":{"0":{"start":{"line":2,"column":0},"end":{"line":2,"column":9}},"1":{"start":{"line":2,"column":9},"end":{"line":2,"column":57}},"2":{"start":{"line":3,"column":0},"end":{"line":3,"column":9}},"3":{"start":{"line":3,"column":9},"end":{"line":3,"column":55}},"4":{"start":{"line":4,"column":0},"end":{"line":4,"column":9}},"5":{"start":{"line":4,"column":9},"end":{"line":4,"column":49}},"6":{"start":{"line":5,"column":0},"end":{"line":5,"column":9}},"7":{"start":{"line":5,"column":9},"end":{"line":5,"column":51}},"8":{"start":{"line":6,"column":0},"end":{"line":6,"column":21}}},"fnMap":{},"branchMap":{},"s":{"0":2,"1":2,"2":2,"3":2,"4":2,"5":2,"6":2,"7":2,"8":2},"f":{},"b":{}}
,"/Users/nox/projects/@raynode/utils/gram/src/modelBuilder.ts": {"path":"/Users/nox/projects/@raynode/utils/gram/src/modelBuilder.ts","statementMap":{"0":{"start":{"line":2,"column":0},"end":{"line":2,"column":71}},"1":{"start":{"line":3,"column":0},"end":{"line":3,"column":41}},"2":{"start":{"line":5,"column":0},"end":{"line":5,"column":57}},"3":{"start":{"line":6,"column":0},"end":{"line":6,"column":55}},"4":{"start":{"line":8,"column":0},"end":{"line":8,"column":46}},"5":{"start":{"line":10,"column":28},"end":{"line":19,"column":2}},"6":{"start":{"line":10,"column":73},"end":{"line":19,"column":2}},"7":{"start":{"line":21,"column":13},"end":{"line":90,"column":null}},"8":{"start":{"line":26,"column":75},"end":{"line":26,"column":77}},"9":{"start":{"line":27,"column":55},"end":{"line":27,"column":65}},"10":{"start":{"line":27,"column":61},"end":{"line":27,"column":65}},"11":{"start":{"line":28,"column":59},"end":{"line":28,"column":63}},"12":{"start":{"line":29,"column":29},"end":{"line":29,"column":34}},"13":{"start":{"line":30,"column":31},"end":{"line":30,"column":33}},"14":{"start":{"line":31,"column":21},"end":{"line":40,"column":null}},"15":{"start":{"line":42,"column":47},"end":{"line":88,"column":null}},"16":{"start":{"line":45,"column":25},"end":{"line":45,"column":35}},"17":{"start":{"line":46,"column":23},"end":{"line":46,"column":31}},"18":{"start":{"line":48,"column":6},"end":{"line":48,"column":null}},"19":{"start":{"line":49,"column":6},"end":{"line":49,"column":null}},"20":{"start":{"line":51,"column":23},"end":{"line":51,"column":34}},"21":{"start":{"line":53,"column":6},"end":{"line":54,"column":null}},"22":{"start":{"line":54,"column":8},"end":{"line":54,"column":null}},"23":{"start":{"line":55,"column":6},"end":{"line":60,"column":null}},"24":{"start":{"line":57,"column":82},"end":{"line":57,"column":86}},"25":{"start":{"line":60,"column":10},"end":{"line":60,"column":37}},"26":{"start":{"line":63,"column":27},"end":{"line":63,"column":84}},"27":{"start":{"line":64,"column":6},"end":{"line":65,"column":null}},"28":{"start":{"line":65,"column":8},"end":{"line":65,"column":null}},"29":{"start":{"line":66,"column":6},"end":{"line":67,"column":null}},"30":{"start":{"line":67,"column":8},"end":{"line":67,"column":null}},"31":{"start":{"line":68,"column":6},"end":{"line":68,"column":null}},"32":{"start":{"line":71,"column":27},"end":{"line":71,"column":60}},"33":{"start":{"line":72,"column":6},"end":{"line":72,"column":null}},"34":{"start":{"line":72,"column":34},"end":{"line":72,"column":61}},"35":{"start":{"line":73,"column":6},"end":{"line":73,"column":null}},"36":{"start":{"line":74,"column":6},"end":{"line":74,"column":null}},"37":{"start":{"line":75,"column":18},"end":{"line":75,"column":28}},"38":{"start":{"line":77,"column":6},"end":{"line":77,"column":null}},"39":{"start":{"line":78,"column":6},"end":{"line":78,"column":null}},"40":{"start":{"line":81,"column":6},"end":{"line":81,"column":null}},"41":{"start":{"line":82,"column":6},"end":{"line":82,"column":null}},"42":{"start":{"line":85,"column":6},"end":{"line":85,"column":null}},"43":{"start":{"line":86,"column":6},"end":{"line":86,"column":null}},"44":{"start":{"line":89,"column":2},"end":{"line":89,"column":null}}},"fnMap":{"0":{"name":"(anonymous_0)","decl":{"start":{"line":10,"column":28},"end":{"line":10,"column":29}},"loc":{"start":{"line":10,"column":73},"end":{"line":19,"column":2}}},"1":{"name":"(anonymous_1)","decl":{"start":{"line":21,"column":34},"end":{"line":21,"column":null}},"loc":{"start":{"line":25,"column":33},"end":{"line":90,"column":1}}},"2":{"name":"(anonymous_2)","decl":{"start":{"line":27,"column":55},"end":{"line":27,"column":58}},"loc":{"start":{"line":27,"column":61},"end":{"line":27,"column":65}}},"3":{"name":"(anonymous_3)","decl":{"start":{"line":45,"column":19},"end":{"line":45,"column":22}},"loc":{"start":{"line":45,"column":25},"end":{"line":45,"column":35}}},"4":{"name":"(anonymous_4)","decl":{"start":{"line":46,"column":17},"end":{"line":46,"column":20}},"loc":{"start":{"line":46,"column":23},"end":{"line":46,"column":31}}},"5":{"name":"(anonymous_5)","decl":{"start":{"line":47,"column":18},"end":{"line":47,"column":21}},"loc":{"start":{"line":47,"column":23},"end":{"line":50,"column":5}}},"6":{"name":"(anonymous_6)","decl":{"start":{"line":51,"column":17},"end":{"line":51,"column":20}},"loc":{"start":{"line":51,"column":23},"end":{"line":51,"column":34}}},"7":{"name":"(anonymous_7)","decl":{"start":{"line":52,"column":10},"end":{"line":52,"column":26}},"loc":{"start":{"line":52,"column":49},"end":{"line":61,"column":5}}},"8":{"name":"(anonymous_8)","decl":{"start":{"line":57,"column":76},"end":{"line":57,"column":79}},"loc":{"start":{"line":57,"column":82},"end":{"line":57,"column":86}}},"9":{"name":"(anonymous_9)","decl":{"start":{"line":59,"column":76},"end":{"line":59,"column":83}},"loc":{"start":{"line":60,"column":10},"end":{"line":60,"column":37}}},"10":{"name":"(anonymous_10)","decl":{"start":{"line":62,"column":11},"end":{"line":62,"column":18}},"loc":{"start":{"line":62,"column":21},"end":{"line":69,"column":5}}},"11":{"name":"(anonymous_11)","decl":{"start":{"line":70,"column":19},"end":{"line":70,"column":26}},"loc":{"start":{"line":70,"column":29},"end":{"line":75,"column":5}}},"12":{"name":"(anonymous_12)","decl":{"start":{"line":72,"column":26},"end":{"line":72,"column":30}},"loc":{"start":{"line":72,"column":34},"end":{"line":72,"column":61}}},"13":{"name":"(anonymous_13)","decl":{"start":{"line":75,"column":7},"end":{"line":75,"column":14}},"loc":{"start":{"line":75,"column":18},"end":{"line":75,"column":28}}},"14":{"name":"(anonymous_14)","decl":{"start":{"line":76,"column":13},"end":{"line":76,"column":20}},"loc":{"start":{"line":76,"column":23},"end":{"line":79,"column":5}}},"15":{"name":"(anonymous_15)","decl":{"start":{"line":80,"column":15},"end":{"line":80,"column":24}},"loc":{"start":{"line":80,"column":27},"end":{"line":83,"column":5}}},"16":{"name":"(anonymous_16)","decl":{"start":{"line":84,"column":14},"end":{"line":84,"column":19}},"loc":{"start":{"line":84,"column":22},"end":{"line":87,"column":5}}}},"branchMap":{"0":{"loc":{"start":{"line":11,"column":18},"end":{"line":11,"column":50}},"type":"binary-expr","locations":[{"start":{"line":11,"column":18},"end":{"line":11,"column":50}},{"start":{"line":11,"column":54},"end":{"line":11,"column":90}}]},"1":{"loc":{"start":{"line":12,"column":22},"end":{"line":12,"column":54}},"type":"binary-expr","locations":[{"start":{"line":12,"column":22},"end":{"line":12,"column":54}},{"start":{"line":12,"column":58},"end":{"line":12,"column":94}}]},"2":{"loc":{"start":{"line":13,"column":18},"end":{"line":13,"column":50}},"type":"binary-expr","locations":[{"start":{"line":13,"column":18},"end":{"line":13,"column":50}},{"start":{"line":13,"column":54},"end":{"line":13,"column":90}}]},"3":{"loc":{"start":{"line":14,"column":22},"end":{"line":14,"column":54}},"type":"binary-expr","locations":[{"start":{"line":14,"column":22},"end":{"line":14,"column":54}},{"start":{"line":14,"column":58},"end":{"line":14,"column":94}}]},"4":{"loc":{"start":{"line":15,"column":17},"end":{"line":15,"column":51}},"type":"binary-expr","locations":[{"start":{"line":15,"column":17},"end":{"line":15,"column":51}},{"start":{"line":15,"column":55},"end":{"line":15,"column":93}}]},"5":{"loc":{"start":{"line":16,"column":16},"end":{"line":16,"column":49}},"type":"binary-expr","locations":[{"start":{"line":16,"column":16},"end":{"line":16,"column":49}},{"start":{"line":16,"column":53},"end":{"line":16,"column":90}}]},"6":{"loc":{"start":{"line":17,"column":18},"end":{"line":17,"column":50}},"type":"binary-expr","locations":[{"start":{"line":17,"column":18},"end":{"line":17,"column":50}},{"start":{"line":17,"column":54},"end":{"line":17,"column":90}}]},"7":{"loc":{"start":{"line":18,"column":22},"end":{"line":18,"column":54}},"type":"binary-expr","locations":[{"start":{"line":18,"column":22},"end":{"line":18,"column":54}},{"start":{"line":18,"column":58},"end":{"line":18,"column":94}}]},"8":{"loc":{"start":{"line":31,"column":31},"end":{"line":31,"column":59}},"type":"cond-expr","locations":[{"start":{"line":31,"column":31},"end":{"line":31,"column":59}},{"start":{"line":31,"column":62},"end":{"line":40,"column":null}}]},"9":{"loc":{"start":{"line":53,"column":6},"end":{"line":54,"column":null}},"type":"if","locations":[{"start":{"line":53,"column":6},"end":{"line":54,"column":null}},{"start":{"line":53,"column":6},"end":{"line":54,"column":null}}]},"10":{"loc":{"start":{"line":57,"column":8},"end":{"line":57,"column":87}},"type":"cond-expr","locations":[{"start":{"line":57,"column":8},"end":{"line":57,"column":87}},{"start":{"line":59,"column":8},"end":{"line":60,"column":38}}]},"11":{"loc":{"start":{"line":64,"column":6},"end":{"line":65,"column":null}},"type":"if","locations":[{"start":{"line":64,"column":6},"end":{"line":65,"column":null}},{"start":{"line":64,"column":6},"end":{"line":65,"column":null}}]},"12":{"loc":{"start":{"line":66,"column":6},"end":{"line":67,"column":null}},"type":"if","locations":[{"start":{"line":66,"column":6},"end":{"line":67,"column":null}},{"start":{"line":66,"column":6},"end":{"line":67,"column":null}}]}},"s":{"0":2,"1":2,"2":2,"3":2,"4":2,"5":2,"6":15,"7":2,"8":15,"9":15,"10":46,"11":15,"12":15,"13":15,"14":15,"15":15,"16":50,"17":0,"18":8,"19":8,"20":138,"21":62,"22":0,"23":62,"24":873,"25":216,"26":46,"27":46,"28":0,"29":46,"30":20,"31":46,"32":46,"33":46,"34":202,"35":46,"36":46,"37":108,"38":0,"39":0,"40":3,"41":3,"42":0,"43":0,"44":15},"f":{"0":15,"1":15,"2":46,"3":50,"4":0,"5":8,"6":138,"7":62,"8":873,"9":216,"10":46,"11":46,"12":202,"13":108,"14":0,"15":3,"16":0},"b":{"0":[15,3],"1":[15,3],"2":[15,3],"3":[15,3],"4":[15,3],"5":[15,3],"6":[15,3],"7":[15,3],"8":[15,0],"9":[0,62],"10":[51,11],"11":[0,46],"12":[20,26]}}
,"/Users/nox/projects/@raynode/utils/gram/src/schemaBuilder.ts": {"path":"/Users/nox/projects/@raynode/utils/gram/src/schemaBuilder.ts","statementMap":{"0":{"start":{"line":2,"column":0},"end":{"line":2,"column":null}},"1":{"start":{"line":15,"column":0},"end":{"line":15,"column":40}},"2":{"start":{"line":16,"column":0},"end":{"line":16,"column":49}},"3":{"start":{"line":28,"column":0},"end":{"line":28,"column":101}},"4":{"start":{"line":29,"column":0},"end":{"line":29,"column":47}},"5":{"start":{"line":30,"column":0},"end":{"line":30,"column":33}},"6":{"start":{"line":32,"column":20},"end":{"line":40,"column":1}},"7":{"start":{"line":33,"column":17},"end":{"line":33,"column":19}},"8":{"start":{"line":34,"column":2},"end":{"line":39,"column":null}},"9":{"start":{"line":37,"column":31},"end":{"line":37,"column":51}},"10":{"start":{"line":38,"column":22},"end":{"line":38,"column":34}},"11":{"start":{"line":44,"column":13},"end":{"line":113,"column":null}},"12":{"start":{"line":46,"column":23},"end":{"line":52,"column":3}},"13":{"start":{"line":47,"column":4},"end":{"line":47,"column":null}},"14":{"start":{"line":48,"column":4},"end":{"line":48,"column":null}},"15":{"start":{"line":49,"column":4},"end":{"line":49,"column":null}},"16":{"start":{"line":50,"column":4},"end":{"line":50,"column":null}},"17":{"start":{"line":51,"column":4},"end":{"line":51,"column":null}},"18":{"start":{"line":54,"column":15},"end":{"line":54,"column":79}},"19":{"start":{"line":55,"column":15},"end":{"line":55,"column":64}},"20":{"start":{"line":56,"column":15},"end":{"line":56,"column":89}},"21":{"start":{"line":58,"column":2},"end":{"line":58,"column":null}},"22":{"start":{"line":60,"column":2},"end":{"line":60,"column":null}},"23":{"start":{"line":61,"column":2},"end":{"line":61,"column":null}},"24":{"start":{"line":62,"column":2},"end":{"line":62,"column":null}},"25":{"start":{"line":64,"column":2},"end":{"line":64,"column":null}},"26":{"start":{"line":65,"column":2},"end":{"line":65,"column":null}},"27":{"start":{"line":67,"column":61},"end":{"line":71,"column":null}},"28":{"start":{"line":73,"column":42},"end":{"line":110,"column":null}},"29":{"start":{"line":77,"column":20},"end":{"line":77,"column":79}},"30":{"start":{"line":78,"column":6},"end":{"line":78,"column":null}},"31":{"start":{"line":79,"column":6},"end":{"line":79,"column":null}},"32":{"start":{"line":82,"column":6},"end":{"line":82,"column":64}},"33":{"start":{"line":84,"column":22},"end":{"line":84,"column":51}},"34":{"start":{"line":85,"column":6},"end":{"line":85,"column":null}},"35":{"start":{"line":85,"column":31},"end":{"line":85,"column":51}},"36":{"start":{"line":87,"column":6},"end":{"line":87,"column":null}},"37":{"start":{"line":88,"column":6},"end":{"line":88,"column":null}},"38":{"start":{"line":89,"column":6},"end":{"line":89,"column":null}},"39":{"start":{"line":91,"column":62},"end":{"line":91,"column":112}},"40":{"start":{"line":92,"column":59},"end":{"line":92,"column":106}},"41":{"start":{"line":93,"column":66},"end":{"line":93,"column":120}},"42":{"start":{"line":95,"column":6},"end":{"line":108,"column":null}},"43":{"start":{"line":112,"column":2},"end":{"line":112,"column":null}}},"fnMap":{"0":{"name":"(anonymous_0)","decl":{"start":{"line":32,"column":20},"end":{"line":32,"column":30}},"loc":{"start":{"line":32,"column":68},"end":{"line":40,"column":1}}},"1":{"name":"(anonymous_1)","decl":{"start":{"line":37,"column":14},"end":{"line":37,"column":15}},"loc":{"start":{"line":37,"column":31},"end":{"line":37,"column":51}}},"2":{"name":"(anonymous_2)","decl":{"start":{"line":38,"column":14},"end":{"line":38,"column":18}},"loc":{"start":{"line":38,"column":22},"end":{"line":38,"column":34}}},"3":{"name":"(anonymous_3)","decl":{"start":{"line":44,"column":35},"end":{"line":44,"column":77}},"loc":{"start":{"line":44,"column":79},"end":{"line":113,"column":1}}},"4":{"name":"(anonymous_4)","decl":{"start":{"line":46,"column":23},"end":{"line":46,"column":24}},"loc":{"start":{"line":46,"column":61},"end":{"line":52,"column":3}}},"5":{"name":"(anonymous_5)","decl":{"start":{"line":76,"column":11},"end":{"line":76,"column":18}},"loc":{"start":{"line":76,"column":63},"end":{"line":80,"column":5}}},"6":{"name":"(anonymous_6)","decl":{"start":{"line":81,"column":15},"end":{"line":81,"column":22}},"loc":{"start":{"line":82,"column":6},"end":{"line":82,"column":64}}},"7":{"name":"(anonymous_7)","decl":{"start":{"line":83,"column":11},"end":{"line":83,"column":12}},"loc":{"start":{"line":83,"column":30},"end":{"line":109,"column":5}}},"8":{"name":"(anonymous_8)","decl":{"start":{"line":85,"column":22},"end":{"line":85,"column":27}},"loc":{"start":{"line":85,"column":31},"end":{"line":85,"column":51}}}},"branchMap":{"0":{"loc":{"start":{"line":77,"column":65},"end":{"line":77,"column":72}},"type":"binary-expr","locations":[{"start":{"line":77,"column":65},"end":{"line":77,"column":72}},{"start":{"line":77,"column":76},"end":{"line":77,"column":78}}]},"1":{"loc":{"start":{"line":83,"column":22},"end":{"line":83,"column":26}},"type":"default-arg","locations":[{"start":{"line":83,"column":22},"end":{"line":83,"column":26}}]}},"s":{"0":2,"1":2,"2":2,"3":2,"4":2,"5":2,"6":2,"7":10,"8":10,"9":46,"10":438,"11":2,"12":4,"13":7,"14":7,"15":7,"16":7,"17":7,"18":4,"19":4,"20":4,"21":4,"22":4,"23":4,"24":4,"25":4,"26":4,"27":4,"28":4,"29":3,"30":3,"31":3,"32":0,"33":10,"34":10,"35":46,"36":10,"37":10,"38":10,"39":10,"40":10,"41":10,"42":10,"43":4},"f":{"0":10,"1":46,"2":438,"3":4,"4":7,"5":3,"6":0,"7":10,"8":46},"b":{"0":[3,0],"1":[1]}}
,"/Users/nox/projects/@raynode/utils/gram/src/utils.ts": {"path":"/Users/nox/projects/@raynode/utils/gram/src/utils.ts","statementMap":{"0":{"start":{"line":2,"column":0},"end":{"line":2,"column":null}},"1":{"start":{"line":8,"column":0},"end":{"line":8,"column":32}},"2":{"start":{"line":10,"column":0},"end":{"line":10,"column":44}},"3":{"start":{"line":13,"column":13},"end":{"line":14,"column":null}},"4":{"start":{"line":14,"column":2},"end":{"line":14,"column":59}},"5":{"start":{"line":16,"column":13},"end":{"line":17,"column":null}},"6":{"start":{"line":17,"column":2},"end":{"line":17,"column":39}},"7":{"start":{"line":19,"column":13},"end":{"line":21,"column":null}},"8":{"start":{"line":21,"column":5},"end":{"line":21,"column":80}},"9":{"start":{"line":21,"column":64},"end":{"line":21,"column":79}},"10":{"start":{"line":23,"column":13},"end":{"line":35,"column":null}},"11":{"start":{"line":32,"column":5},"end":{"line":34,"column":null}},"12":{"start":{"line":33,"column":2},"end":{"line":33,"column":94}},"13":{"start":{"line":37,"column":13},"end":{"line":40,"column":null}},"14":{"start":{"line":37,"column":76},"end":{"line":40,"column":2}}},"fnMap":{"0":{"name":"(anonymous_0)","decl":{"start":{"line":13,"column":22},"end":{"line":13,"column":63}},"loc":{"start":{"line":14,"column":2},"end":{"line":14,"column":59}}},"1":{"name":"(anonymous_1)","decl":{"start":{"line":16,"column":34},"end":{"line":16,"column":61}},"loc":{"start":{"line":17,"column":2},"end":{"line":17,"column":39}}},"2":{"name":"(anonymous_2)","decl":{"start":{"line":19,"column":35},"end":{"line":19,"column":null}},"loc":{"start":{"line":21,"column":5},"end":{"line":21,"column":80}}},"3":{"name":"(anonymous_3)","decl":{"start":{"line":21,"column":17},"end":{"line":21,"column":18}},"loc":{"start":{"line":21,"column":64},"end":{"line":21,"column":79}}},"4":{"name":"(anonymous_4)","decl":{"start":{"line":23,"column":35},"end":{"line":23,"column":null}},"loc":{"start":{"line":32,"column":5},"end":{"line":34,"column":null}}},"5":{"name":"(anonymous_5)","decl":{"start":{"line":32,"column":37},"end":{"line":32,"column":38}},"loc":{"start":{"line":33,"column":2},"end":{"line":33,"column":94}}},"6":{"name":"(anonymous_6)","decl":{"start":{"line":37,"column":30},"end":{"line":37,"column":37}},"loc":{"start":{"line":37,"column":76},"end":{"line":40,"column":2}}}},"branchMap":{"0":{"loc":{"start":{"line":17,"column":12},"end":{"line":17,"column":32}},"type":"cond-expr","locations":[{"start":{"line":17,"column":12},"end":{"line":17,"column":32}},{"start":{"line":17,"column":35},"end":{"line":17,"column":39}}]},"1":{"loc":{"start":{"line":25,"column":15},"end":{"line":25,"column":19}},"type":"default-arg","locations":[{"start":{"line":25,"column":15},"end":{"line":25,"column":19}}]},"2":{"loc":{"start":{"line":34,"column":2},"end":{"line":34,"column":6}},"type":"binary-expr","locations":[{"start":{"line":34,"column":2},"end":{"line":34,"column":6}},{"start":{"line":34,"column":10},"end":{"line":34,"column":12}}]}},"s":{"0":2,"1":2,"2":2,"3":2,"4":164,"5":2,"6":22,"7":2,"8":36,"9":428,"10":2,"11":64,"12":448,"13":2,"14":1},"f":{"0":164,"1":22,"2":36,"3":428,"4":64,"5":448,"6":1},"b":{"0":[7,15],"1":[0],"2":[64,0]}}
,"/Users/nox/projects/@raynode/utils/gram/src/data-types/create.ts": {"path":"/Users/nox/projects/@raynode/utils/gram/src/data-types/create.ts","statementMap":{"0":{"start":{"line":2,"column":0},"end":{"line":2,"column":48}},"1":{"start":{"line":3,"column":0},"end":{"line":3,"column":35}},"2":{"start":{"line":7,"column":0},"end":{"line":7,"column":84}},"3":{"start":{"line":9,"column":13},"end":{"line":13,"column":null}},"4":{"start":{"line":10,"column":2},"end":{"line":13,"column":5}},"5":{"start":{"line":10,"column":71},"end":{"line":12,"column":null}}},"fnMap":{"0":{"name":"(anonymous_0)","decl":{"start":{"line":9,"column":42},"end":{"line":9,"column":54}},"loc":{"start":{"line":10,"column":2},"end":{"line":13,"column":5}}},"1":{"name":"(anonymous_1)","decl":{"start":{"line":10,"column":40},"end":{"line":10,"column":41}},"loc":{"start":{"line":10,"column":71},"end":{"line":12,"column":null}}}},"branchMap":{"0":{"loc":{"start":{"line":12,"column":41},"end":{"line":12,"column":45}},"type":"cond-expr","locations":[{"start":{"line":12,"column":41},"end":{"line":12,"column":45}},{"start":{"line":12,"column":48},"end":{"line":12,"column":96}}]}},"s":{"0":2,"1":2,"2":2,"3":2,"4":16,"5":112},"f":{"0":16,"1":112},"b":{"0":[90,22]}}
,"/Users/nox/projects/@raynode/utils/gram/src/data-types/data.ts": {"path":"/Users/nox/projects/@raynode/utils/gram/src/data-types/data.ts","statementMap":{"0":{"start":{"line":2,"column":0},"end":{"line":2,"column":106}},"1":{"start":{"line":3,"column":0},"end":{"line":3,"column":35}},"2":{"start":{"line":5,"column":0},"end":{"line":5,"column":64}},"3":{"start":{"line":7,"column":13},"end":{"line":11,"column":null}},"4":{"start":{"line":8,"column":2},"end":{"line":11,"column":5}},"5":{"start":{"line":8,"column":69},"end":{"line":10,"column":null}}},"fnMap":{"0":{"name":"(anonymous_0)","decl":{"start":{"line":7,"column":40},"end":{"line":7,"column":52}},"loc":{"start":{"line":8,"column":2},"end":{"line":11,"column":5}}},"1":{"name":"(anonymous_1)","decl":{"start":{"line":8,"column":40},"end":{"line":8,"column":41}},"loc":{"start":{"line":8,"column":69},"end":{"line":10,"column":null}}}},"branchMap":{"0":{"loc":{"start":{"line":10,"column":41},"end":{"line":10,"column":45}},"type":"cond-expr","locations":[{"start":{"line":10,"column":41},"end":{"line":10,"column":45}},{"start":{"line":10,"column":48},"end":{"line":10,"column":60}}]}},"s":{"0":2,"1":2,"2":2,"3":2,"4":16,"5":112},"f":{"0":16,"1":112},"b":{"0":[90,22]}}
,"/Users/nox/projects/@raynode/utils/gram/src/data-types/filter.ts": {"path":"/Users/nox/projects/@raynode/utils/gram/src/data-types/filter.ts","statementMap":{"0":{"start":{"line":2,"column":0},"end":{"line":2,"column":32}},"1":{"start":{"line":3,"column":0},"end":{"line":3,"column":50}},"2":{"start":{"line":4,"column":0},"end":{"line":4,"column":64}},"3":{"start":{"line":6,"column":13},"end":{"line":10,"column":null}},"4":{"start":{"line":7,"column":2},"end":{"line":10,"column":5}},"5":{"start":{"line":7,"column":94},"end":{"line":9,"column":null}}},"fnMap":{"0":{"name":"(anonymous_0)","decl":{"start":{"line":6,"column":42},"end":{"line":6,"column":54}},"loc":{"start":{"line":7,"column":2},"end":{"line":10,"column":5}}},"1":{"name":"(anonymous_1)","decl":{"start":{"line":7,"column":64},"end":{"line":7,"column":65}},"loc":{"start":{"line":7,"column":94},"end":{"line":9,"column":null}}}},"branchMap":{"0":{"loc":{"start":{"line":9,"column":24},"end":{"line":9,"column":55}},"type":"cond-expr","locations":[{"start":{"line":9,"column":24},"end":{"line":9,"column":55}},{"start":{"line":9,"column":58},"end":{"line":9,"column":62}}]}},"s":{"0":2,"1":2,"2":2,"3":2,"4":16,"5":112},"f":{"0":16,"1":112},"b":{"0":[90,22]}}
,"/Users/nox/projects/@raynode/utils/gram/src/data-types/index.ts": {"path":"/Users/nox/projects/@raynode/utils/gram/src/data-types/index.ts","statementMap":{"0":{"start":{"line":2,"column":0},"end":{"line":2,"column":33}},"1":{"start":{"line":3,"column":0},"end":{"line":3,"column":31}},"2":{"start":{"line":4,"column":0},"end":{"line":4,"column":33}},"3":{"start":{"line":5,"column":0},"end":{"line":5,"column":31}},"4":{"start":{"line":6,"column":0},"end":{"line":6,"column":31}},"5":{"start":{"line":7,"column":0},"end":{"line":7,"column":32}}},"fnMap":{},"branchMap":{},"s":{"0":2,"1":2,"2":2,"3":2,"4":2,"5":2},"f":{},"b":{}}
,"/Users/nox/projects/@raynode/utils/gram/src/data-types/list.ts": {"path":"/Users/nox/projects/@raynode/utils/gram/src/data-types/list.ts","statementMap":{"0":{"start":{"line":3,"column":0},"end":{"line":3,"column":51}},"1":{"start":{"line":5,"column":13},"end":{"line":8,"column":null}},"2":{"start":{"line":5,"column":57},"end":{"line":8,"column":2}}},"fnMap":{"0":{"name":"(anonymous_0)","decl":{"start":{"line":5,"column":40},"end":{"line":5,"column":52}},"loc":{"start":{"line":5,"column":57},"end":{"line":8,"column":2}}}},"branchMap":{},"s":{"0":2,"1":2,"2":16},"f":{"0":16},"b":{}}
,"/Users/nox/projects/@raynode/utils/gram/src/data-types/page.ts": {"path":"/Users/nox/projects/@raynode/utils/gram/src/data-types/page.ts","statementMap":{"0":{"start":{"line":2,"column":0},"end":{"line":2,"column":64}},"1":{"start":{"line":3,"column":0},"end":{"line":3,"column":43}},"2":{"start":{"line":5,"column":13},"end":{"line":8,"column":null}},"3":{"start":{"line":5,"column":47},"end":{"line":8,"column":2}}},"fnMap":{"0":{"name":"(anonymous_0)","decl":{"start":{"line":5,"column":40},"end":{"line":5,"column":43}},"loc":{"start":{"line":5,"column":47},"end":{"line":8,"column":2}}}},"branchMap":{},"s":{"0":2,"1":2,"2":2,"3":16},"f":{"0":16},"b":{}}
,"/Users/nox/projects/@raynode/utils/gram/src/data-types/where.ts": {"path":"/Users/nox/projects/@raynode/utils/gram/src/data-types/where.ts","statementMap":{"0":{"start":{"line":2,"column":0},"end":{"line":2,"column":60}},"1":{"start":{"line":3,"column":0},"end":{"line":3,"column":50}},"2":{"start":{"line":4,"column":0},"end":{"line":4,"column":64}},"3":{"start":{"line":6,"column":13},"end":{"line":10,"column":null}},"4":{"start":{"line":7,"column":2},"end":{"line":10,"column":5}},"5":{"start":{"line":7,"column":94},"end":{"line":9,"column":null}}},"fnMap":{"0":{"name":"(anonymous_0)","decl":{"start":{"line":6,"column":41},"end":{"line":6,"column":53}},"loc":{"start":{"line":7,"column":2},"end":{"line":10,"column":5}}},"1":{"name":"(anonymous_1)","decl":{"start":{"line":7,"column":64},"end":{"line":7,"column":65}},"loc":{"start":{"line":7,"column":94},"end":{"line":9,"column":null}}}},"branchMap":{"0":{"loc":{"start":{"line":9,"column":37},"end":{"line":9,"column":41}},"type":"cond-expr","locations":[{"start":{"line":9,"column":37},"end":{"line":9,"column":41}},{"start":{"line":9,"column":44},"end":{"line":9,"column":49}}]}},"s":{"0":2,"1":2,"2":2,"3":2,"4":16,"5":112},"f":{"0":16,"1":112},"b":{"0":[112,0]}}
,"/Users/nox/projects/@raynode/utils/gram/src/event-types/create.ts": {"path":"/Users/nox/projects/@raynode/utils/gram/src/event-types/create.ts","statementMap":{"0":{"start":{"line":2,"column":0},"end":{"line":2,"column":65}},"1":{"start":{"line":5,"column":13},"end":{"line":9,"column":null}},"2":{"start":{"line":5,"column":85},"end":{"line":9,"column":2}},"3":{"start":{"line":6,"column":19},"end":{"line":6,"column":91}},"4":{"start":{"line":7,"column":25},"end":{"line":7,"column":29}}},"fnMap":{"0":{"name":"(anonymous_0)","decl":{"start":{"line":5,"column":68},"end":{"line":5,"column":80}},"loc":{"start":{"line":5,"column":85},"end":{"line":9,"column":2}}},"1":{"name":"(anonymous_1)","decl":{"start":{"line":6,"column":13},"end":{"line":6,"column":16}},"loc":{"start":{"line":6,"column":19},"end":{"line":6,"column":91}}},"2":{"name":"(anonymous_2)","decl":{"start":{"line":7,"column":11},"end":{"line":7,"column":12}},"loc":{"start":{"line":7,"column":25},"end":{"line":7,"column":29}}}},"branchMap":{},"s":{"0":2,"1":2,"2":16,"3":0,"4":0},"f":{"0":16,"1":0,"2":0},"b":{}}
,"/Users/nox/projects/@raynode/utils/gram/src/event-types/index.ts": {"path":"/Users/nox/projects/@raynode/utils/gram/src/event-types/index.ts","statementMap":{"0":{"start":{"line":2,"column":0},"end":{"line":2,"column":34}},"1":{"start":{"line":3,"column":0},"end":{"line":3,"column":34}},"2":{"start":{"line":4,"column":0},"end":{"line":4,"column":34}}},"fnMap":{},"branchMap":{},"s":{"0":2,"1":2,"2":2},"f":{},"b":{}}
,"/Users/nox/projects/@raynode/utils/gram/src/event-types/remove.ts": {"path":"/Users/nox/projects/@raynode/utils/gram/src/event-types/remove.ts","statementMap":{"0":{"start":{"line":4,"column":0},"end":{"line":4,"column":30}},"1":{"start":{"line":6,"column":13},"end":{"line":10,"column":null}},"2":{"start":{"line":6,"column":85},"end":{"line":10,"column":2}},"3":{"start":{"line":7,"column":19},"end":{"line":7,"column":91}},"4":{"start":{"line":8,"column":25},"end":{"line":8,"column":29}}},"fnMap":{"0":{"name":"(anonymous_0)","decl":{"start":{"line":6,"column":68},"end":{"line":6,"column":80}},"loc":{"start":{"line":6,"column":85},"end":{"line":10,"column":2}}},"1":{"name":"(anonymous_1)","decl":{"start":{"line":7,"column":13},"end":{"line":7,"column":16}},"loc":{"start":{"line":7,"column":19},"end":{"line":7,"column":91}}},"2":{"name":"(anonymous_2)","decl":{"start":{"line":8,"column":11},"end":{"line":8,"column":12}},"loc":{"start":{"line":8,"column":25},"end":{"line":8,"column":29}}}},"branchMap":{},"s":{"0":2,"1":2,"2":16,"3":0,"4":0},"f":{"0":16,"1":0,"2":0},"b":{}}
,"/Users/nox/projects/@raynode/utils/gram/src/event-types/update.ts": {"path":"/Users/nox/projects/@raynode/utils/gram/src/event-types/update.ts","statementMap":{"0":{"start":{"line":4,"column":0},"end":{"line":4,"column":30}},"1":{"start":{"line":6,"column":13},"end":{"line":10,"column":null}},"2":{"start":{"line":6,"column":85},"end":{"line":10,"column":2}},"3":{"start":{"line":7,"column":19},"end":{"line":7,"column":91}},"4":{"start":{"line":8,"column":25},"end":{"line":8,"column":29}}},"fnMap":{"0":{"name":"(anonymous_0)","decl":{"start":{"line":6,"column":68},"end":{"line":6,"column":80}},"loc":{"start":{"line":6,"column":85},"end":{"line":10,"column":2}}},"1":{"name":"(anonymous_1)","decl":{"start":{"line":7,"column":13},"end":{"line":7,"column":16}},"loc":{"start":{"line":7,"column":19},"end":{"line":7,"column":91}}},"2":{"name":"(anonymous_2)","decl":{"start":{"line":8,"column":11},"end":{"line":8,"column":12}},"loc":{"start":{"line":8,"column":25},"end":{"line":8,"column":29}}}},"branchMap":{},"s":{"0":2,"1":2,"2":16,"3":0,"4":0},"f":{"0":16,"1":0,"2":0},"b":{}}
,"/Users/nox/projects/@raynode/utils/gram/src/field-reducers/index.ts": {"path":"/Users/nox/projects/@raynode/utils/gram/src/field-reducers/index.ts","statementMap":{"0":{"start":{"line":2,"column":0},"end":{"line":2,"column":39}},"1":{"start":{"line":3,"column":0},"end":{"line":3,"column":36}},"2":{"start":{"line":4,"column":0},"end":{"line":4,"column":43}}},"fnMap":{},"branchMap":{},"s":{"0":2,"1":2,"2":2},"f":{},"b":{}}
,"/Users/nox/projects/@raynode/utils/gram/src/field-reducers/mutation.ts": {"path":"/Users/nox/projects/@raynode/utils/gram/src/field-reducers/mutation.ts","statementMap":{"0":{"start":{"line":5,"column":0},"end":{"line":5,"column":null}},"1":{"start":{"line":11,"column":13},"end":{"line":25,"column":null}},"2":{"start":{"line":11,"column":77},"end":{"line":25,"column":1}},"3":{"start":{"line":15,"column":2},"end":{"line":16,"column":null}},"4":{"start":{"line":16,"column":4},"end":{"line":16,"column":null}},"5":{"start":{"line":17,"column":23},"end":{"line":17,"column":43}},"6":{"start":{"line":18,"column":2},"end":{"line":19,"column":null}},"7":{"start":{"line":19,"column":4},"end":{"line":19,"column":null}},"8":{"start":{"line":20,"column":2},"end":{"line":21,"column":null}},"9":{"start":{"line":21,"column":4},"end":{"line":21,"column":null}},"10":{"start":{"line":22,"column":2},"end":{"line":23,"column":null}},"11":{"start":{"line":23,"column":4},"end":{"line":23,"column":null}},"12":{"start":{"line":24,"column":2},"end":{"line":24,"column":null}}},"fnMap":{"0":{"name":"(anonymous_0)","decl":{"start":{"line":11,"column":37},"end":{"line":11,"column":47}},"loc":{"start":{"line":11,"column":77},"end":{"line":25,"column":1}}},"1":{"name":"(anonymous_1)","decl":{"start":{"line":11,"column":77},"end":{"line":11,"column":null}},"loc":{"start":{"line":14,"column":4},"end":{"line":25,"column":1}}}},"branchMap":{"0":{"loc":{"start":{"line":15,"column":2},"end":{"line":16,"column":null}},"type":"if","locations":[{"start":{"line":15,"column":2},"end":{"line":16,"column":null}},{"start":{"line":15,"column":2},"end":{"line":16,"column":null}}]},"1":{"loc":{"start":{"line":18,"column":2},"end":{"line":19,"column":null}},"type":"if","locations":[{"start":{"line":18,"column":2},"end":{"line":19,"column":null}},{"start":{"line":18,"column":2},"end":{"line":19,"column":null}}]},"2":{"loc":{"start":{"line":20,"column":2},"end":{"line":21,"column":null}},"type":"if","locations":[{"start":{"line":20,"column":2},"end":{"line":21,"column":null}},{"start":{"line":20,"column":2},"end":{"line":21,"column":null}}]},"3":{"loc":{"start":{"line":22,"column":2},"end":{"line":23,"column":null}},"type":"if","locations":[{"start":{"line":22,"column":2},"end":{"line":23,"column":null}},{"start":{"line":22,"column":2},"end":{"line":23,"column":null}}]}},"s":{"0":2,"1":2,"2":10,"3":46,"4":20,"5":26,"6":26,"7":16,"8":26,"9":16,"10":26,"11":16,"12":26},"f":{"0":10,"1":46},"b":{"0":[20,26],"1":[16,10],"2":[16,10],"3":[16,10]}}
,"/Users/nox/projects/@raynode/utils/gram/src/field-reducers/query.ts": {"path":"/Users/nox/projects/@raynode/utils/gram/src/field-reducers/query.ts","statementMap":{"0":{"start":{"line":5,"column":0},"end":{"line":5,"column":null}},"1":{"start":{"line":10,"column":13},"end":{"line":22,"column":null}},"2":{"start":{"line":10,"column":74},"end":{"line":22,"column":1}},"3":{"start":{"line":14,"column":2},"end":{"line":15,"column":null}},"4":{"start":{"line":15,"column":4},"end":{"line":15,"column":null}},"5":{"start":{"line":16,"column":23},"end":{"line":16,"column":43}},"6":{"start":{"line":17,"column":2},"end":{"line":18,"column":null}},"7":{"start":{"line":18,"column":4},"end":{"line":18,"column":null}},"8":{"start":{"line":19,"column":2},"end":{"line":20,"column":null}},"9":{"start":{"line":20,"column":4},"end":{"line":20,"column":null}},"10":{"start":{"line":21,"column":2},"end":{"line":21,"column":null}}},"fnMap":{"0":{"name":"(anonymous_0)","decl":{"start":{"line":10,"column":34},"end":{"line":10,"column":44}},"loc":{"start":{"line":10,"column":74},"end":{"line":22,"column":1}}},"1":{"name":"(anonymous_1)","decl":{"start":{"line":10,"column":74},"end":{"line":10,"column":null}},"loc":{"start":{"line":13,"column":4},"end":{"line":22,"column":1}}}},"branchMap":{"0":{"loc":{"start":{"line":14,"column":2},"end":{"line":15,"column":null}},"type":"if","locations":[{"start":{"line":14,"column":2},"end":{"line":15,"column":null}},{"start":{"line":14,"column":2},"end":{"line":15,"column":null}}]},"1":{"loc":{"start":{"line":17,"column":2},"end":{"line":18,"column":null}},"type":"if","locations":[{"start":{"line":17,"column":2},"end":{"line":18,"column":null}},{"start":{"line":17,"column":2},"end":{"line":18,"column":null}}]},"2":{"loc":{"start":{"line":19,"column":2},"end":{"line":20,"column":null}},"type":"if","locations":[{"start":{"line":19,"column":2},"end":{"line":20,"column":null}},{"start":{"line":19,"column":2},"end":{"line":20,"column":null}}]}},"s":{"0":2,"1":2,"2":10,"3":46,"4":20,"5":26,"6":26,"7":16,"8":26,"9":16,"10":26},"f":{"0":10,"1":46},"b":{"0":[20,26],"1":[16,10],"2":[16,10]}}
,"/Users/nox/projects/@raynode/utils/gram/src/field-reducers/subscription.ts": {"path":"/Users/nox/projects/@raynode/utils/gram/src/field-reducers/subscription.ts","statementMap":{"0":{"start":{"line":5,"column":0},"end":{"line":5,"column":null}},"1":{"start":{"line":11,"column":13},"end":{"line":25,"column":null}},"2":{"start":{"line":11,"column":81},"end":{"line":25,"column":1}},"3":{"start":{"line":15,"column":2},"end":{"line":16,"column":null}},"4":{"start":{"line":16,"column":4},"end":{"line":16,"column":null}},"5":{"start":{"line":17,"column":23},"end":{"line":17,"column":43}},"6":{"start":{"line":18,"column":2},"end":{"line":19,"column":null}},"7":{"start":{"line":19,"column":4},"end":{"line":19,"column":null}},"8":{"start":{"line":20,"column":2},"end":{"line":21,"column":null}},"9":{"start":{"line":21,"column":4},"end":{"line":21,"column":null}},"10":{"start":{"line":22,"column":2},"end":{"line":23,"column":null}},"11":{"start":{"line":23,"column":4},"end":{"line":23,"column":null}},"12":{"start":{"line":24,"column":2},"end":{"line":24,"column":null}}},"fnMap":{"0":{"name":"(anonymous_0)","decl":{"start":{"line":11,"column":41},"end":{"line":11,"column":51}},"loc":{"start":{"line":11,"column":81},"end":{"line":25,"column":1}}},"1":{"name":"(anonymous_1)","decl":{"start":{"line":11,"column":81},"end":{"line":11,"column":null}},"loc":{"start":{"line":14,"column":4},"end":{"line":25,"column":1}}}},"branchMap":{"0":{"loc":{"start":{"line":15,"column":2},"end":{"line":16,"column":null}},"type":"if","locations":[{"start":{"line":15,"column":2},"end":{"line":16,"column":null}},{"start":{"line":15,"column":2},"end":{"line":16,"column":null}}]},"1":{"loc":{"start":{"line":18,"column":2},"end":{"line":19,"column":null}},"type":"if","locations":[{"start":{"line":18,"column":2},"end":{"line":19,"column":null}},{"start":{"line":18,"column":2},"end":{"line":19,"column":null}}]},"2":{"loc":{"start":{"line":20,"column":2},"end":{"line":21,"column":null}},"type":"if","locations":[{"start":{"line":20,"column":2},"end":{"line":21,"column":null}},{"start":{"line":20,"column":2},"end":{"line":21,"column":null}}]},"3":{"loc":{"start":{"line":22,"column":2},"end":{"line":23,"column":null}},"type":"if","locations":[{"start":{"line":22,"column":2},"end":{"line":23,"column":null}},{"start":{"line":22,"column":2},"end":{"line":23,"column":null}}]}},"s":{"0":2,"1":2,"2":10,"3":46,"4":20,"5":26,"6":26,"7":16,"8":26,"9":16,"10":26,"11":16,"12":26},"f":{"0":10,"1":46},"b":{"0":[20,26],"1":[16,10],"2":[16,10],"3":[16,10]}}
,"/Users/nox/projects/@raynode/utils/gram/src/field-types/create.ts": {"path":"/Users/nox/projects/@raynode/utils/gram/src/field-types/create.ts","statementMap":{"0":{"start":{"line":2,"column":0},"end":{"line":2,"column":58}},"1":{"start":{"line":3,"column":0},"end":{"line":3,"column":51}},"2":{"start":{"line":4,"column":0},"end":{"line":4,"column":43}},"3":{"start":{"line":6,"column":13},"end":{"line":14,"column":null}},"4":{"start":{"line":6,"column":59},"end":{"line":14,"column":2}},"5":{"start":{"line":11,"column":33},"end":{"line":13,"column":4}}},"fnMap":{"0":{"name":"(anonymous_0)","decl":{"start":{"line":6,"column":42},"end":{"line":6,"column":54}},"loc":{"start":{"line":6,"column":59},"end":{"line":14,"column":2}}},"1":{"name":"(anonymous_1)","decl":{"start":{"line":11,"column":11},"end":{"line":11,"column":12}},"loc":{"start":{"line":11,"column":33},"end":{"line":13,"column":4}}}},"branchMap":{},"s":{"0":2,"1":2,"2":2,"3":2,"4":16,"5":2},"f":{"0":16,"1":2},"b":{}}
,"/Users/nox/projects/@raynode/utils/gram/src/field-types/find-many.ts": {"path":"/Users/nox/projects/@raynode/utils/gram/src/field-types/find-many.ts","statementMap":{"0":{"start":{"line":2,"column":0},"end":{"line":2,"column":59}},"1":{"start":{"line":3,"column":0},"end":{"line":3,"column":48}},"2":{"start":{"line":4,"column":0},"end":{"line":4,"column":43}},"3":{"start":{"line":6,"column":13},"end":{"line":18,"column":null}},"4":{"start":{"line":6,"column":61},"end":{"line":18,"column":2}},"5":{"start":{"line":13,"column":33},"end":{"line":17,"column":4}}},"fnMap":{"0":{"name":"(anonymous_0)","decl":{"start":{"line":6,"column":44},"end":{"line":6,"column":56}},"loc":{"start":{"line":6,"column":61},"end":{"line":18,"column":2}}},"1":{"name":"(anonymous_1)","decl":{"start":{"line":13,"column":11},"end":{"line":13,"column":12}},"loc":{"start":{"line":13,"column":33},"end":{"line":17,"column":4}}}},"branchMap":{"0":{"loc":{"start":{"line":14,"column":11},"end":{"line":14,"column":51}},"type":"binary-expr","locations":[{"start":{"line":14,"column":11},"end":{"line":14,"column":51}},{"start":{"line":14,"column":55},"end":{"line":14,"column":59}}]},"1":{"loc":{"start":{"line":15,"column":10},"end":{"line":15,"column":49}},"type":"binary-expr","locations":[{"start":{"line":15,"column":10},"end":{"line":15,"column":49}},{"start":{"line":15,"column":53},"end":{"line":15,"column":57}}]}},"s":{"0":2,"1":2,"2":2,"3":2,"4":16,"5":1},"f":{"0":16,"1":1},"b":{"0":[1,1],"1":[1,1]}}
,"/Users/nox/projects/@raynode/utils/gram/src/field-types/find-one.ts": {"path":"/Users/nox/projects/@raynode/utils/gram/src/field-types/find-one.ts","statementMap":{"0":{"start":{"line":2,"column":0},"end":{"line":2,"column":59}},"1":{"start":{"line":3,"column":0},"end":{"line":3,"column":42}},"2":{"start":{"line":4,"column":0},"end":{"line":4,"column":43}},"3":{"start":{"line":6,"column":13},"end":{"line":16,"column":null}},"4":{"start":{"line":6,"column":60},"end":{"line":16,"column":2}},"5":{"start":{"line":12,"column":33},"end":{"line":15,"column":4}}},"fnMap":{"0":{"name":"(anonymous_0)","decl":{"start":{"line":6,"column":43},"end":{"line":6,"column":55}},"loc":{"start":{"line":6,"column":60},"end":{"line":16,"column":2}}},"1":{"name":"(anonymous_1)","decl":{"start":{"line":12,"column":11},"end":{"line":12,"column":12}},"loc":{"start":{"line":12,"column":33},"end":{"line":15,"column":4}}}},"branchMap":{"0":{"loc":{"start":{"line":14,"column":11},"end":{"line":14,"column":51}},"type":"binary-expr","locations":[{"start":{"line":14,"column":11},"end":{"line":14,"column":51}},{"start":{"line":14,"column":55},"end":{"line":14,"column":59}}]}},"s":{"0":2,"1":2,"2":2,"3":2,"4":16,"5":3},"f":{"0":16,"1":3},"b":{"0":[3,3]}}
,"/Users/nox/projects/@raynode/utils/gram/src/field-types/index.ts": {"path":"/Users/nox/projects/@raynode/utils/gram/src/field-types/index.ts","statementMap":{"0":{"start":{"line":2,"column":0},"end":{"line":2,"column":34}},"1":{"start":{"line":3,"column":0},"end":{"line":3,"column":34}},"2":{"start":{"line":4,"column":0},"end":{"line":4,"column":37}},"3":{"start":{"line":5,"column":0},"end":{"line":5,"column":36}},"4":{"start":{"line":6,"column":0},"end":{"line":6,"column":34}}},"fnMap":{},"branchMap":{},"s":{"0":2,"1":2,"2":2,"3":2,"4":2},"f":{},"b":{}}
,"/Users/nox/projects/@raynode/utils/gram/src/field-types/remove.ts": {"path":"/Users/nox/projects/@raynode/utils/gram/src/field-types/remove.ts","statementMap":{"0":{"start":{"line":2,"column":0},"end":{"line":2,"column":58}},"1":{"start":{"line":3,"column":0},"end":{"line":3,"column":42}},"2":{"start":{"line":4,"column":0},"end":{"line":4,"column":51}},"3":{"start":{"line":6,"column":13},"end":{"line":14,"column":null}},"4":{"start":{"line":6,"column":59},"end":{"line":14,"column":2}},"5":{"start":{"line":11,"column":33},"end":{"line":13,"column":4}}},"fnMap":{"0":{"name":"(anonymous_0)","decl":{"start":{"line":6,"column":42},"end":{"line":6,"column":54}},"loc":{"start":{"line":6,"column":59},"end":{"line":14,"column":2}}},"1":{"name":"(anonymous_1)","decl":{"start":{"line":11,"column":11},"end":{"line":11,"column":12}},"loc":{"start":{"line":11,"column":33},"end":{"line":13,"column":4}}}},"branchMap":{},"s":{"0":2,"1":2,"2":2,"3":2,"4":16,"5":1},"f":{"0":16,"1":1},"b":{}}
,"/Users/nox/projects/@raynode/utils/gram/src/field-types/update.ts": {"path":"/Users/nox/projects/@raynode/utils/gram/src/field-types/update.ts","statementMap":{"0":{"start":{"line":2,"column":0},"end":{"line":2,"column":58}},"1":{"start":{"line":3,"column":0},"end":{"line":3,"column":41}},"2":{"start":{"line":4,"column":0},"end":{"line":4,"column":51}},"3":{"start":{"line":6,"column":13},"end":{"line":16,"column":null}},"4":{"start":{"line":6,"column":59},"end":{"line":16,"column":2}},"5":{"start":{"line":12,"column":33},"end":{"line":15,"column":4}}},"fnMap":{"0":{"name":"(anonymous_0)","decl":{"start":{"line":6,"column":42},"end":{"line":6,"column":54}},"loc":{"start":{"line":6,"column":59},"end":{"line":16,"column":2}}},"1":{"name":"(anonymous_1)","decl":{"start":{"line":12,"column":11},"end":{"line":12,"column":12}},"loc":{"start":{"line":12,"column":33},"end":{"line":15,"column":4}}}},"branchMap":{},"s":{"0":2,"1":2,"2":2,"3":2,"4":16,"5":0},"f":{"0":16,"1":0},"b":{}}
,"/Users/nox/projects/@raynode/utils/gram/src/input-types/create.ts": {"path":"/Users/nox/projects/@raynode/utils/gram/src/input-types/create.ts","statementMap":{"0":{"start":{"line":2,"column":0},"end":{"line":2,"column":76}},"1":{"start":{"line":4,"column":0},"end":{"line":4,"column":43}},"2":{"start":{"line":6,"column":13},"end":{"line":9,"column":null}},"3":{"start":{"line":6,"column":58},"end":{"line":9,"column":2}},"4":{"start":{"line":8,"column":16},"end":{"line":8,"column":79}}},"fnMap":{"0":{"name":"(anonymous_0)","decl":{"start":{"line":6,"column":42},"end":{"line":6,"column":54}},"loc":{"start":{"line":6,"column":58},"end":{"line":9,"column":2}}},"1":{"name":"(anonymous_1)","decl":{"start":{"line":8,"column":10},"end":{"line":8,"column":13}},"loc":{"start":{"line":8,"column":16},"end":{"line":8,"column":79}}}},"branchMap":{},"s":{"0":2,"1":2,"2":2,"3":16,"4":16},"f":{"0":16,"1":16},"b":{}}
,"/Users/nox/projects/@raynode/utils/gram/src/input-types/data.ts": {"path":"/Users/nox/projects/@raynode/utils/gram/src/input-types/data.ts","statementMap":{"0":{"start":{"line":2,"column":0},"end":{"line":2,"column":76}},"1":{"start":{"line":3,"column":0},"end":{"line":3,"column":43}},"2":{"start":{"line":5,"column":13},"end":{"line":8,"column":null}},"3":{"start":{"line":5,"column":56},"end":{"line":8,"column":2}},"4":{"start":{"line":7,"column":16},"end":{"line":7,"column":77}}},"fnMap":{"0":{"name":"(anonymous_0)","decl":{"start":{"line":5,"column":40},"end":{"line":5,"column":52}},"loc":{"start":{"line":5,"column":56},"end":{"line":8,"column":2}}},"1":{"name":"(anonymous_1)","decl":{"start":{"line":7,"column":10},"end":{"line":7,"column":13}},"loc":{"start":{"line":7,"column":16},"end":{"line":7,"column":77}}}},"branchMap":{},"s":{"0":2,"1":2,"2":2,"3":16,"4":16},"f":{"0":16,"1":16},"b":{}}
,"/Users/nox/projects/@raynode/utils/gram/src/input-types/filter.ts": {"path":"/Users/nox/projects/@raynode/utils/gram/src/input-types/filter.ts","statementMap":{"0":{"start":{"line":2,"column":0},"end":{"line":2,"column":76}},"1":{"start":{"line":3,"column":0},"end":{"line":3,"column":43}},"2":{"start":{"line":5,"column":13},"end":{"line":8,"column":null}},"3":{"start":{"line":5,"column":58},"end":{"line":8,"column":2}},"4":{"start":{"line":7,"column":16},"end":{"line":7,"column":79}}},"fnMap":{"0":{"name":"(anonymous_0)","decl":{"start":{"line":5,"column":42},"end":{"line":5,"column":54}},"loc":{"start":{"line":5,"column":58},"end":{"line":8,"column":2}}},"1":{"name":"(anonymous_1)","decl":{"start":{"line":7,"column":10},"end":{"line":7,"column":13}},"loc":{"start":{"line":7,"column":16},"end":{"line":7,"column":79}}}},"branchMap":{},"s":{"0":2,"1":2,"2":2,"3":16,"4":16},"f":{"0":16,"1":16},"b":{}}
,"/Users/nox/projects/@raynode/utils/gram/src/input-types/index.ts": {"path":"/Users/nox/projects/@raynode/utils/gram/src/input-types/index.ts","statementMap":{"0":{"start":{"line":2,"column":0},"end":{"line":2,"column":34}},"1":{"start":{"line":3,"column":0},"end":{"line":3,"column":32}},"2":{"start":{"line":4,"column":0},"end":{"line":4,"column":34}},"3":{"start":{"line":5,"column":0},"end":{"line":5,"column":33}},"4":{"start":{"line":6,"column":0},"end":{"line":6,"column":32}},"5":{"start":{"line":7,"column":0},"end":{"line":7,"column":33}}},"fnMap":{},"branchMap":{},"s":{"0":2,"1":2,"2":2,"3":2,"4":2,"5":2},"f":{},"b":{}}
,"/Users/nox/projects/@raynode/utils/gram/src/input-types/order.ts": {"path":"/Users/nox/projects/@raynode/utils/gram/src/input-types/order.ts","statementMap":{"0":{"start":{"line":2,"column":0},"end":{"line":2,"column":41}},"1":{"start":{"line":3,"column":0},"end":{"line":3,"column":86}},"2":{"start":{"line":4,"column":0},"end":{"line":4,"column":43}},"3":{"start":{"line":6,"column":24},"end":{"line":6,"column":84}},"4":{"start":{"line":7,"column":26},"end":{"line":13,"column":null}},"5":{"start":{"line":7,"column":53},"end":{"line":13,"column":26}},"6":{"start":{"line":9,"column":41},"end":{"line":9,"column":70}},"7":{"start":{"line":11,"column":18},"end":{"line":11,"column":39}},"8":{"start":{"line":16,"column":29},"end":{"line":23,"column":2}},"9":{"start":{"line":17,"column":2},"end":{"line":22,"column":null}},"10":{"start":{"line":18,"column":17},"end":{"line":18,"column":26}},"11":{"start":{"line":20,"column":17},"end":{"line":20,"column":48}},"12":{"start":{"line":20,"column":65},"end":{"line":20,"column":74}},"13":{"start":{"line":25,"column":13},"end":{"line":28,"column":null}},"14":{"start":{"line":25,"column":57},"end":{"line":28,"column":2}}},"fnMap":{"0":{"name":"(anonymous_0)","decl":{"start":{"line":7,"column":34},"end":{"line":7,"column":35}},"loc":{"start":{"line":7,"column":53},"end":{"line":13,"column":26}}},"1":{"name":"(anonymous_1)","decl":{"start":{"line":9,"column":31},"end":{"line":9,"column":32}},"loc":{"start":{"line":9,"column":41},"end":{"line":9,"column":70}}},"2":{"name":"(anonymous_2)","decl":{"start":{"line":11,"column":7},"end":{"line":11,"column":8}},"loc":{"start":{"line":11,"column":18},"end":{"line":11,"column":39}}},"3":{"name":"(anonymous_3)","decl":{"start":{"line":16,"column":49},"end":{"line":16,"column":61}},"loc":{"start":{"line":17,"column":2},"end":{"line":22,"column":null}}},"4":{"name":"(anonymous_4)","decl":{"start":{"line":18,"column":9},"end":{"line":18,"column":13}},"loc":{"start":{"line":18,"column":17},"end":{"line":18,"column":26}}},"5":{"name":"(anonymous_5)","decl":{"start":{"line":20,"column":9},"end":{"line":20,"column":13}},"loc":{"start":{"line":20,"column":17},"end":{"line":20,"column":48}}},"6":{"name":"(anonymous_6)","decl":{"start":{"line":20,"column":55},"end":{"line":20,"column":60}},"loc":{"start":{"line":20,"column":65},"end":{"line":20,"column":74}}},"7":{"name":"(anonymous_7)","decl":{"start":{"line":25,"column":41},"end":{"line":25,"column":53}},"loc":{"start":{"line":25,"column":57},"end":{"line":28,"column":2}}}},"branchMap":{"0":{"loc":{"start":{"line":9,"column":41},"end":{"line":9,"column":63}},"type":"binary-expr","locations":[{"start":{"line":9,"column":41},"end":{"line":9,"column":63}},{"start":{"line":9,"column":67},"end":{"line":9,"column":70}}]},"1":{"loc":{"start":{"line":11,"column":22},"end":{"line":11,"column":35}},"type":"cond-expr","locations":[{"start":{"line":11,"column":22},"end":{"line":11,"column":35}},{"start":{"line":11,"column":38},"end":{"line":11,"column":39}}]}},"s":{"0":2,"1":2,"2":2,"3":2,"4":2,"5":17,"6":0,"7":17,"8":2,"9":16,"10":112,"11":112,"12":224,"13":2,"14":16},"f":{"0":17,"1":0,"2":17,"3":16,"4":112,"5":112,"6":224,"7":16},"b":{"0":[0,0],"1":[0,17]}}
,"/Users/nox/projects/@raynode/utils/gram/src/input-types/page.ts": {"path":"/Users/nox/projects/@raynode/utils/gram/src/input-types/page.ts","statementMap":{"0":{"start":{"line":2,"column":0},"end":{"line":2,"column":76}},"1":{"start":{"line":3,"column":0},"end":{"line":3,"column":43}},"2":{"start":{"line":5,"column":13},"end":{"line":8,"column":null}},"3":{"start":{"line":5,"column":56},"end":{"line":8,"column":2}},"4":{"start":{"line":7,"column":16},"end":{"line":7,"column":77}}},"fnMap":{"0":{"name":"(anonymous_0)","decl":{"start":{"line":5,"column":40},"end":{"line":5,"column":52}},"loc":{"start":{"line":5,"column":56},"end":{"line":8,"column":2}}},"1":{"name":"(anonymous_1)","decl":{"start":{"line":7,"column":10},"end":{"line":7,"column":13}},"loc":{"start":{"line":7,"column":16},"end":{"line":7,"column":77}}}},"branchMap":{},"s":{"0":2,"1":2,"2":2,"3":16,"4":16},"f":{"0":16,"1":16},"b":{}}
,"/Users/nox/projects/@raynode/utils/gram/src/input-types/where.ts": {"path":"/Users/nox/projects/@raynode/utils/gram/src/input-types/where.ts","statementMap":{"0":{"start":{"line":2,"column":0},"end":{"line":2,"column":76}},"1":{"start":{"line":3,"column":0},"end":{"line":3,"column":43}},"2":{"start":{"line":5,"column":13},"end":{"line":8,"column":null}},"3":{"start":{"line":5,"column":57},"end":{"line":8,"column":2}},"4":{"start":{"line":7,"column":16},"end":{"line":7,"column":78}}},"fnMap":{"0":{"name":"(anonymous_0)","decl":{"start":{"line":5,"column":41},"end":{"line":5,"column":53}},"loc":{"start":{"line":5,"column":57},"end":{"line":8,"column":2}}},"1":{"name":"(anonymous_1)","decl":{"start":{"line":7,"column":10},"end":{"line":7,"column":13}},"loc":{"start":{"line":7,"column":16},"end":{"line":7,"column":78}}}},"branchMap":{},"s":{"0":2,"1":2,"2":2,"3":16,"4":16},"f":{"0":16,"1":16},"b":{}}
,"/Users/nox/projects/@raynode/utils/gram/src/strategies/filter.ts": {"path":"/Users/nox/projects/@raynode/utils/gram/src/strategies/filter.ts","statementMap":{"0":{"start":{"line":2,"column":0},"end":{"line":2,"column":null}},"1":{"start":{"line":20,"column":22},"end":{"line":21,"column":39}},"2":{"start":{"line":21,"column":2},"end":{"line":21,"column":39}},"3":{"start":{"line":23,"column":22},"end":{"line":24,"column":57}},"4":{"start":{"line":24,"column":2},"end":{"line":24,"column":57}},"5":{"start":{"line":30,"column":13},"end":{"line":31,"column":null}},"6":{"start":{"line":31,"column":2},"end":{"line":31,"column":24}},"7":{"start":{"line":32,"column":13},"end":{"line":33,"column":null}},"8":{"start":{"line":33,"column":2},"end":{"line":33,"column":25}},"9":{"start":{"line":34,"column":13},"end":{"line":35,"column":null}},"10":{"start":{"line":35,"column":2},"end":{"line":35,"column":23}},"11":{"start":{"line":36,"column":13},"end":{"line":36,"column":null}},"12":{"start":{"line":36,"column":99},"end":{"line":36,"column":118}},"13":{"start":{"line":37,"column":13},"end":{"line":37,"column":null}},"14":{"start":{"line":37,"column":97},"end":{"line":37,"column":115}},"15":{"start":{"line":39,"column":13},"end":{"line":69,"column":null}},"16":{"start":{"line":43,"column":15},"end":{"line":43,"column":81}},"17":{"start":{"line":44,"column":15},"end":{"line":44,"column":104}},"18":{"start":{"line":45,"column":15},"end":{"line":45,"column":48}},"19":{"start":{"line":46,"column":2},"end":{"line":62,"column":null}},"20":{"start":{"line":47,"column":4},"end":{"line":53,"column":null}},"21":{"start":{"line":48,"column":6},"end":{"line":53,"column":null}},"22":{"start":{"line":54,"column":4},"end":{"line":54,"column":null}},"23":{"start":{"line":54,"column":32},"end":{"line":54,"column":null}},"24":{"start":{"line":55,"column":4},"end":{"line":61,"column":null}},"25":{"start":{"line":56,"column":6},"end":{"line":61,"column":null}},"26":{"start":{"line":63,"column":2},"end":{"line":67,"column":null}},"27":{"start":{"line":64,"column":4},"end":{"line":67,"column":null}},"28":{"start":{"line":68,"column":2},"end":{"line":68,"column":null}}},"fnMap":{"0":{"name":"(anonymous_0)","decl":{"start":{"line":20,"column":22},"end":{"line":20,"column":23}},"loc":{"start":{"line":21,"column":2},"end":{"line":21,"column":39}}},"1":{"name":"(anonymous_1)","decl":{"start":{"line":23,"column":22},"end":{"line":23,"column":23}},"loc":{"start":{"line":24,"column":2},"end":{"line":24,"column":57}}},"2":{"name":"(anonymous_2)","decl":{"start":{"line":30,"column":31},"end":{"line":30,"column":32}},"loc":{"start":{"line":31,"column":2},"end":{"line":31,"column":24}}},"3":{"name":"(anonymous_3)","decl":{"start":{"line":32,"column":32},"end":{"line":32,"column":33}},"loc":{"start":{"line":33,"column":2},"end":{"line":33,"column":25}}},"4":{"name":"(anonymous_4)","decl":{"start":{"line":34,"column":30},"end":{"line":34,"column":31}},"loc":{"start":{"line":35,"column":2},"end":{"line":35,"column":23}}},"5":{"name":"(anonymous_5)","decl":{"start":{"line":36,"column":28},"end":{"line":36,"column":29}},"loc":{"start":{"line":36,"column":99},"end":{"line":36,"column":118}}},"6":{"name":"(anonymous_6)","decl":{"start":{"line":37,"column":27},"end":{"line":37,"column":28}},"loc":{"start":{"line":37,"column":97},"end":{"line":37,"column":115}}},"7":{"name":"(anonymous_7)","decl":{"start":{"line":39,"column":30},"end":{"line":39,"column":null}},"loc":{"start":{"line":42,"column":4},"end":{"line":69,"column":1}}}},"branchMap":{"0":{"loc":{"start":{"line":21,"column":2},"end":{"line":21,"column":6}},"type":"binary-expr","locations":[{"start":{"line":21,"column":2},"end":{"line":21,"column":6}},{"start":{"line":21,"column":10},"end":{"line":21,"column":39}}]},"1":{"loc":{"start":{"line":24,"column":24},"end":{"line":24,"column":50}},"type":"cond-expr","locations":[{"start":{"line":24,"column":24},"end":{"line":24,"column":50}},{"start":{"line":24,"column":53},"end":{"line":24,"column":57}}]},"2":{"loc":{"start":{"line":43,"column":49},"end":{"line":43,"column":58}},"type":"cond-expr","locations":[{"start":{"line":43,"column":49},"end":{"line":43,"column":58}},{"start":{"line":43,"column":61},"end":{"line":43,"column":80}}]},"3":{"loc":{"start":{"line":44,"column":27},"end":{"line":44,"column":36}},"type":"cond-expr","locations":[{"start":{"line":44,"column":27},"end":{"line":44,"column":36}},{"start":{"line":44,"column":40},"end":{"line":44,"column":103}}]},"4":{"loc":{"start":{"line":44,"column":60},"end":{"line":44,"column":86}},"type":"cond-expr","locations":[{"start":{"line":44,"column":60},"end":{"line":44,"column":86}},{"start":{"line":44,"column":89},"end":{"line":44,"column":103}}]},"5":{"loc":{"start":{"line":46,"column":2},"end":{"line":62,"column":null}},"type":"if","locations":[{"start":{"line":46,"column":2},"end":{"line":62,"column":null}},{"start":{"line":46,"column":2},"end":{"line":62,"column":null}}]},"6":{"loc":{"start":{"line":47,"column":4},"end":{"line":53,"column":null}},"type":"if","locations":[{"start":{"line":47,"column":4},"end":{"line":53,"column":null}},{"start":{"line":47,"column":4},"end":{"line":53,"column":null}}]},"7":{"loc":{"start":{"line":47,"column":8},"end":{"line":47,"column":25}},"type":"binary-expr","locations":[{"start":{"line":47,"column":8},"end":{"line":47,"column":25}},{"start":{"line":47,"column":29},"end":{"line":47,"column":50}}]},"8":{"loc":{"start":{"line":54,"column":4},"end":{"line":54,"column":null}},"type":"if","locations":[{"start":{"line":54,"column":4},"end":{"line":54,"column":null}},{"start":{"line":54,"column":4},"end":{"line":54,"column":null}}]},"9":{"loc":{"start":{"line":55,"column":4},"end":{"line":61,"column":null}},"type":"if","locations":[{"start":{"line":55,"column":4},"end":{"line":61,"column":null}},{"start":{"line":55,"column":4},"end":{"line":61,"column":null}}]},"10":{"loc":{"start":{"line":55,"column":8},"end":{"line":55,"column":28}},"type":"binary-expr","locations":[{"start":{"line":55,"column":8},"end":{"line":55,"column":28}},{"start":{"line":55,"column":32},"end":{"line":55,"column":50}}]},"11":{"loc":{"start":{"line":63,"column":2},"end":{"line":67,"column":null}},"type":"if","locations":[{"start":{"line":63,"column":2},"end":{"line":67,"column":null}},{"start":{"line":63,"column":2},"end":{"line":67,"column":null}}]}},"s":{"0":2,"1":2,"2":256,"3":2,"4":256,"5":2,"6":148,"7":2,"8":18,"9":2,"10":16,"11":2,"12":2,"13":2,"14":180,"15":2,"16":202,"17":202,"18":202,"19":202,"20":180,"21":162,"22":18,"23":2,"24":16,"25":16,"26":22,"27":0,"28":22},"f":{"0":256,"1":256,"2":148,"3":18,"4":16,"5":2,"6":180,"7":202},"b":{"0":[256,256],"1":[54,202],"2":[202,0],"3":[202,0],"4":[0,0],"5":[180,22],"6":[162,18],"7":[180,148],"8":[2,16],"9":[16,0],"10":[16,2],"11":[0,22]}}
,"/Users/nox/projects/@raynode/utils/gram/src/strategies/naming.ts": {"path":"/Users/nox/projects/@raynode/utils/gram/src/strategies/naming.ts","statementMap":{"0":{"start":{"line":1,"column":0},"end":{"line":1,"column":63}},"1":{"start":{"line":16,"column":13},"end":{"line":45,"column":null}},"2":{"start":{"line":16,"column":62},"end":{"line":45,"column":2}}},"fnMap":{"0":{"name":"(anonymous_0)","decl":{"start":{"line":16,"column":53},"end":{"line":16,"column":57}},"loc":{"start":{"line":16,"column":62},"end":{"line":45,"column":2}}}},"branchMap":{},"s":{"0":2,"1":2,"2":46},"f":{"0":46},"b":{}}
,"/Users/nox/projects/@raynode/utils/gram/src/types/constants.ts": {"path":"/Users/nox/projects/@raynode/utils/gram/src/types/constants.ts","statementMap":{"0":{"start":{"line":2,"column":13},"end":{"line":2,"column":null}},"1":{"start":{"line":3,"column":13},"end":{"line":3,"column":null}},"2":{"start":{"line":4,"column":13},"end":{"line":4,"column":null}}},"fnMap":{},"branchMap":{},"s":{"0":2,"1":2,"2":2},"f":{},"b":{}}
,"/Users/nox/projects/@raynode/utils/gram/src/types/guards.ts": {"path":"/Users/nox/projects/@raynode/utils/gram/src/types/guards.ts","statementMap":{"0":{"start":{"line":3,"column":0},"end":{"line":3,"column":79}},"1":{"start":{"line":5,"column":13},"end":{"line":5,"column":null}},"2":{"start":{"line":5,"column":55},"end":{"line":5,"column":90}},"3":{"start":{"line":6,"column":13},"end":{"line":7,"column":null}},"4":{"start":{"line":7,"column":71},"end":{"line":7,"column":118}},"5":{"start":{"line":8,"column":13},"end":{"line":9,"column":null}},"6":{"start":{"line":9,"column":2},"end":{"line":9,"column":45}},"7":{"start":{"line":10,"column":13},"end":{"line":11,"column":null}},"8":{"start":{"line":11,"column":2},"end":{"line":11,"column":46}}},"fnMap":{"0":{"name":"(anonymous_0)","decl":{"start":{"line":5,"column":25},"end":{"line":5,"column":26}},"loc":{"start":{"line":5,"column":55},"end":{"line":5,"column":90}}},"1":{"name":"(anonymous_1)","decl":{"start":{"line":6,"column":34},"end":{"line":6,"column":null}},"loc":{"start":{"line":7,"column":71},"end":{"line":7,"column":118}}},"2":{"name":"(anonymous_2)","decl":{"start":{"line":8,"column":30},"end":{"line":8,"column":46}},"loc":{"start":{"line":9,"column":2},"end":{"line":9,"column":45}}},"3":{"name":"(anonymous_3)","decl":{"start":{"line":10,"column":31},"end":{"line":10,"column":41}},"loc":{"start":{"line":11,"column":2},"end":{"line":11,"column":46}}}},"branchMap":{"0":{"loc":{"start":{"line":5,"column":55},"end":{"line":5,"column":58}},"type":"binary-expr","locations":[{"start":{"line":5,"column":55},"end":{"line":5,"column":58}},{"start":{"line":5,"column":62},"end":{"line":5,"column":90}}]},"1":{"loc":{"start":{"line":7,"column":71},"end":{"line":7,"column":85}},"type":"binary-expr","locations":[{"start":{"line":7,"column":71},"end":{"line":7,"column":85}},{"start":{"line":7,"column":89},"end":{"line":7,"column":118}}]},"2":{"loc":{"start":{"line":9,"column":2},"end":{"line":9,"column":16}},"type":"binary-expr","locations":[{"start":{"line":9,"column":2},"end":{"line":9,"column":16}},{"start":{"line":9,"column":20},"end":{"line":9,"column":45}}]},"3":{"loc":{"start":{"line":11,"column":2},"end":{"line":11,"column":16}},"type":"binary-expr","locations":[{"start":{"line":11,"column":2},"end":{"line":11,"column":16}},{"start":{"line":11,"column":20},"end":{"line":11,"column":46}}]}},"s":{"0":0,"1":0,"2":0,"3":0,"4":0,"5":0,"6":0,"7":0,"8":0},"f":{"0":0,"1":0,"2":0,"3":0},"b":{"0":[0,0],"1":[0,0],"2":[0,0],"3":[0,0]}}
}
