TN:
SF:/Users/nox/projects/@raynode/utils/gram/src/attributeBuilder.ts
FN:19,(anonymous_0)
FN:30,(anonymous_1)
FN:40,(anonymous_2)
FN:44,(anonymous_3)
FN:48,(anonymous_4)
FN:52,(anonymous_5)
FNF:6
FNH:6
FNDA:818,(anonymous_0)
FNDA:115,(anonymous_1)
FNDA:2,(anonymous_2)
FNDA:12,(anonymous_3)
FNDA:2,(anonymous_4)
FNDA:290,(anonymous_5)
DA:1,6
DA:16,6
DA:17,6
DA:19,6
DA:23,818
DA:24,818
DA:25,818
DA:26,730
DA:27,690
DA:30,6
DA:35,115
DA:41,2
DA:42,2
DA:45,12
DA:46,12
DA:49,2
DA:50,2
DA:52,290
DA:58,115
LF:19
LH:19
BRDA:24,0,0,682
BRDA:24,0,1,136
BRDA:25,1,0,88
BRDA:25,1,1,730
BRDA:26,2,0,40
BRDA:26,2,1,690
BRDA:44,3,0,12
BRDA:48,4,0,2
BRF:8
BRH:8
end_of_record
TN:
SF:/Users/nox/projects/@raynode/utils/gram/src/createContextModel.ts
FN:30,(anonymous_0)
FN:30,(anonymous_1)
FN:38,(anonymous_2)
FN:38,(anonymous_3)
FN:43,(anonymous_4)
FN:52,(anonymous_5)
FN:56,(anonymous_6)
FN:60,(anonymous_7)
FN:66,(anonymous_8)
FN:82,(anonymous_9)
FN:84,(anonymous_10)
FN:87,(anonymous_11)
FN:89,(anonymous_12)
FN:92,(anonymous_13)
FN:93,(anonymous_14)
FN:102,(anonymous_15)
FN:107,(anonymous_16)
FN:112,(anonymous_17)
FN:116,(anonymous_18)
FNF:19
FNH:17
FNDA:66,(anonymous_0)
FNDA:290,(anonymous_1)
FNDA:76,(anonymous_2)
FNDA:66,(anonymous_3)
FNDA:76,(anonymous_4)
FNDA:66,(anonymous_5)
FNDA:318,(anonymous_6)
FNDA:22,(anonymous_7)
FNDA:120,(anonymous_8)
FNDA:98,(anonymous_9)
FNDA:22,(anonymous_10)
FNDA:22,(anonymous_11)
FNDA:22,(anonymous_12)
FNDA:0,(anonymous_13)
FNDA:66,(anonymous_14)
FNDA:36,(anonymous_15)
FNDA:26,(anonymous_16)
FNDA:0,(anonymous_17)
FNDA:36,(anonymous_18)
DA:1,6
DA:11,6
DA:12,6
DA:13,6
DA:15,6
DA:26,6
DA:27,6
DA:30,66
DA:34,290
DA:35,290
DA:38,76
DA:41,66
DA:43,6
DA:50,76
DA:51,76
DA:52,76
DA:53,76
DA:55,76
DA:57,318
DA:58,318
DA:60,22
DA:67,120
DA:69,16
DA:71,16
DA:73,22
DA:75,22
DA:77,22
DA:79,22
DA:82,98
DA:85,22
DA:88,22
DA:89,22
DA:92,0
DA:94,66
DA:103,36
DA:104,36
DA:107,26
DA:112,0
DA:117,36
DA:121,76
LF:40
LH:38
BRDA:68,0,0,16
BRDA:68,0,1,16
BRDA:68,0,2,22
BRDA:68,0,3,22
BRDA:68,0,4,22
BRDA:68,0,5,22
BRDA:95,1,0,30
BRDA:95,1,1,36
BRF:8
BRH:8
end_of_record
TN:
SF:/Users/nox/projects/@raynode/utils/gram/src/index.ts
FNF:0
FNH:0
DA:1,6
DA:2,6
DA:3,6
DA:4,6
DA:5,6
DA:6,6
LF:6
LH:6
BRF:0
BRH:0
end_of_record
TN:
SF:/Users/nox/projects/@raynode/utils/gram/src/modelBuilder.ts
FN:19,(anonymous_0)
FN:33,(anonymous_1)
FN:39,(anonymous_2)
FN:59,(anonymous_3)
FN:60,(anonymous_4)
FN:61,(anonymous_5)
FN:65,(anonymous_6)
FN:66,(anonymous_7)
FN:83,(anonymous_8)
FN:95,(anonymous_9)
FN:97,(anonymous_10)
FN:99,(anonymous_11)
FN:100,(anonymous_12)
FN:101,(anonymous_13)
FN:108,(anonymous_14)
FN:110,(anonymous_15)
FN:114,(anonymous_16)
FN:118,(anonymous_17)
FN:122,(anonymous_18)
FNF:19
FNH:16
FNDA:41,(anonymous_0)
FNDA:41,(anonymous_1)
FNDA:76,(anonymous_2)
FNDA:72,(anonymous_3)
FNDA:0,(anonymous_4)
FNDA:22,(anonymous_5)
FNDA:76,(anonymous_6)
FNDA:115,(anonymous_7)
FNDA:76,(anonymous_8)
FNDA:76,(anonymous_9)
FNDA:217,(anonymous_10)
FNDA:26,(anonymous_11)
FNDA:26,(anonymous_12)
FNDA:101,(anonymous_13)
FNDA:264,(anonymous_14)
FNDA:0,(anonymous_15)
FNDA:12,(anonymous_16)
FNDA:0,(anonymous_17)
FNDA:26,(anonymous_18)
DA:2,6
DA:4,6
DA:5,6
DA:16,6
DA:17,6
DA:19,6
DA:20,41
DA:21,41
DA:33,6
DA:38,41
DA:39,76
DA:40,41
DA:41,41
DA:42,41
DA:43,41
DA:56,41
DA:59,72
DA:60,0
DA:62,22
DA:63,22
DA:65,76
DA:73,115
DA:74,0
DA:77,115
DA:84,76
DA:90,76
DA:91,76
DA:92,76
DA:96,76
DA:97,217
DA:98,76
DA:99,26
DA:101,26
DA:102,101
DA:105,76
DA:106,76
DA:108,264
DA:111,0
DA:112,0
DA:115,12
DA:116,12
DA:119,0
DA:120,0
DA:122,26
DA:124,41
LF:45
LH:39
BRDA:44,0,0,41
BRDA:44,0,1,0
BRDA:73,1,0,0
BRDA:73,1,1,115
BRDA:90,2,0,0
BRDA:90,2,1,76
BRDA:91,3,0,36
BRDA:91,3,1,40
BRDA:102,4,0,101
BRDA:102,4,1,0
BRF:10
BRH:6
end_of_record
TN:
SF:/Users/nox/projects/@raynode/utils/gram/src/schemaBuilder.ts
FN:49,(anonymous_0)
FN:60,(anonymous_1)
FN:61,(anonymous_2)
FN:62,(anonymous_3)
FN:63,(anonymous_4)
FN:67,(anonymous_5)
FN:69,(anonymous_6)
FN:70,(anonymous_7)
FN:71,(anonymous_8)
FN:75,(anonymous_9)
FN:101,(anonymous_10)
FN:108,(anonymous_11)
FN:112,(anonymous_12)
FN:132,(anonymous_13)
FN:143,(anonymous_14)
FN:154,(anonymous_15)
FN:163,(anonymous_16)
FN:167,(anonymous_17)
FN:170,(anonymous_18)
FN:170,(anonymous_19)
FN:173,(anonymous_20)
FN:201,(anonymous_21)
FN:205,(anonymous_22)
FN:206,(anonymous_23)
FN:210,(anonymous_24)
FNF:25
FNH:25
FNDA:17,(anonymous_0)
FNDA:76,(anonymous_1)
FNDA:26,(anonymous_2)
FNDA:508,(anonymous_3)
FNDA:558,(anonymous_4)
FNDA:10,(anonymous_5)
FNDA:186,(anonymous_6)
FNDA:186,(anonymous_7)
FNDA:186,(anonymous_8)
FNDA:10,(anonymous_9)
FNDA:17,(anonymous_10)
FNDA:76,(anonymous_11)
FNDA:17,(anonymous_12)
FNDA:10,(anonymous_13)
FNDA:9,(anonymous_14)
FNDA:2,(anonymous_15)
FNDA:17,(anonymous_16)
FNDA:17,(anonymous_17)
FNDA:76,(anonymous_18)
FNDA:36,(anonymous_19)
FNDA:5,(anonymous_20)
FNDA:2,(anonymous_21)
FNDA:2,(anonymous_22)
FNDA:1,(anonymous_23)
FNDA:3,(anonymous_24)
DA:1,6
DA:2,6
DA:19,6
DA:20,6
DA:22,6
DA:27,6
DA:28,6
DA:45,6
DA:46,6
DA:47,6
DA:49,6
DA:55,17
DA:56,17
DA:60,76
DA:61,26
DA:62,508
DA:63,558
DA:67,6
DA:68,10
DA:69,186
DA:70,186
DA:71,186
DA:72,10
DA:75,6
DA:76,10
DA:77,10
DA:78,10
DA:83,10
DA:85,10
DA:86,10
DA:87,10
DA:89,10
DA:90,10
DA:92,10
DA:101,6
DA:107,17
DA:108,76
DA:109,17
DA:112,6
DA:113,17
DA:119,17
DA:120,9
DA:124,17
DA:125,9
DA:129,17
DA:132,6
DA:133,10
DA:134,10
DA:135,10
DA:138,10
DA:140,10
DA:147,9
DA:151,9
DA:152,9
DA:155,2
DA:159,2
DA:160,2
DA:161,2
DA:164,17
DA:168,17
DA:170,76
DA:171,36
DA:173,17
DA:179,5
DA:180,5
DA:183,5
DA:184,5
DA:187,17
DA:202,2
DA:203,2
DA:205,2
DA:207,1
DA:208,1
DA:211,3
DA:212,3
DA:216,10
LF:76
LH:76
BRDA:119,0,0,9
BRDA:119,0,1,8
BRDA:124,1,0,9
BRDA:124,1,1,8
BRDA:149,2,0,9
BRDA:149,2,1,1
BRDA:157,3,0,2
BRDA:157,3,1,1
BRDA:163,4,0,6
BRDA:165,5,0,0
BRDA:165,5,1,17
BRDA:167,6,0,0
BRDA:181,7,0,3
BRDA:181,7,1,2
BRF:14
BRH:12
end_of_record
TN:
SF:/Users/nox/projects/@raynode/utils/gram/src/utils.ts
FN:28,(anonymous_0)
FN:32,(anonymous_1)
FN:34,(anonymous_2)
FN:36,(anonymous_3)
FN:37,(anonymous_4)
FN:41,(anonymous_5)
FN:49,(anonymous_6)
FN:53,(anonymous_7)
FN:53,(anonymous_8)
FN:60,(anonymous_9)
FN:72,(anonymous_10)
FN:83,(anonymous_11)
FN:90,(anonymous_12)
FN:91,(anonymous_13)
FN:96,(anonymous_14)
FN:99,(anonymous_15)
FN:104,(anonymous_16)
FN:109,(anonymous_17)
FN:119,(anonymous_18)
FN:122,(anonymous_19)
FN:124,(anonymous_20)
FN:137,(anonymous_21)
FN:147,(anonymous_22)
FN:156,(anonymous_23)
FN:160,(anonymous_24)
FN:163,(anonymous_25)
FN:164,(anonymous_26)
FN:169,(anonymous_27)
FN:174,(anonymous_28)
FN:177,(anonymous_29)
FNF:30
FNH:27
FNDA:5,(anonymous_0)
FNDA:5,(anonymous_1)
FNDA:5,(anonymous_2)
FNDA:41,(anonymous_3)
FNDA:328,(anonymous_4)
FNDA:228,(anonymous_5)
FNDA:18,(anonymous_6)
FNDA:51,(anonymous_7)
FNDA:228,(anonymous_8)
FNDA:17,(anonymous_9)
FNDA:51,(anonymous_10)
FNDA:115,(anonymous_11)
FNDA:564,(anonymous_12)
FNDA:224,(anonymous_13)
FNDA:174,(anonymous_14)
FNDA:0,(anonymous_15)
FNDA:22,(anonymous_16)
FNDA:48,(anonymous_17)
FNDA:108,(anonymous_18)
FNDA:518,(anonymous_19)
FNDA:76,(anonymous_20)
FNDA:528,(anonymous_21)
FNDA:1,(anonymous_22)
FNDA:18,(anonymous_23)
FNDA:48,(anonymous_24)
FNDA:0,(anonymous_25)
FNDA:0,(anonymous_26)
FNDA:30,(anonymous_27)
FNDA:98,(anonymous_28)
FNDA:98,(anonymous_29)
DA:1,6
DA:12,6
DA:14,6
DA:28,6
DA:30,5
DA:32,6
DA:34,5
DA:36,41
DA:38,328
DA:41,6
DA:42,228
DA:49,6
DA:53,51
DA:56,228
DA:60,6
DA:70,17
DA:72,51
DA:83,6
DA:89,115
DA:90,564
DA:91,224
DA:96,6
DA:97,174
DA:99,6
DA:102,0
DA:104,6
DA:107,22
DA:109,6
DA:113,48
DA:119,6
DA:122,518
DA:124,6
DA:134,76
DA:138,528
DA:147,6
DA:156,6
DA:160,18
DA:161,48
DA:162,48
DA:163,0
DA:164,0
DA:169,6
DA:173,30
DA:175,98
DA:178,98
LF:45
LH:42
BRDA:34,0,0,4
BRDA:34,0,1,1
BRDA:38,1,0,328
BRDA:38,1,1,36
BRDA:89,2,0,30
BRDA:89,2,1,85
BRDA:90,3,0,62
BRDA:90,3,1,23
BRDA:102,4,0,0
BRDA:102,4,1,0
BRDA:107,5,0,7
BRDA:107,5,1,15
BRDA:114,6,0,32
BRDA:114,6,1,16
BRDA:116,7,0,16
BRDA:116,7,1,0
BRDA:126,8,0,0
BRDA:144,9,0,76
BRDA:144,9,1,0
BRDA:161,10,0,0
BRF:20
BRH:14
end_of_record
TN:
SF:/Users/nox/projects/@raynode/utils/gram/src/data-types/create.ts
FN:12,(anonymous_0)
FN:13,(anonymous_1)
FNF:2
FNH:2
FNDA:16,(anonymous_0)
FNDA:112,(anonymous_1)
DA:1,6
DA:2,6
DA:6,6
DA:12,6
DA:13,112
LF:5
LH:5
BRDA:17,0,0,90
BRDA:17,0,1,22
BRF:2
BRH:2
end_of_record
TN:
SF:/Users/nox/projects/@raynode/utils/gram/src/data-types/data.ts
FN:11,(anonymous_0)
FN:12,(anonymous_1)
FNF:2
FNH:2
FNDA:16,(anonymous_0)
FNDA:112,(anonymous_1)
DA:1,6
DA:8,6
DA:9,6
DA:11,6
DA:12,112
LF:5
LH:5
BRDA:14,0,0,90
BRDA:14,0,1,22
BRF:2
BRH:2
end_of_record
TN:
SF:/Users/nox/projects/@raynode/utils/gram/src/data-types/filter.ts
FN:4,(anonymous_0)
FN:8,(anonymous_1)
FNF:2
FNH:2
FNDA:22,(anonymous_0)
FNDA:152,(anonymous_1)
DA:1,6
DA:2,6
DA:4,6
DA:5,22
DA:8,152
LF:5
LH:5
BRDA:11,0,0,130
BRDA:11,0,1,22
BRF:2
BRH:2
end_of_record
TN:
SF:/Users/nox/projects/@raynode/utils/gram/src/data-types/index.ts
FNF:0
FNH:0
DA:1,6
DA:2,6
DA:3,6
DA:4,6
DA:5,6
DA:6,6
LF:6
LH:6
BRF:0
BRH:0
end_of_record
TN:
SF:/Users/nox/projects/@raynode/utils/gram/src/data-types/list.ts
FN:4,(anonymous_0)
FNF:1
FNH:1
FNDA:22,(anonymous_0)
DA:2,6
DA:4,22
LF:2
LH:2
BRF:0
BRH:0
end_of_record
TN:
SF:/Users/nox/projects/@raynode/utils/gram/src/data-types/page.ts
FN:4,(anonymous_0)
FNF:1
FNH:1
FNDA:22,(anonymous_0)
DA:1,6
DA:2,6
DA:4,22
LF:3
LH:3
BRF:0
BRH:0
end_of_record
TN:
SF:/Users/nox/projects/@raynode/utils/gram/src/data-types/where.ts
FN:4,(anonymous_0)
FN:8,(anonymous_1)
FNF:2
FNH:2
FNDA:22,(anonymous_0)
FNDA:152,(anonymous_1)
DA:1,6
DA:2,6
DA:4,6
DA:5,22
DA:8,152
LF:5
LH:5
BRDA:11,0,0,152
BRDA:11,0,1,0
BRF:2
BRH:1
end_of_record
TN:
SF:/Users/nox/projects/@raynode/utils/gram/src/event-types/index.ts
FN:3,(anonymous_0)
FN:8,(anonymous_1)
FN:13,(anonymous_2)
FNF:3
FNH:3
FNDA:16,(anonymous_0)
FNDA:16,(anonymous_1)
FNDA:16,(anonymous_2)
DA:1,6
DA:3,16
DA:8,16
DA:13,16
LF:4
LH:4
BRF:0
BRH:0
end_of_record
TN:
SF:/Users/nox/projects/@raynode/utils/gram/src/field-reducers/index.ts
FN:5,(anonymous_0)
FN:17,(anonymous_1)
FN:26,(anonymous_2)
FNF:3
FNH:3
FNDA:76,(anonymous_0)
FNDA:76,(anonymous_1)
FNDA:76,(anonymous_2)
DA:1,6
DA:2,6
DA:3,6
DA:5,76
DA:17,76
DA:26,76
LF:6
LH:6
BRDA:7,0,0,76
BRDA:7,0,1,16
BRDA:10,1,0,76
BRDA:10,1,1,16
BRDA:13,2,0,76
BRDA:13,2,1,16
BRDA:19,3,0,76
BRDA:19,3,1,16
BRDA:21,4,0,76
BRDA:21,4,1,16
BRDA:23,5,0,76
BRDA:23,5,1,16
BRDA:28,6,0,76
BRDA:28,6,1,22
BRDA:30,7,0,76
BRDA:30,7,1,22
BRF:16
BRH:16
end_of_record
TN:
SF:/Users/nox/projects/@raynode/utils/gram/src/field-types/create.ts
FN:5,(anonymous_0)
FN:12,(anonymous_1)
FNF:2
FNH:2
FNDA:16,(anonymous_0)
FNDA:2,(anonymous_1)
DA:1,6
DA:2,6
DA:3,6
DA:5,16
DA:13,2
LF:5
LH:5
BRF:0
BRH:0
end_of_record
TN:
SF:/Users/nox/projects/@raynode/utils/gram/src/field-types/find-many.ts
FN:5,(anonymous_0)
FN:14,(anonymous_1)
FNF:2
FNH:2
FNDA:22,(anonymous_0)
FNDA:1,(anonymous_1)
DA:1,6
DA:2,6
DA:3,6
DA:5,22
DA:15,1
LF:5
LH:5
BRDA:16,0,0,1
BRDA:16,0,1,1
BRDA:17,1,0,1
BRDA:17,1,1,1
BRF:4
BRH:4
end_of_record
TN:
SF:/Users/nox/projects/@raynode/utils/gram/src/field-types/find-one.ts
FN:5,(anonymous_0)
FN:13,(anonymous_1)
FNF:2
FNH:2
FNDA:22,(anonymous_0)
FNDA:3,(anonymous_1)
DA:1,6
DA:2,6
DA:3,6
DA:5,22
DA:14,3
LF:5
LH:5
BRDA:16,0,0,3
BRDA:16,0,1,3
BRF:2
BRH:2
end_of_record
TN:
SF:/Users/nox/projects/@raynode/utils/gram/src/field-types/index.ts
FNF:0
FNH:0
DA:1,6
DA:2,6
DA:3,6
DA:4,6
DA:5,6
LF:5
LH:5
BRF:0
BRH:0
end_of_record
TN:
SF:/Users/nox/projects/@raynode/utils/gram/src/field-types/remove.ts
FN:5,(anonymous_0)
FN:12,(anonymous_1)
FNF:2
FNH:2
FNDA:16,(anonymous_0)
FNDA:1,(anonymous_1)
DA:1,6
DA:2,6
DA:3,6
DA:5,16
DA:13,1
LF:5
LH:5
BRF:0
BRH:0
end_of_record
TN:
SF:/Users/nox/projects/@raynode/utils/gram/src/field-types/update.ts
FN:5,(anonymous_0)
FN:15,(anonymous_1)
FNF:2
FNH:1
FNDA:16,(anonymous_0)
FNDA:0,(anonymous_1)
DA:1,6
DA:2,6
DA:3,6
DA:5,16
DA:16,0
LF:5
LH:4
BRF:0
BRH:0
end_of_record
TN:
SF:/Users/nox/projects/@raynode/utils/gram/src/input-types/create.ts
FN:5,(anonymous_0)
FNF:1
FNH:1
FNDA:16,(anonymous_0)
DA:1,6
DA:3,6
DA:5,16
LF:3
LH:3
BRF:0
BRH:0
end_of_record
TN:
SF:/Users/nox/projects/@raynode/utils/gram/src/input-types/data.ts
FN:5,(anonymous_0)
FNF:1
FNH:1
FNDA:16,(anonymous_0)
DA:1,6
DA:3,6
DA:5,16
LF:3
LH:3
BRF:0
BRH:0
end_of_record
TN:
SF:/Users/nox/projects/@raynode/utils/gram/src/input-types/filter.ts
FN:5,(anonymous_0)
FNF:1
FNH:1
FNDA:22,(anonymous_0)
DA:1,6
DA:3,6
DA:5,22
LF:3
LH:3
BRF:0
BRH:0
end_of_record
TN:
SF:/Users/nox/projects/@raynode/utils/gram/src/input-types/index.ts
FNF:0
FNH:0
DA:1,6
DA:2,6
DA:3,6
DA:4,6
DA:5,6
DA:6,6
LF:6
LH:6
BRF:0
BRH:0
end_of_record
TN:
SF:/Users/nox/projects/@raynode/utils/gram/src/input-types/order.ts
FN:10,(anonymous_0)
FN:13,(anonymous_1)
FN:15,(anonymous_2)
FN:20,(anonymous_3)
FN:25,(anonymous_4)
FN:27,(anonymous_5)
FN:28,(anonymous_6)
FN:34,(anonymous_7)
FNF:8
FNH:8
FNDA:32,(anonymous_0)
FNDA:2,(anonymous_1)
FNDA:34,(anonymous_2)
FNDA:22,(anonymous_3)
FNDA:152,(anonymous_4)
FNDA:152,(anonymous_5)
FNDA:304,(anonymous_6)
FNDA:22,(anonymous_7)
DA:1,6
DA:2,6
DA:3,6
DA:5,6
DA:10,6
DA:11,32
DA:13,2
DA:15,34
DA:20,6
DA:21,22
DA:25,152
DA:27,152
DA:28,304
DA:33,6
DA:35,22
LF:15
LH:15
BRDA:13,0,0,2
BRDA:13,0,1,2
BRDA:15,1,0,2
BRDA:15,1,1,32
BRF:4
BRH:4
end_of_record
TN:
SF:/Users/nox/projects/@raynode/utils/gram/src/input-types/page.ts
FN:5,(anonymous_0)
FNF:1
FNH:1
FNDA:22,(anonymous_0)
DA:1,6
DA:3,6
DA:5,22
LF:3
LH:3
BRF:0
BRH:0
end_of_record
TN:
SF:/Users/nox/projects/@raynode/utils/gram/src/input-types/where.ts
FN:5,(anonymous_0)
FNF:1
FNH:1
FNDA:22,(anonymous_0)
DA:1,6
DA:3,6
DA:5,22
LF:3
LH:3
BRF:0
BRH:0
end_of_record
TN:
SF:/Users/nox/projects/@raynode/utils/gram/src/strategies/filter.ts
FN:22,(anonymous_0)
FN:27,(anonymous_1)
FN:36,(anonymous_2)
FN:36,(anonymous_3)
FN:47,(anonymous_4)
FN:49,(anonymous_5)
FN:60,(anonymous_6)
FN:62,(anonymous_7)
FN:77,(anonymous_8)
FNF:9
FNH:9
FNDA:336,(anonymous_0)
FNDA:336,(anonymous_1)
FNDA:31,(anonymous_2)
FNDA:1282,(anonymous_3)
FNDA:282,(anonymous_4)
FNDA:282,(anonymous_5)
FNDA:17,(anonymous_6)
FNDA:282,(anonymous_7)
FNDA:1144,(anonymous_8)
DA:1,6
DA:19,6
DA:20,6
DA:22,6
DA:25,336
DA:27,6
DA:29,336
DA:36,31
DA:39,1282
DA:41,6
DA:42,6
DA:43,6
DA:44,6
DA:45,6
DA:47,6
DA:48,282
DA:49,6
DA:50,282
DA:52,6
DA:53,6
DA:60,6
DA:62,17
DA:66,282
DA:69,282
DA:74,282
DA:76,282
DA:78,1144
LF:27
LH:27
BRDA:25,0,0,336
BRDA:25,0,1,336
BRDA:29,1,0,54
BRDA:29,1,1,282
BRDA:39,2,0,1282
BRDA:39,2,1,1260
BRDA:48,3,0,282
BRDA:48,3,1,260
BRDA:48,3,2,218
BRDA:50,4,0,282
BRDA:50,4,1,260
BRDA:50,4,2,246
BRDA:67,5,0,282
BRDA:67,5,1,0
BRDA:70,6,0,282
BRDA:70,6,1,0
BRDA:72,7,0,0
BRDA:72,7,1,0
BRDA:78,8,0,128
BRDA:78,8,1,1016
BRF:20
BRH:16
end_of_record
TN:
SF:/Users/nox/projects/@raynode/utils/gram/src/strategies/naming.ts
FN:16,(anonymous_0)
FNF:1
FNH:1
FNDA:76,(anonymous_0)
DA:1,6
DA:16,76
LF:2
LH:2
BRF:0
BRH:0
end_of_record
TN:
SF:/Users/nox/projects/@raynode/utils/gram/src/strategies/filters/equals.ts
FN:2,(anonymous_0)
FNF:1
FNH:1
FNDA:128,(anonymous_0)
DA:2,128
LF:1
LH:1
BRF:0
BRH:0
end_of_record
TN:
SF:/Users/nox/projects/@raynode/utils/gram/src/strategies/filters/index.ts
FN:8,(anonymous_1)
FN:8,(anonymous_2)
FN:14,(anonymous_3)
FN:18,(anonymous_4)
FN:20,(anonymous_5)
FN:21,(anonymous_6)
FNF:6
FNH:3
FNDA:13,(anonymous_1)
FNDA:114,(anonymous_2)
FNDA:228,(anonymous_3)
FNDA:0,(anonymous_4)
FNDA:0,(anonymous_5)
FNDA:0,(anonymous_6)
DA:3,6
DA:4,6
DA:5,6
DA:6,6
DA:8,13
DA:13,114
DA:14,228
DA:18,6
DA:20,0
DA:21,0
LF:10
LH:8
BRDA:21,0,0,0
BRDA:21,0,1,0
BRF:2
BRH:0
end_of_record
TN:
SF:/Users/nox/projects/@raynode/utils/gram/src/strategies/filters/list.ts
FN:2,(anonymous_0)
FNF:1
FNH:0
FNDA:0,(anonymous_0)
DA:2,6
LF:1
LH:1
BRF:0
BRH:0
end_of_record
TN:
SF:/Users/nox/projects/@raynode/utils/gram/src/strategies/filters/numeric.ts
FN:2,(anonymous_0)
FNF:1
FNH:1
FNDA:24,(anonymous_0)
DA:2,24
LF:1
LH:1
BRF:0
BRH:0
end_of_record
TN:
SF:/Users/nox/projects/@raynode/utils/gram/src/strategies/filters/record.ts
FN:2,(anonymous_0)
FNF:1
FNH:1
FNDA:90,(anonymous_0)
DA:2,90
LF:1
LH:1
BRF:0
BRH:0
end_of_record
TN:
SF:/Users/nox/projects/@raynode/utils/gram/src/types/constants.ts
FNF:0
FNH:0
DA:2,6
DA:3,6
DA:4,6
LF:3
LH:3
BRF:0
BRH:0
end_of_record
TN:
SF:/Users/nox/projects/@raynode/utils/gram/src/types/guards.ts
FN:15,(anonymous_0)
FN:17,(anonymous_1)
FN:21,(anonymous_2)
FN:25,(anonymous_3)
FN:30,(anonymous_4)
FN:33,(anonymous_5)
FNF:6
FNH:1
FNDA:0,(anonymous_0)
FNDA:0,(anonymous_1)
FNDA:0,(anonymous_2)
FNDA:0,(anonymous_3)
FNDA:17,(anonymous_4)
FNDA:0,(anonymous_5)
DA:1,6
DA:9,6
DA:15,6
DA:16,0
DA:17,6
DA:20,0
DA:21,6
DA:24,0
DA:25,6
DA:28,0
DA:30,6
DA:31,17
DA:32,0
DA:34,0
LF:14
LH:8
BRDA:16,0,0,0
BRDA:16,0,1,0
BRDA:20,1,0,0
BRDA:20,1,1,0
BRDA:24,2,0,0
BRDA:24,2,1,0
BRDA:28,3,0,0
BRDA:28,3,1,0
BRDA:31,4,0,17
BRDA:31,4,1,0
BRDA:31,5,0,17
BRDA:31,5,1,2
BRDA:34,6,0,0
BRDA:34,6,1,0
BRDA:34,6,2,0
BRF:15
BRH:3
end_of_record
