TN:
SF:/Users/nox/projects/@raynode/utils/gram/src/attributeBuilder.ts
FN:19,(anonymous_0)
FN:30,(anonymous_1)
FN:40,(anonymous_2)
FN:44,(anonymous_3)
FN:48,(anonymous_4)
FN:52,(anonymous_5)
FNF:6
FNH:6
FNDA:800,(anonymous_0)
FNDA:96,(anonymous_1)
FNDA:2,(anonymous_2)
FNDA:10,(anonymous_3)
FNDA:2,(anonymous_4)
FNDA:272,(anonymous_5)
DA:1,4
DA:16,4
DA:17,4
DA:19,4
DA:23,800
DA:24,800
DA:25,800
DA:26,712
DA:27,672
DA:30,4
DA:35,96
DA:41,2
DA:42,2
DA:45,10
DA:46,10
DA:49,2
DA:50,2
DA:52,272
DA:58,96
LF:19
LH:19
BRDA:24,0,0,664
BRDA:24,0,1,136
BRDA:25,1,0,88
BRDA:25,1,1,712
BRDA:26,2,0,40
BRDA:26,2,1,672
BRDA:44,3,0,10
BRDA:48,4,0,2
BRF:8
BRH:8
end_of_record
TN:
SF:/Users/nox/projects/@raynode/utils/gram/src/createContextModel.ts
FN:30,(anonymous_0)
FN:30,(anonymous_1)
FN:38,(anonymous_2)
FN:38,(anonymous_3)
FN:43,(anonymous_4)
FN:52,(anonymous_5)
FN:56,(anonymous_6)
FN:60,(anonymous_7)
FN:66,(anonymous_8)
FN:82,(anonymous_9)
FN:84,(anonymous_10)
FN:87,(anonymous_11)
FN:89,(anonymous_12)
FN:92,(anonymous_13)
FN:93,(anonymous_14)
FN:102,(anonymous_15)
FN:107,(anonymous_16)
FN:112,(anonymous_17)
FN:116,(anonymous_18)
FNF:19
FNH:17
FNDA:62,(anonymous_0)
FNDA:272,(anonymous_1)
FNDA:65,(anonymous_2)
FNDA:62,(anonymous_3)
FNDA:65,(anonymous_4)
FNDA:62,(anonymous_5)
FNDA:281,(anonymous_6)
FNDA:22,(anonymous_7)
FNDA:120,(anonymous_8)
FNDA:98,(anonymous_9)
FNDA:22,(anonymous_10)
FNDA:22,(anonymous_11)
FNDA:22,(anonymous_12)
FNDA:0,(anonymous_13)
FNDA:62,(anonymous_14)
FNDA:34,(anonymous_15)
FNDA:24,(anonymous_16)
FNDA:0,(anonymous_17)
FNDA:30,(anonymous_18)
DA:1,4
DA:11,4
DA:12,4
DA:13,4
DA:15,4
DA:26,4
DA:27,4
DA:30,62
DA:34,272
DA:35,272
DA:38,65
DA:41,62
DA:43,4
DA:50,65
DA:51,65
DA:52,65
DA:53,65
DA:55,65
DA:57,281
DA:58,281
DA:60,22
DA:67,120
DA:69,16
DA:71,16
DA:73,22
DA:75,22
DA:77,22
DA:79,22
DA:82,98
DA:85,22
DA:88,22
DA:89,22
DA:92,0
DA:94,62
DA:103,34
DA:104,34
DA:107,24
DA:112,0
DA:117,30
DA:121,65
LF:40
LH:38
BRDA:68,0,0,16
BRDA:68,0,1,16
BRDA:68,0,2,22
BRDA:68,0,3,22
BRDA:68,0,4,22
BRDA:68,0,5,22
BRDA:95,1,0,28
BRDA:95,1,1,34
BRF:8
BRH:8
end_of_record
TN:
SF:/Users/nox/projects/@raynode/utils/gram/src/index.ts
FNF:0
FNH:0
DA:1,4
DA:2,4
DA:3,4
DA:4,4
DA:5,4
DA:6,4
LF:6
LH:6
BRF:0
BRH:0
end_of_record
TN:
SF:/Users/nox/projects/@raynode/utils/gram/src/modelBuilder.ts
FN:19,(anonymous_0)
FN:33,(anonymous_1)
FN:39,(anonymous_2)
FN:59,(anonymous_3)
FN:60,(anonymous_4)
FN:61,(anonymous_5)
FN:65,(anonymous_6)
FN:66,(anonymous_7)
FN:83,(anonymous_8)
FN:95,(anonymous_9)
FN:97,(anonymous_10)
FN:99,(anonymous_11)
FN:100,(anonymous_12)
FN:101,(anonymous_13)
FN:108,(anonymous_14)
FN:110,(anonymous_15)
FN:114,(anonymous_16)
FN:118,(anonymous_17)
FN:122,(anonymous_18)
FNF:19
FNH:16
FNDA:34,(anonymous_0)
FNDA:34,(anonymous_1)
FNDA:65,(anonymous_2)
FNDA:68,(anonymous_3)
FNDA:0,(anonymous_4)
FNDA:18,(anonymous_5)
FNDA:65,(anonymous_6)
FNDA:96,(anonymous_7)
FNDA:65,(anonymous_8)
FNDA:65,(anonymous_9)
FNDA:188,(anonymous_10)
FNDA:24,(anonymous_11)
FNDA:24,(anonymous_12)
FNDA:93,(anonymous_13)
FNDA:225,(anonymous_14)
FNDA:0,(anonymous_15)
FNDA:11,(anonymous_16)
FNDA:0,(anonymous_17)
FNDA:24,(anonymous_18)
DA:2,4
DA:4,4
DA:5,4
DA:16,4
DA:17,4
DA:19,4
DA:20,34
DA:21,34
DA:33,4
DA:38,34
DA:39,65
DA:40,34
DA:41,34
DA:42,34
DA:43,34
DA:56,34
DA:59,68
DA:60,0
DA:62,18
DA:63,18
DA:65,65
DA:73,96
DA:74,0
DA:77,96
DA:84,65
DA:90,65
DA:91,65
DA:92,65
DA:96,65
DA:97,188
DA:98,65
DA:99,24
DA:101,24
DA:102,93
DA:105,65
DA:106,65
DA:108,225
DA:111,0
DA:112,0
DA:115,11
DA:116,11
DA:119,0
DA:120,0
DA:122,24
DA:124,34
LF:45
LH:39
BRDA:44,0,0,34
BRDA:44,0,1,0
BRDA:73,1,0,0
BRDA:73,1,1,96
BRDA:90,2,0,0
BRDA:90,2,1,65
BRDA:91,3,0,30
BRDA:91,3,1,35
BRDA:102,4,0,93
BRDA:102,4,1,0
BRF:10
BRH:6
end_of_record
TN:
SF:/Users/nox/projects/@raynode/utils/gram/src/schemaBuilder.ts
FN:46,(anonymous_0)
FN:57,(anonymous_1)
FN:58,(anonymous_2)
FN:59,(anonymous_3)
FN:60,(anonymous_4)
FN:64,(anonymous_5)
FN:66,(anonymous_6)
FN:67,(anonymous_7)
FN:68,(anonymous_8)
FN:72,(anonymous_9)
FN:98,(anonymous_10)
FN:105,(anonymous_11)
FN:109,(anonymous_12)
FN:129,(anonymous_13)
FN:139,(anonymous_14)
FN:144,(anonymous_15)
FN:153,(anonymous_16)
FN:157,(anonymous_17)
FN:160,(anonymous_18)
FN:160,(anonymous_19)
FN:170,(anonymous_20)
FN:174,(anonymous_21)
FN:175,(anonymous_22)
FNF:23
FNH:23
FNDA:14,(anonymous_0)
FNDA:65,(anonymous_1)
FNDA:24,(anonymous_2)
FNDA:493,(anonymous_3)
FNDA:546,(anonymous_4)
FNDA:8,(anonymous_5)
FNDA:182,(anonymous_6)
FNDA:182,(anonymous_7)
FNDA:182,(anonymous_8)
FNDA:8,(anonymous_9)
FNDA:14,(anonymous_10)
FNDA:65,(anonymous_11)
FNDA:14,(anonymous_12)
FNDA:8,(anonymous_13)
FNDA:8,(anonymous_14)
FNDA:2,(anonymous_15)
FNDA:14,(anonymous_16)
FNDA:14,(anonymous_17)
FNDA:65,(anonymous_18)
FNDA:30,(anonymous_19)
FNDA:2,(anonymous_20)
FNDA:2,(anonymous_21)
FNDA:1,(anonymous_22)
DA:1,4
DA:2,4
DA:18,4
DA:19,4
DA:21,4
DA:26,4
DA:41,4
DA:42,4
DA:43,4
DA:44,4
DA:46,4
DA:52,14
DA:53,14
DA:57,65
DA:58,24
DA:59,493
DA:60,546
DA:64,4
DA:65,8
DA:66,182
DA:67,182
DA:68,182
DA:69,8
DA:72,4
DA:73,8
DA:74,8
DA:75,8
DA:80,8
DA:82,8
DA:83,8
DA:84,8
DA:86,8
DA:87,8
DA:89,8
DA:98,4
DA:104,14
DA:105,65
DA:106,14
DA:109,4
DA:110,14
DA:116,14
DA:117,9
DA:121,14
DA:122,9
DA:126,14
DA:129,4
DA:132,8
DA:133,8
DA:134,8
DA:136,8
DA:140,8
DA:141,8
DA:142,8
DA:145,2
DA:149,2
DA:150,2
DA:151,2
DA:154,14
DA:158,14
DA:160,65
DA:161,30
DA:164,14
DA:171,2
DA:172,2
DA:174,2
DA:176,1
DA:177,1
DA:181,8
LF:68
LH:68
BRDA:116,0,0,9
BRDA:116,0,1,5
BRDA:121,1,0,9
BRDA:121,1,1,5
BRDA:140,2,0,8
BRDA:140,2,1,0
BRDA:147,3,0,2
BRDA:147,3,1,1
BRDA:153,4,0,5
BRDA:155,5,0,0
BRDA:155,5,1,14
BRDA:157,6,0,0
BRF:12
BRH:9
end_of_record
TN:
SF:/Users/nox/projects/@raynode/utils/gram/src/utils.ts
FN:27,(anonymous_0)
FN:28,(anonymous_1)
FN:32,(anonymous_2)
FN:40,(anonymous_3)
FN:44,(anonymous_4)
FN:44,(anonymous_5)
FN:51,(anonymous_6)
FN:62,(anonymous_7)
FN:73,(anonymous_8)
FN:80,(anonymous_9)
FN:81,(anonymous_10)
FN:86,(anonymous_11)
FN:89,(anonymous_12)
FN:94,(anonymous_13)
FN:99,(anonymous_14)
FN:109,(anonymous_15)
FN:112,(anonymous_16)
FN:114,(anonymous_17)
FN:127,(anonymous_18)
FN:137,(anonymous_19)
FN:146,(anonymous_20)
FN:150,(anonymous_21)
FN:153,(anonymous_22)
FN:154,(anonymous_23)
FN:159,(anonymous_24)
FN:164,(anonymous_25)
FN:167,(anonymous_26)
FNF:27
FNH:24
FNDA:34,(anonymous_0)
FNDA:272,(anonymous_1)
FNDA:195,(anonymous_2)
FNDA:12,(anonymous_3)
FNDA:42,(anonymous_4)
FNDA:195,(anonymous_5)
FNDA:14,(anonymous_6)
FNDA:42,(anonymous_7)
FNDA:96,(anonymous_8)
FNDA:558,(anonymous_9)
FNDA:224,(anonymous_10)
FNDA:174,(anonymous_11)
FNDA:0,(anonymous_12)
FNDA:22,(anonymous_13)
FNDA:48,(anonymous_14)
FNDA:72,(anonymous_15)
FNDA:518,(anonymous_16)
FNDA:76,(anonymous_17)
FNDA:528,(anonymous_18)
FNDA:1,(anonymous_19)
FNDA:12,(anonymous_20)
FNDA:48,(anonymous_21)
FNDA:0,(anonymous_22)
FNDA:0,(anonymous_23)
FNDA:20,(anonymous_24)
FNDA:98,(anonymous_25)
FNDA:98,(anonymous_26)
DA:1,4
DA:12,4
DA:14,4
DA:27,34
DA:29,272
DA:32,4
DA:33,195
DA:40,4
DA:44,42
DA:47,195
DA:51,4
DA:60,14
DA:62,42
DA:73,4
DA:79,96
DA:80,558
DA:81,224
DA:86,4
DA:87,174
DA:89,4
DA:92,0
DA:94,4
DA:97,22
DA:99,4
DA:103,48
DA:109,4
DA:112,518
DA:114,4
DA:124,76
DA:128,528
DA:137,4
DA:146,4
DA:150,12
DA:151,48
DA:152,48
DA:153,0
DA:154,0
DA:159,4
DA:163,20
DA:165,98
DA:168,98
LF:41
LH:38
BRDA:29,0,0,272
BRDA:29,0,1,36
BRDA:79,1,0,24
BRDA:79,1,1,72
BRDA:80,2,0,53
BRDA:80,2,1,19
BRDA:92,3,0,0
BRDA:92,3,1,0
BRDA:97,4,0,7
BRDA:97,4,1,15
BRDA:104,5,0,32
BRDA:104,5,1,16
BRDA:106,6,0,16
BRDA:106,6,1,0
BRDA:116,7,0,0
BRDA:134,8,0,76
BRDA:134,8,1,0
BRDA:151,9,0,0
BRF:18
BRH:12
end_of_record
TN:
SF:/Users/nox/projects/@raynode/utils/gram/src/data-types/create.ts
FN:12,(anonymous_0)
FN:13,(anonymous_1)
FNF:2
FNH:2
FNDA:16,(anonymous_0)
FNDA:112,(anonymous_1)
DA:1,4
DA:2,4
DA:6,4
DA:12,4
DA:13,112
LF:5
LH:5
BRDA:17,0,0,90
BRDA:17,0,1,22
BRF:2
BRH:2
end_of_record
TN:
SF:/Users/nox/projects/@raynode/utils/gram/src/data-types/data.ts
FN:11,(anonymous_0)
FN:12,(anonymous_1)
FNF:2
FNH:2
FNDA:16,(anonymous_0)
FNDA:112,(anonymous_1)
DA:1,4
DA:8,4
DA:9,4
DA:11,4
DA:12,112
LF:5
LH:5
BRDA:14,0,0,90
BRDA:14,0,1,22
BRF:2
BRH:2
end_of_record
TN:
SF:/Users/nox/projects/@raynode/utils/gram/src/data-types/filter.ts
FN:4,(anonymous_0)
FN:8,(anonymous_1)
FNF:2
FNH:2
FNDA:22,(anonymous_0)
FNDA:152,(anonymous_1)
DA:1,4
DA:2,4
DA:4,4
DA:5,22
DA:8,152
LF:5
LH:5
BRDA:10,0,0,130
BRDA:10,0,1,22
BRF:2
BRH:2
end_of_record
TN:
SF:/Users/nox/projects/@raynode/utils/gram/src/data-types/index.ts
FNF:0
FNH:0
DA:1,4
DA:2,4
DA:3,4
DA:4,4
DA:5,4
DA:6,4
LF:6
LH:6
BRF:0
BRH:0
end_of_record
TN:
SF:/Users/nox/projects/@raynode/utils/gram/src/data-types/list.ts
FN:4,(anonymous_0)
FNF:1
FNH:1
FNDA:22,(anonymous_0)
DA:2,4
DA:4,22
LF:2
LH:2
BRF:0
BRH:0
end_of_record
TN:
SF:/Users/nox/projects/@raynode/utils/gram/src/data-types/page.ts
FN:4,(anonymous_0)
FNF:1
FNH:1
FNDA:22,(anonymous_0)
DA:1,4
DA:2,4
DA:4,22
LF:3
LH:3
BRF:0
BRH:0
end_of_record
TN:
SF:/Users/nox/projects/@raynode/utils/gram/src/data-types/where.ts
FN:4,(anonymous_0)
FN:8,(anonymous_1)
FNF:2
FNH:2
FNDA:22,(anonymous_0)
FNDA:152,(anonymous_1)
DA:1,4
DA:2,4
DA:4,4
DA:5,22
DA:8,152
LF:5
LH:5
BRDA:10,0,0,152
BRDA:10,0,1,0
BRF:2
BRH:1
end_of_record
TN:
SF:/Users/nox/projects/@raynode/utils/gram/src/event-types/index.ts
FN:3,(anonymous_0)
FN:8,(anonymous_1)
FN:13,(anonymous_2)
FNF:3
FNH:3
FNDA:16,(anonymous_0)
FNDA:16,(anonymous_1)
FNDA:16,(anonymous_2)
DA:1,4
DA:3,16
DA:8,16
DA:13,16
LF:4
LH:4
BRF:0
BRH:0
end_of_record
TN:
SF:/Users/nox/projects/@raynode/utils/gram/src/field-reducers/index.ts
FN:5,(anonymous_0)
FN:17,(anonymous_1)
FN:26,(anonymous_2)
FNF:3
FNH:3
FNDA:65,(anonymous_0)
FNDA:65,(anonymous_1)
FNDA:65,(anonymous_2)
DA:1,4
DA:2,4
DA:3,4
DA:5,65
DA:17,65
DA:26,65
LF:6
LH:6
BRDA:7,0,0,65
BRDA:7,0,1,16
BRDA:10,1,0,65
BRDA:10,1,1,16
BRDA:13,2,0,65
BRDA:13,2,1,16
BRDA:19,3,0,65
BRDA:19,3,1,16
BRDA:21,4,0,65
BRDA:21,4,1,16
BRDA:23,5,0,65
BRDA:23,5,1,16
BRDA:28,6,0,65
BRDA:28,6,1,22
BRDA:30,7,0,65
BRDA:30,7,1,22
BRF:16
BRH:16
end_of_record
TN:
SF:/Users/nox/projects/@raynode/utils/gram/src/field-types/create.ts
FN:5,(anonymous_0)
FN:12,(anonymous_1)
FNF:2
FNH:2
FNDA:16,(anonymous_0)
FNDA:2,(anonymous_1)
DA:1,4
DA:2,4
DA:3,4
DA:5,16
DA:13,2
LF:5
LH:5
BRF:0
BRH:0
end_of_record
TN:
SF:/Users/nox/projects/@raynode/utils/gram/src/field-types/find-many.ts
FN:5,(anonymous_0)
FN:14,(anonymous_1)
FNF:2
FNH:2
FNDA:22,(anonymous_0)
FNDA:1,(anonymous_1)
DA:1,4
DA:2,4
DA:3,4
DA:5,22
DA:15,1
LF:5
LH:5
BRDA:16,0,0,1
BRDA:16,0,1,1
BRDA:17,1,0,1
BRDA:17,1,1,1
BRF:4
BRH:4
end_of_record
TN:
SF:/Users/nox/projects/@raynode/utils/gram/src/field-types/find-one.ts
FN:5,(anonymous_0)
FN:13,(anonymous_1)
FNF:2
FNH:2
FNDA:22,(anonymous_0)
FNDA:3,(anonymous_1)
DA:1,4
DA:2,4
DA:3,4
DA:5,22
DA:14,3
LF:5
LH:5
BRDA:16,0,0,3
BRDA:16,0,1,3
BRF:2
BRH:2
end_of_record
TN:
SF:/Users/nox/projects/@raynode/utils/gram/src/field-types/index.ts
FNF:0
FNH:0
DA:1,4
DA:2,4
DA:3,4
DA:4,4
DA:5,4
LF:5
LH:5
BRF:0
BRH:0
end_of_record
TN:
SF:/Users/nox/projects/@raynode/utils/gram/src/field-types/remove.ts
FN:5,(anonymous_0)
FN:12,(anonymous_1)
FNF:2
FNH:2
FNDA:16,(anonymous_0)
FNDA:1,(anonymous_1)
DA:1,4
DA:2,4
DA:3,4
DA:5,16
DA:13,1
LF:5
LH:5
BRF:0
BRH:0
end_of_record
TN:
SF:/Users/nox/projects/@raynode/utils/gram/src/field-types/update.ts
FN:5,(anonymous_0)
FN:15,(anonymous_1)
FNF:2
FNH:1
FNDA:16,(anonymous_0)
FNDA:0,(anonymous_1)
DA:1,4
DA:2,4
DA:3,4
DA:5,16
DA:16,0
LF:5
LH:4
BRF:0
BRH:0
end_of_record
TN:
SF:/Users/nox/projects/@raynode/utils/gram/src/input-types/create.ts
FN:5,(anonymous_0)
FNF:1
FNH:1
FNDA:16,(anonymous_0)
DA:1,4
DA:3,4
DA:5,16
LF:3
LH:3
BRF:0
BRH:0
end_of_record
TN:
SF:/Users/nox/projects/@raynode/utils/gram/src/input-types/data.ts
FN:5,(anonymous_0)
FNF:1
FNH:1
FNDA:16,(anonymous_0)
DA:1,4
DA:3,4
DA:5,16
LF:3
LH:3
BRF:0
BRH:0
end_of_record
TN:
SF:/Users/nox/projects/@raynode/utils/gram/src/input-types/filter.ts
FN:5,(anonymous_0)
FNF:1
FNH:1
FNDA:22,(anonymous_0)
DA:1,4
DA:3,4
DA:5,22
LF:3
LH:3
BRF:0
BRH:0
end_of_record
TN:
SF:/Users/nox/projects/@raynode/utils/gram/src/input-types/index.ts
FNF:0
FNH:0
DA:1,4
DA:2,4
DA:3,4
DA:4,4
DA:5,4
DA:6,4
LF:6
LH:6
BRF:0
BRH:0
end_of_record
TN:
SF:/Users/nox/projects/@raynode/utils/gram/src/input-types/order.ts
FN:10,(anonymous_0)
FN:13,(anonymous_1)
FN:15,(anonymous_2)
FN:20,(anonymous_3)
FN:25,(anonymous_4)
FN:27,(anonymous_5)
FN:28,(anonymous_6)
FN:34,(anonymous_7)
FNF:8
FNH:8
FNDA:32,(anonymous_0)
FNDA:2,(anonymous_1)
FNDA:34,(anonymous_2)
FNDA:22,(anonymous_3)
FNDA:152,(anonymous_4)
FNDA:152,(anonymous_5)
FNDA:304,(anonymous_6)
FNDA:22,(anonymous_7)
DA:1,4
DA:2,4
DA:3,4
DA:5,4
DA:10,4
DA:11,32
DA:13,2
DA:15,34
DA:20,4
DA:21,22
DA:25,152
DA:27,152
DA:28,304
DA:33,4
DA:35,22
LF:15
LH:15
BRDA:13,0,0,2
BRDA:13,0,1,2
BRDA:15,1,0,2
BRDA:15,1,1,32
BRF:4
BRH:4
end_of_record
TN:
SF:/Users/nox/projects/@raynode/utils/gram/src/input-types/page.ts
FN:5,(anonymous_0)
FNF:1
FNH:1
FNDA:22,(anonymous_0)
DA:1,4
DA:3,4
DA:5,22
LF:3
LH:3
BRF:0
BRH:0
end_of_record
TN:
SF:/Users/nox/projects/@raynode/utils/gram/src/input-types/where.ts
FN:5,(anonymous_0)
FNF:1
FNH:1
FNDA:22,(anonymous_0)
DA:1,4
DA:3,4
DA:5,22
LF:3
LH:3
BRF:0
BRH:0
end_of_record
TN:
SF:/Users/nox/projects/@raynode/utils/gram/src/strategies/filter.ts
FN:22,(anonymous_0)
FN:27,(anonymous_1)
FN:36,(anonymous_2)
FN:37,(anonymous_3)
FN:45,(anonymous_4)
FN:47,(anonymous_5)
FN:58,(anonymous_6)
FN:59,(anonymous_7)
FN:74,(anonymous_8)
FNF:9
FNH:9
FNDA:336,(anonymous_0)
FNDA:336,(anonymous_1)
FNDA:21,(anonymous_2)
FNDA:1282,(anonymous_3)
FNDA:282,(anonymous_4)
FNDA:282,(anonymous_5)
FNDA:14,(anonymous_6)
FNDA:282,(anonymous_7)
FNDA:1144,(anonymous_8)
DA:1,4
DA:19,4
DA:20,4
DA:22,4
DA:25,336
DA:27,4
DA:29,336
DA:36,4
DA:37,1282
DA:39,4
DA:40,4
DA:41,4
DA:42,4
DA:43,4
DA:45,4
DA:46,282
DA:47,4
DA:48,282
DA:50,4
DA:51,4
DA:58,4
DA:59,14
DA:63,282
DA:66,282
DA:71,282
DA:73,282
DA:75,1144
LF:27
LH:27
BRDA:25,0,0,336
BRDA:25,0,1,336
BRDA:29,1,0,54
BRDA:29,1,1,282
BRDA:37,2,0,1282
BRDA:37,2,1,1260
BRDA:46,3,0,282
BRDA:46,3,1,260
BRDA:46,3,2,218
BRDA:48,4,0,282
BRDA:48,4,1,260
BRDA:48,4,2,246
BRDA:64,5,0,282
BRDA:64,5,1,0
BRDA:67,6,0,282
BRDA:67,6,1,0
BRDA:69,7,0,0
BRDA:69,7,1,0
BRDA:75,8,0,128
BRDA:75,8,1,1016
BRF:20
BRH:16
end_of_record
TN:
SF:/Users/nox/projects/@raynode/utils/gram/src/strategies/naming.ts
FN:16,(anonymous_0)
FNF:1
FNH:1
FNDA:65,(anonymous_0)
DA:1,4
DA:16,65
LF:2
LH:2
BRF:0
BRH:0
end_of_record
TN:
SF:/Users/nox/projects/@raynode/utils/gram/src/strategies/filters/equals.ts
FN:2,(anonymous_0)
FNF:1
FNH:1
FNDA:128,(anonymous_0)
DA:2,128
LF:1
LH:1
BRF:0
BRH:0
end_of_record
TN:
SF:/Users/nox/projects/@raynode/utils/gram/src/strategies/filters/index.ts
FN:8,(anonymous_1)
FN:8,(anonymous_2)
FN:14,(anonymous_3)
FN:18,(anonymous_4)
FN:20,(anonymous_5)
FN:21,(anonymous_6)
FNF:6
FNH:3
FNDA:9,(anonymous_1)
FNDA:114,(anonymous_2)
FNDA:228,(anonymous_3)
FNDA:0,(anonymous_4)
FNDA:0,(anonymous_5)
FNDA:0,(anonymous_6)
DA:3,4
DA:4,4
DA:5,4
DA:6,4
DA:8,9
DA:13,114
DA:14,228
DA:18,4
DA:20,0
DA:21,0
LF:10
LH:8
BRDA:21,0,0,0
BRDA:21,0,1,0
BRF:2
BRH:0
end_of_record
TN:
SF:/Users/nox/projects/@raynode/utils/gram/src/strategies/filters/list.ts
FN:2,(anonymous_0)
FNF:1
FNH:0
FNDA:0,(anonymous_0)
DA:2,4
LF:1
LH:1
BRF:0
BRH:0
end_of_record
TN:
SF:/Users/nox/projects/@raynode/utils/gram/src/strategies/filters/numeric.ts
FN:2,(anonymous_0)
FNF:1
FNH:1
FNDA:24,(anonymous_0)
DA:2,24
LF:1
LH:1
BRF:0
BRH:0
end_of_record
TN:
SF:/Users/nox/projects/@raynode/utils/gram/src/strategies/filters/record.ts
FN:2,(anonymous_0)
FNF:1
FNH:1
FNDA:90,(anonymous_0)
DA:2,90
LF:1
LH:1
BRF:0
BRH:0
end_of_record
TN:
SF:/Users/nox/projects/@raynode/utils/gram/src/types/constants.ts
FNF:0
FNH:0
DA:2,4
DA:3,4
DA:4,4
LF:3
LH:3
BRF:0
BRH:0
end_of_record
TN:
SF:/Users/nox/projects/@raynode/utils/gram/src/types/guards.ts
FN:15,(anonymous_0)
FN:17,(anonymous_1)
FN:21,(anonymous_2)
FN:25,(anonymous_3)
FN:30,(anonymous_4)
FN:33,(anonymous_5)
FNF:6
FNH:1
FNDA:0,(anonymous_0)
FNDA:0,(anonymous_1)
FNDA:0,(anonymous_2)
FNDA:0,(anonymous_3)
FNDA:14,(anonymous_4)
FNDA:0,(anonymous_5)
DA:1,4
DA:9,4
DA:15,4
DA:16,0
DA:17,4
DA:20,0
DA:21,4
DA:24,0
DA:25,4
DA:28,0
DA:30,4
DA:31,14
DA:32,0
DA:34,0
LF:14
LH:8
BRDA:16,0,0,0
BRDA:16,0,1,0
BRDA:20,1,0,0
BRDA:20,1,1,0
BRDA:24,2,0,0
BRDA:24,2,1,0
BRDA:28,3,0,0
BRDA:28,3,1,0
BRDA:31,4,0,14
BRDA:31,4,1,0
BRDA:31,5,0,14
BRDA:31,5,1,0
BRDA:34,6,0,0
BRDA:34,6,1,0
BRDA:34,6,2,0
BRF:15
BRH:2
end_of_record
